Log file open, 04/07/15 21:06:18
LogInit:Display: Running engine for game: Mayhem3d
LogInit: Version: 4.7.2-2467323+++depot+UE4-Releases+4.7
LogInit: API Version: 2455222
LogInit: Compiled (64-bit): Mar  2 2015 23:16:34
LogInit: Compiled with Visual C++: 18.00.21005.01
LogInit: Build Configuration: Development
LogInit: Branch Name: ++depot+UE4-Releases+4.7
LogInit: Command line:  
LogInit: Base directory: C:/Program Files/Epic Games/4.7/Engine/Binaries/Win64/
LogInit: Rocket: 1
[2015.04.07-09.06.18:108][  0]LogTaskGraph: Started task graph with 3 named threads and 6 total threads.
[2015.04.07-09.06.18:163][  0]LogOnline:Warning: No default platform service specified for OnlineSubsystem
[2015.04.07-09.06.18:193][  0]LogInit: Presizing for 0 objects not considered by GC, pre-allocating 0 bytes.
[2015.04.07-09.06.18:201][  0]LogInit: Object subsystem initialized
[2015.04.07-09.06.18:203][  0]LogInit: Selected Device Profile: [Windows]
[2015.04.07-09.06.18:203][  0]LogInit: Applying CVar settings loaded from the selected device profile: [Windows]
[2015.04.07-09.06.18:214][  0]LogInit: Computer: AORUS_X3
[2015.04.07-09.06.18:214][  0]LogInit: User: Mike
[2015.04.07-09.06.18:214][  0]LogInit: CPU Page size=4096, Cores=4
[2015.04.07-09.06.18:214][  0]LogInit: High frequency timer resolution =2.338348 MHz
[2015.04.07-09.06.18:214][  0]LogMemory: Memory total: Physical=15.9GB (16GB approx) Virtual=131072.0GB
[2015.04.07-09.06.18:214][  0]LogMemory: Platform Memory Stats for Windows
[2015.04.07-09.06.18:214][  0]LogMemory: Process Physical Memory: 45.49 MB used, 45.49 MB peak
[2015.04.07-09.06.18:214][  0]LogMemory: Process Virtual Memory: 22.33 MB used, 22.34 MB peak
[2015.04.07-09.06.18:214][  0]LogMemory: Physical Memory: 5950.49 MB used, 16301.10 MB total
[2015.04.07-09.06.18:214][  0]LogMemory: Virtual Memory: 292.67 MB used, 134217728.00 MB total
[2015.04.07-09.06.18:619][  0]LogD3D11RHI: Found D3D11 adapter 0: NVIDIA GeForce GTX 870M (Feature Level 11_0)
[2015.04.07-09.06.18:619][  0]LogD3D11RHI: Adapter has 6033MB of dedicated video memory, 0MB of dedicated system memory, and 8150MB of shared system memory, 2 output[s]
[2015.04.07-09.06.18:624][  0]LogD3D11RHI: Found D3D11 adapter 1: Intel(R) Iris(TM) Pro Graphics 5200 (Feature Level 11_0)
[2015.04.07-09.06.18:624][  0]LogD3D11RHI: Adapter has 0MB of dedicated video memory, 0MB of dedicated system memory, and 1792MB of shared system memory, 0 output[s]
[2015.04.07-09.06.18:625][  0]LogD3D11RHI: Found D3D11 adapter 2: Microsoft Basic Render Driver (Feature Level 11_0)
[2015.04.07-09.06.18:625][  0]LogD3D11RHI: Adapter has 0MB of dedicated video memory, 0MB of dedicated system memory, and 256MB of shared system memory, 0 output[s]
[2015.04.07-09.06.18:625][  0]LogD3D11RHI: Chosen D3D11 Adapter Id = 0
[2015.04.07-09.06.18:630][  0]LogRHI: Texture pool is 1361 MB (70% of 1945 MB)
[2015.04.07-09.06.18:637][  0]LogD3D11RHI: Async texture creation enabled
[2015.04.07-09.06.18:823][  0]LogTextLocalizationManager: The requested culture ('en_US') has no localization data; parent culture's ('en') localization data will be used.
[2015.04.07-09.06.18:950][  0]LogContentStreaming: Texture pool size is 0.000000MB
[2015.04.07-09.06.21:402][  0]LogTargetPlatformManager:Display: Building Assets For Windows
[2015.04.07-09.06.22:019][  0]LogTargetPlatformManager:Display: Building Assets For Windows
[2015.04.07-09.06.22:095][  0]LogDerivedDataCache:Display: Max Cache Size: 512 MB
[2015.04.07-09.06.22:134][  0]LogDerivedDataCache: Loaded boot cache 0.04s 39MB C:/Users/Mike/AppData/Local/UnrealEngine/4.7/DerivedDataCache/Boot.ddc.
[2015.04.07-09.06.22:134][  0]LogDerivedDataCache:Display: Loaded Boot cache: C:/Users/Mike/AppData/Local/UnrealEngine/4.7/DerivedDataCache/Boot.ddc
[2015.04.07-09.06.22:134][  0]LogDerivedDataCache: FDerivedDataBackendGraph:  Pak pak cache file ../../../../../../Users/Mike/Desktop/prototype 3/Mayhem3d/DerivedDataCache/DDC.ddp not found, will not use a pak cache.
[2015.04.07-09.06.22:134][  0]LogDerivedDataCache: Unable to find inner node Pak for hierarchical cache Hierarchy.
[2015.04.07-09.06.22:243][  0]LogDerivedDataCache:Display: Pak cache opened for reading ../../../Engine/DerivedDataCache/Compressed.ddp.
[2015.04.07-09.06.22:256][  0]LogDerivedDataCache: Using Local data cache path C:/Users/Mike/AppData/Local/UnrealEngine/Common/DerivedDataCache: Writable
[2015.04.07-09.06.24:049][  0]LogMeshUtilities: No automatic mesh reduction module available
[2015.04.07-09.06.24:049][  0]LogMeshUtilities: No automatic mesh merging module available
[2015.04.07-09.06.24:522][  0]LogInit: WinSock: version 1.1 (2.2), MaxSocks=32767, MaxUdp=65467
[2015.04.07-09.06.24:599][  0]LogSlate:Warning: Failed to load font data from '../../../Engine/Content/Slate/Fonts/Roboto-Italic.ttf'
[2015.04.07-09.06.25:680][  0]UdpMessaging: Initializing bridge on interface 0.0.0.0:0 to multicast group 230.0.0.1:6666.
[2015.04.07-09.06.25:865][  0]SourceControl: Info Source control is disabled
[2015.04.07-09.06.25:865][  0]SourceControl: Info Source control is disabled
[2015.04.07-09.06.25:865][  0]SourceControl: Info Source control is disabled
[2015.04.07-09.06.25:865][  0]LogSourceControl: RunCommandInternalRaw: 'git version'
[2015.04.07-09.06.25:865][  0]LogSourceControl: RunCommandInternalRaw: ExecProcess ReturnCode=2 OutResults=''
[2015.04.07-09.06.25:873][  0]SourceControl: Info Source control is disabled
[2015.04.07-09.06.26:051][  0]LogObj: 24231 objects as part of root set at end of initial load.
[2015.04.07-09.06.26:051][  0]LogUObjectAllocator: 5136440 out of 0 bytes used by permanent object pool.
[2015.04.07-09.06.26:130][  0]LogEngine: Initializing Engine...
[2015.04.07-09.06.29:412][  0]LogInit: XAudio2 using 'SAMSUNG (Intel(R) Display Audio)' : 2 channels at 48 kHz using 16 bits per sample (channel mask 0x3)
[2015.04.07-09.06.29:518][  0]LogInit: FAudioDevice initialized.
[2015.04.07-09.06.29:550][  0]LogAIModule: Creating AISystem for world NewWorld
[2015.04.07-09.06.29:571][  0]LogDerivedDataCache: Saved boot cache 0.02s 39MB C:/Users/Mike/AppData/Local/UnrealEngine/4.7/DerivedDataCache/Boot.ddc.
[2015.04.07-09.06.29:575][  0]LogInit: Texture streaming: Enabled
[2015.04.07-09.06.29:685][  0]LogAnalytics: Creating configured Analytics provider AnalyticsET
[2015.04.07-09.06.29:685][  0]LogAnalytics: ET APIKey = Rocket.Release. APIServer = http://et2.epicgames.com/ET2/. AppVersion = 4.7.2-2467323+++depot+UE4-Releases+4.7
[2015.04.07-09.06.29:685][  0]LogAnalytics: ET APIKey = Rocket.Release. DataRouterUploadURL = https://datarouter-public-service-gamedev.ol.epicgames.net/datarouter/api/v1/public/data. AppVersion = 4.7.2-2467323+++depot+UE4-Releases+4.7
[2015.04.07-09.06.29:685][  0]LogAnalytics: SetUserId 7973641242ab8daaa1a16697fdb176f2|ccb0c50c0d0e47deab22ca04ebced0f2|16dc805b-9417-485d-b6cb-59eb3a26e502
[2015.04.07-09.06.29:686][  0]LogAnalytics: AnalyticsET::StartSession [Rocket.Release]
[2015.04.07-09.06.29:722][  0]LogInit: Transaction tracking system initialized
[2015.04.07-09.06.29:870][  0]BlueprintLog: New page: Editor Load
[2015.04.07-09.06.29:903][  0]LogAssetRegistry: FAssetRegistry took 0.0109 seconds to start up
[2015.04.07-09.06.29:903][  0]LogDirectoryWatcher:Warning: Failed to begin reading directory changes for ../../../Engine/Plugins/Experimental/CharacterAI/Content/. Error: 0
[2015.04.07-09.06.30:430][  0]LogTargetPlatformManager:Display: Building Assets For Windows
[2015.04.07-09.06.30:799][  0]LogTargetPlatformManager:Display: Building Assets For Windows
[2015.04.07-09.06.31:031][  0]LogSlate:Warning: Failed to load font data from '../../../Engine/Content/Editor/Slate/Fonts/Roboto-Regular.ttf'
[2015.04.07-09.06.31:031][  0]LogSlate:Warning: Failed to load font data from '../../../Engine/Content/Editor/Slate/Fonts/Roboto-Bold.ttf'
[2015.04.07-09.06.31:039][  0]LogConsoleResponse:Display: 
[2015.04.07-09.06.31:268][  0]LogCook:Display: Done creating registry. It took  0.00s.
[2015.04.07-09.06.31:397][  0]SourceControl: Info Source control is disabled
[2015.04.07-09.06.31:397][  0]Cmd: MAP LOAD FILE="../../../../../../Users/Mike/Desktop/prototype 3/Mayhem3d/Content/Maps/MiniTDmatch_2.umap" TEMPLATE=0 SHOWPROGRESS=1 FEATURELEVEL=3
[2015.04.07-09.06.31:399][  0]LightingResults: New page: Lighting Build
[2015.04.07-09.06.31:410][  0]MapCheck: New page: Map Check
[2015.04.07-09.06.31:410][  0]LightingResults: New page: Lighting Build
[2015.04.07-09.06.31:417][  0]LogParticles: Destroying 0 GPU particle simulations for FXSystem 0x000000BE96426980
[2015.04.07-09.06.31:418][  0]LogLinker:Warning: Asset '../../../../../../Users/Mike/Desktop/prototype 3/Mayhem3d/Content/Maps/MiniTDmatch_2.umap' has been saved with empty engine version. The asset will be loaded but may be incompatible.
[2015.04.07-09.06.31:602][  0]LogLinker:Warning: Asset '../../../../../../Users/Mike/Desktop/prototype 3/Mayhem3d/Content/ThirdPersonBP/Blueprints/ThirdPersonCharacter.uasset' has been saved with empty engine version. The asset will be loaded but may be incompatible.
[2015.04.07-09.06.31:836][  0]LogLinker:Warning: Asset '../../../../../../Users/Mike/Desktop/prototype 3/Mayhem3d/Content/ThirdPersonBP/Blueprints/AbilityController.uasset' has been saved with empty engine version. The asset will be loaded but may be incompatible.
[2015.04.07-09.06.32:462][  0]LogLinker:Warning: Asset '../../../../../../Users/Mike/Desktop/prototype 3/Mayhem3d/Content/ThirdPersonBP/Blueprints/DamageTypes/ArcaneDamage.uasset' has been saved with empty engine version. The asset will be loaded but may be incompatible.
[2015.04.07-09.06.32:464][  0]LogLinker:Warning: Asset '../../../../../../Users/Mike/Desktop/prototype 3/Mayhem3d/Content/ThirdPersonBP/Blueprints/Projectiles/AOEHealBall.uasset' has been saved with empty engine version. The asset will be loaded but may be incompatible.
[2015.04.07-09.06.32:477][  0]LogLinker:Warning: Asset '../../../../../../Users/Mike/Desktop/prototype 3/Mayhem3d/Content/ThirdPersonBP/Textures/Health/Health_100.uasset' has been saved with empty engine version. The asset will be loaded but may be incompatible.
[2015.04.07-09.06.32:661][  0]LogLinker:Warning: Asset '../../../../../../Users/Mike/Desktop/prototype 3/Mayhem3d/Content/Character/Materials/Red/Brawler_Red.uasset' has been saved with empty engine version. The asset will be loaded but may be incompatible.
[2015.04.07-09.06.32:668][  0]LogLinker:Warning: Asset '../../../../../../Users/Mike/Desktop/prototype 3/Mayhem3d/Content/ThirdPersonBP/Materials/MegaOrbMatterial.uasset' has been saved with empty engine version. The asset will be loaded but may be incompatible.
[2015.04.07-09.06.32:681][  0]LogLinker:Warning: Asset '../../../../../../Users/Mike/Desktop/prototype 3/Mayhem3d/Content/ThirdPersonBP/Blueprints/Projectiles/HealerOrb.uasset' has been saved with empty engine version. The asset will be loaded but may be incompatible.
[2015.04.07-09.06.32:697][  0]LogLinker:Warning: Asset '../../../../../../Users/Mike/Desktop/prototype 3/Mayhem3d/Content/ThirdPersonBP/Blueprints/Projectiles/MageOrb.uasset' has been saved with empty engine version. The asset will be loaded but may be incompatible.
[2015.04.07-09.06.32:704][  0]LogLinker:Warning: Asset '../../../../../../Users/Mike/Desktop/prototype 3/Mayhem3d/Content/ThirdPersonBP/Materials/MageOrbMaterial.uasset' has been saved with empty engine version. The asset will be loaded but may be incompatible.
[2015.04.07-09.06.32:722][  0]LogLinker:Warning: Asset '../../../../../../Users/Mike/Desktop/prototype 3/Mayhem3d/Content/ThirdPersonBP/Blueprints/Projectiles/SlowBall.uasset' has been saved with empty engine version. The asset will be loaded but may be incompatible.
[2015.04.07-09.06.32:729][  0]LogLinker:Warning: Asset '../../../../../../Users/Mike/Desktop/prototype 3/Mayhem3d/Content/ThirdPersonBP/Materials/SlowBallMaterial.uasset' has been saved with empty engine version. The asset will be loaded but may be incompatible.
[2015.04.07-09.06.32:736][  0]LogLinker:Warning: Asset '../../../../../../Users/Mike/Desktop/prototype 3/Mayhem3d/Content/ThirdPersonBP/Blueprints/ThirdPersonGameMode.uasset' has been saved with empty engine version. The asset will be loaded but may be incompatible.
[2015.04.07-09.06.32:742][  0]LogLinker:Warning: Asset '../../../../../../Users/Mike/Desktop/prototype 3/Mayhem3d/Content/Blueprints/GameHUD.uasset' has been saved with empty engine version. The asset will be loaded but may be incompatible.
[2015.04.07-09.06.32:785][  0]LogLinker:Warning: Asset '../../../../../../Users/Mike/Desktop/prototype 3/Mayhem3d/Content/ThirdPersonBP/Blueprints/Scores.uasset' has been saved with empty engine version. The asset will be loaded but may be incompatible.
[2015.04.07-09.06.33:339][  0]LogLinker:Warning: Asset '../../../../../../Users/Mike/Desktop/prototype 3/Mayhem3d/Content/Character/Materials/Blue/Brawler_Blue.uasset' has been saved with empty engine version. The asset will be loaded but may be incompatible.
[2015.04.07-09.06.33:366][  0]LogLinker:Warning: Asset '../../../../../../Users/Mike/Desktop/prototype 3/Mayhem3d/Content/ThirdPersonBP/Materials/PlayerMat_Inst.uasset' has been saved with empty engine version. The asset will be loaded but may be incompatible.
[2015.04.07-09.06.33:368][  0]LogLinker:Warning: Asset '../../../../../../Users/Mike/Desktop/prototype 3/Mayhem3d/Content/ThirdPersonBP/Materials/PlayerMaterial.uasset' has been saved with empty engine version. The asset will be loaded but may be incompatible.
[2015.04.07-09.06.33:371][  0]LogLinker:Warning: Asset '../../../../../../Users/Mike/Desktop/prototype 3/Mayhem3d/Content/ThirdPersonBP/Textures/Health/Health_10.uasset' has been saved with empty engine version. The asset will be loaded but may be incompatible.
[2015.04.07-09.06.33:373][  0]LogLinker:Warning: Asset '../../../../../../Users/Mike/Desktop/prototype 3/Mayhem3d/Content/ThirdPersonBP/Textures/Health/Health_15.uasset' has been saved with empty engine version. The asset will be loaded but may be incompatible.
[2015.04.07-09.06.33:375][  0]LogLinker:Warning: Asset '../../../../../../Users/Mike/Desktop/prototype 3/Mayhem3d/Content/ThirdPersonBP/Textures/Health/Health_20.uasset' has been saved with empty engine version. The asset will be loaded but may be incompatible.
[2015.04.07-09.06.33:378][  0]LogLinker:Warning: Asset '../../../../../../Users/Mike/Desktop/prototype 3/Mayhem3d/Content/ThirdPersonBP/Textures/Health/Health_25.uasset' has been saved with empty engine version. The asset will be loaded but may be incompatible.
[2015.04.07-09.06.33:380][  0]LogLinker:Warning: Asset '../../../../../../Users/Mike/Desktop/prototype 3/Mayhem3d/Content/ThirdPersonBP/Textures/Health/Health_30.uasset' has been saved with empty engine version. The asset will be loaded but may be incompatible.
[2015.04.07-09.06.33:386][  0]LogLinker:Warning: Asset '../../../../../../Users/Mike/Desktop/prototype 3/Mayhem3d/Content/ThirdPersonBP/Textures/Health/Health_35.uasset' has been saved with empty engine version. The asset will be loaded but may be incompatible.
[2015.04.07-09.06.33:390][  0]LogLinker:Warning: Asset '../../../../../../Users/Mike/Desktop/prototype 3/Mayhem3d/Content/ThirdPersonBP/Textures/Health/Health_40.uasset' has been saved with empty engine version. The asset will be loaded but may be incompatible.
[2015.04.07-09.06.33:392][  0]LogLinker:Warning: Asset '../../../../../../Users/Mike/Desktop/prototype 3/Mayhem3d/Content/ThirdPersonBP/Textures/Health/Health_45.uasset' has been saved with empty engine version. The asset will be loaded but may be incompatible.
[2015.04.07-09.06.33:394][  0]LogLinker:Warning: Asset '../../../../../../Users/Mike/Desktop/prototype 3/Mayhem3d/Content/ThirdPersonBP/Textures/Health/Health_5.uasset' has been saved with empty engine version. The asset will be loaded but may be incompatible.
[2015.04.07-09.06.33:396][  0]LogLinker:Warning: Asset '../../../../../../Users/Mike/Desktop/prototype 3/Mayhem3d/Content/ThirdPersonBP/Textures/Health/Health_50.uasset' has been saved with empty engine version. The asset will be loaded but may be incompatible.
[2015.04.07-09.06.33:398][  0]LogLinker:Warning: Asset '../../../../../../Users/Mike/Desktop/prototype 3/Mayhem3d/Content/ThirdPersonBP/Textures/Health/Health_55.uasset' has been saved with empty engine version. The asset will be loaded but may be incompatible.
[2015.04.07-09.06.33:399][  0]LogLinker:Warning: Asset '../../../../../../Users/Mike/Desktop/prototype 3/Mayhem3d/Content/ThirdPersonBP/Textures/Health/Health_60.uasset' has been saved with empty engine version. The asset will be loaded but may be incompatible.
[2015.04.07-09.06.33:401][  0]LogLinker:Warning: Asset '../../../../../../Users/Mike/Desktop/prototype 3/Mayhem3d/Content/ThirdPersonBP/Textures/Health/Health_65.uasset' has been saved with empty engine version. The asset will be loaded but may be incompatible.
[2015.04.07-09.06.33:403][  0]LogLinker:Warning: Asset '../../../../../../Users/Mike/Desktop/prototype 3/Mayhem3d/Content/ThirdPersonBP/Textures/Health/Health_70.uasset' has been saved with empty engine version. The asset will be loaded but may be incompatible.
[2015.04.07-09.06.33:405][  0]LogLinker:Warning: Asset '../../../../../../Users/Mike/Desktop/prototype 3/Mayhem3d/Content/ThirdPersonBP/Textures/Health/Health_75.uasset' has been saved with empty engine version. The asset will be loaded but may be incompatible.
[2015.04.07-09.06.33:408][  0]LogLinker:Warning: Asset '../../../../../../Users/Mike/Desktop/prototype 3/Mayhem3d/Content/ThirdPersonBP/Textures/Health/Health_80.uasset' has been saved with empty engine version. The asset will be loaded but may be incompatible.
[2015.04.07-09.06.33:410][  0]LogLinker:Warning: Asset '../../../../../../Users/Mike/Desktop/prototype 3/Mayhem3d/Content/ThirdPersonBP/Textures/Health/Health_85.uasset' has been saved with empty engine version. The asset will be loaded but may be incompatible.
[2015.04.07-09.06.33:412][  0]LogLinker:Warning: Asset '../../../../../../Users/Mike/Desktop/prototype 3/Mayhem3d/Content/ThirdPersonBP/Textures/Health/Health_90.uasset' has been saved with empty engine version. The asset will be loaded but may be incompatible.
[2015.04.07-09.06.33:414][  0]LogLinker:Warning: Asset '../../../../../../Users/Mike/Desktop/prototype 3/Mayhem3d/Content/ThirdPersonBP/Textures/Health/Health_95.uasset' has been saved with empty engine version. The asset will be loaded but may be incompatible.
[2015.04.07-09.06.35:342][  0]LogLinker:Warning: Asset '../../../../../../Users/Mike/Desktop/prototype 3/Mayhem3d/Content/Textures/ConcreteDirty0323_1_OCC.uasset' has been saved with empty engine version. The asset will be loaded but may be incompatible.
[2015.04.07-09.06.35:379][  0]LogLinker:Warning: Asset '../../../../../../Users/Mike/Desktop/prototype 3/Mayhem3d/Content/Textures/FloorsHexagonal0028_1_N.uasset' has been saved with empty engine version. The asset will be loaded but may be incompatible.
[2015.04.07-09.06.35:423][  0]LogLinker:Warning: Asset '../../../../../../Users/Mike/Desktop/prototype 3/Mayhem3d/Content/StarterContent/Materials/M_Skybox_A_Inst.uasset' has been saved with empty engine version. The asset will be loaded but may be incompatible.
[2015.04.07-09.06.35:617][  0]LogLinker:Warning: Asset '../../../../../../Users/Mike/Desktop/prototype 3/Mayhem3d/Content/ThirdPersonBP/Blueprints/PlayerInterface.uasset' has been saved with empty engine version. The asset will be loaded but may be incompatible.
[2015.04.07-09.06.35:630][  0]LogLinker:Warning: Asset '../../../../../../Users/Mike/Desktop/prototype 3/Mayhem3d/Content/ThirdPersonBP/Textures/charge.uasset' has been saved with empty engine version. The asset will be loaded but may be incompatible.
[2015.04.07-09.06.35:632][  0]LogLinker:Warning: Asset '../../../../../../Users/Mike/Desktop/prototype 3/Mayhem3d/Content/ThirdPersonBP/Textures/fire_button.uasset' has been saved with empty engine version. The asset will be loaded but may be incompatible.
[2015.04.07-09.06.35:634][  0]LogLinker:Warning: Asset '../../../../../../Users/Mike/Desktop/prototype 3/Mayhem3d/Content/ThirdPersonBP/Textures/invisbility.uasset' has been saved with empty engine version. The asset will be loaded but may be incompatible.
[2015.04.07-09.06.35:637][  0]LogLinker:Warning: Asset '../../../../../../Users/Mike/Desktop/prototype 3/Mayhem3d/Content/ThirdPersonBP/Textures/lightning.uasset' has been saved with empty engine version. The asset will be loaded but may be incompatible.
[2015.04.07-09.06.35:640][  0]LogLinker:Warning: Asset '../../../../../../Users/Mike/Desktop/prototype 3/Mayhem3d/Content/ThirdPersonBP/Textures/Orb.uasset' has been saved with empty engine version. The asset will be loaded but may be incompatible.
[2015.04.07-09.06.35:642][  0]LogLinker:Warning: Asset '../../../../../../Users/Mike/Desktop/prototype 3/Mayhem3d/Content/ThirdPersonBP/Textures/plus_crosshair.uasset' has been saved with empty engine version. The asset will be loaded but may be incompatible.
[2015.04.07-09.06.35:644][  0]LogLinker:Warning: Asset '../../../../../../Users/Mike/Desktop/prototype 3/Mayhem3d/Content/ThirdPersonBP/Textures/psychic_button.uasset' has been saved with empty engine version. The asset will be loaded but may be incompatible.
[2015.04.07-09.06.35:646][  0]LogLinker:Warning: Asset '../../../../../../Users/Mike/Desktop/prototype 3/Mayhem3d/Content/ThirdPersonBP/Textures/UI_health_mana.uasset' has been saved with empty engine version. The asset will be loaded but may be incompatible.
[2015.04.07-09.06.35:649][  0]LogLinker:Warning: Asset '../../../../../../Users/Mike/Desktop/prototype 3/Mayhem3d/Content/ThirdPersonBP/Textures/UI_health_mana_depleted.uasset' has been saved with empty engine version. The asset will be loaded but may be incompatible.
[2015.04.07-09.06.36:311][  0]LogBlueprint:Warning: [compiler] Warning Node  Unknown  is not referencing a valid level actor
[2015.04.07-09.06.36:315][  0]LogBlueprint:Warning: [compiler] Warning [0020.45] Compile of MiniTDmatch_2 successful, but with 1 Warning(s) [in 55 ms]
[2015.04.07-09.06.36:316][  0]LogBlueprint:Warning: [compiler] Warning [0020.45] Compile of MiniTDmatch_2 successful, but with 2 Warning(s) [in 0 ms]
[2015.04.07-09.06.36:316][  0]LogBlueprint:Warning: [compiler] Warning [0020.45] Compile of MiniTDmatch_2 successful, but with 3 Warning(s) [in 0 ms]
[2015.04.07-09.06.36:316][  0]LogBlueprint:Warning: [compiler] Warning [0020.45] Compile of MiniTDmatch_2 successful, but with 4 Warning(s) [in 0 ms]
[2015.04.07-09.06.36:388][  0]LogBlueprint:Warning: [compiler] Warning Node  Unknown  is not referencing a valid level actor
[2015.04.07-09.06.36:393][  0]LogBlueprint:Warning: [compiler] Warning [0020.53] Compile of MiniTDmatch_2 successful, but with 1 Warning(s) [in 57 ms]
[2015.04.07-09.06.36:393][  0]LogBlueprint:Warning: [compiler] Warning [0020.53] Compile of MiniTDmatch_2 successful, but with 2 Warning(s) [in 0 ms]
[2015.04.07-09.06.37:340][  0]LogPhysics:Warning: PHYSX: ..\..\PhysXExtensions\src\ExtRigidBodyExt.cpp (234) 4 : computeMassAndInertia: Dynamic actor with illegal collision shapes
[2015.04.07-09.06.37:340][  0]LogPhysics:Warning: PHYSX: ..\..\PhysXExtensions\src\ExtRigidBodyExt.cpp (283) 4 : PxRigidBodyExt::updateMassAndInertia: Mass and inertia computation failed, setting mass to 1 and inertia to (1,1,1)
[2015.04.07-09.06.37:372][  0]LogPhysics:Warning: PHYSX: ..\..\PhysXExtensions\src\ExtRigidBodyExt.cpp (234) 4 : computeMassAndInertia: Dynamic actor with illegal collision shapes
[2015.04.07-09.06.37:372][  0]LogPhysics:Warning: PHYSX: ..\..\PhysXExtensions\src\ExtRigidBodyExt.cpp (283) 4 : PxRigidBodyExt::updateMassAndInertia: Mass and inertia computation failed, setting mass to 1 and inertia to (1,1,1)
[2015.04.07-09.06.37:401][  0]LogEditorServer: Finished looking for orphan Actors (0.000 secs)
[2015.04.07-09.06.37:402][  0]LogAIModule: Creating AISystem for world MiniTDmatch_2
[2015.04.07-09.06.37:402][  0]Cmd: MAP CHECKDEP
[2015.04.07-09.06.37:402][  0]MapCheck: New page: MiniTDmatch_2 - Apr 8, 2015, 9:06:37 AM
[2015.04.07-09.06.37:522][  0]MapCheck: Info Map check complete: 0 Error(s), 0 Warning(s), took 120.195ms to complete.
[2015.04.07-09.06.37:522][  0]LogFileHelpers: Loading map 'MiniTDmatch_2' took 6.126
[2015.04.07-09.06.37:661][  0]LogCollectionManager: Loaded 0 collections in 0.001523 seconds
[2015.04.07-09.06.37:670][  0]LogContentBrowser: Native class hierarchy populated in 0.0084 seconds. Added 1696 classes and 261 folders.
[2015.04.07-09.06.37:701][  0]LogContentBrowser: Native class hierarchy updated for 'SceneOutliner' in 0.0019 seconds. Added 1 classes and 2 folders.
[2015.04.07-09.06.37:729][  0]LogCrashTracker: Crashtracker disabled due to settings.
[2015.04.07-09.06.37:730][  0]LogSlate:Warning: Failed to load font data from 'Veranda'
[2015.04.07-09.06.37:733][  0]LogUObjectGlobals:Warning: Failed to find object 'Class None.'
[2015.04.07-09.06.37:758][  0]LogLoad: Full Startup: 21.90 seconds (BP compile: 2.06 seconds)
[2015.04.07-09.06.38:184][  0]LogContentBrowser:Verbose: The content browser source was changed by the sources view to '/Game/ThirdPersonBP'
[2015.04.07-09.06.38:368][  0]LogRenderer:Warning: Reallocating scene render targets to support 1008x464 (Frame:2).
[2015.04.07-09.06.40:017][  5]LogAssetRegistry: Asset discovery search completed in 10.1256 seconds
[2015.04.07-09.12.15:411][448]LogContentBrowser:Verbose: The content browser source was changed by the sources view to '/Game/Maps'
[2015.04.07-09.12.21:439][793]LogLinker:Warning: Asset '../../../../../../Users/Mike/Desktop/prototype 3/Mayhem3d/Content/Maps/MainMenu.umap' has been saved with empty engine version. The asset will be loaded but may be incompatible.
[2015.04.07-09.12.21:949][793]Cmd: MAP LOAD FILE="../../../../../../Users/Mike/Desktop/prototype 3/Mayhem3d/Content/Maps/MainMenu.umap" TEMPLATE=0 SHOWPROGRESS=1 FEATURELEVEL=3
[2015.04.07-09.12.21:950][793]LightingResults: New page: Lighting Build
[2015.04.07-09.12.21:971][793]LoadErrors: New page: Loading map: MainMenu.umap
[2015.04.07-09.12.21:972][793]MapCheck: New page: Map Check
[2015.04.07-09.12.21:973][793]LightingResults: New page: Lighting Build
[2015.04.07-09.12.21:985][793]LogParticles: Destroying 0 GPU particle simulations for FXSystem 0x000000BE90F563E0
[2015.04.07-09.12.21:993][793]LogEditorServer: Finished looking for orphan Actors (0.000 secs)
[2015.04.07-09.12.21:993][793]LogAIModule: Creating AISystem for world MainMenu
[2015.04.07-09.12.22:016][793]Cmd: MAP CHECKDEP
[2015.04.07-09.12.22:017][793]MapCheck: New page: MainMenu - Apr 8, 2015, 9:12:22 AM
[2015.04.07-09.12.22:129][793]MapCheck: Info Map check complete: 0 Error(s), 0 Warning(s), took 112.324ms to complete.
[2015.04.07-09.12.22:130][793]LogFileHelpers: Loading map 'MainMenu' took 0.182
[2015.04.07-09.12.23:265][859]BlueprintLog: New page: Pre-PIE auto-recompile
[2015.04.07-09.12.23:265][859]LogPlayLevel: [PIE] Compiling MainMenu before PIE...
[2015.04.07-09.12.23:321][859]LogPlayLevel: PIE:  Blueprint regeneration took 55 ms (1 blueprints)
[2015.04.07-09.12.23:321][859]PIE: New page: PIE session: MainMenu (Apr 8, 2015, 9:12:23 AM)
[2015.04.07-09.12.23:324][859]LogPlayLevel: PIE: StaticDuplicateObject took: (0.002742s)
[2015.04.07-09.12.23:325][859]LogPlayLevel: PIE: World Init took: (0.000441s)
[2015.04.07-09.12.23:325][859]LogPlayLevel: PIE: Created PIE world by copying editor world from /Game/Maps/MainMenu.MainMenu to /Game/Maps/UEDPIE_0_MainMenu.MainMenu (0.003301s)
[2015.04.07-09.12.23:378][859]LogWorld: Game class is 'GameMode'
[2015.04.07-09.12.23:380][859]LogAIModule: Creating AISystem for world MainMenu
[2015.04.07-09.12.23:381][859]LogWorld: Bringing World /Game/Maps/UEDPIE_0_MainMenu.MainMenu up for play (max tick rate 60) at 2015.04.07-21.12.23
[2015.04.07-09.12.23:381][859]LogWorld: Bringing up level for play took: 0.000847
[2015.04.07-09.12.23:385][859]PIE: Info Play in editor start time for /Game/Maps/UEDPIE_0_MainMenu -0.746
[2015.04.07-09.12.25:436][975]LogPackageName: SearchForPackageOnDisk took   0.064s to resolve MiniTDmatch_2.umap
[2015.04.07-09.12.25:497][975]LogPackageName: SearchForPackageOnDisk took   0.060s to resolve MiniTDmatch_2.umap
[2015.04.07-09.12.25:497][975]LogNet: Browse: /Game/Maps/MiniTDmatch_2?listen
[2015.04.07-09.12.25:497][975]LogLoad: LoadMap: /Game/Maps/MiniTDmatch_2?listen
[2015.04.07-09.12.25:517][975]LogParticles: Destroying 0 GPU particle simulations for FXSystem 0x000000BE9A6637E0
[2015.04.07-09.12.25:517][975]Cmd: MEM
[2015.04.07-09.12.25:531][975]LogMemory: Platform Memory Stats for Windows
[2015.04.07-09.12.25:531][975]LogMemory: Process Physical Memory: 548.46 MB used, 596.84 MB peak
[2015.04.07-09.12.25:531][975]LogMemory: Process Virtual Memory: 456.50 MB used, 513.99 MB peak
[2015.04.07-09.12.25:531][975]LogMemory: Physical Memory: 6445.55 MB used, 16301.10 MB total
[2015.04.07-09.12.25:531][975]LogMemory: Virtual Memory: 995.48 MB used, 134217728.00 MB total
[2015.04.07-09.12.25:531][975]LogMemory: 
[2015.04.07-09.12.25:531][975]Allocator Stats for TBB: (not implemented)
[2015.04.07-09.12.25:532][975]LogLinker:Warning: Asset '../../../../../../Users/Mike/Desktop/prototype 3/Mayhem3d/Content/Maps/MiniTDmatch_2.umap' has been saved with empty engine version. The asset will be loaded but may be incompatible.
[2015.04.07-09.12.25:755][975]LogBlueprint:Warning: [compiler] Warning Node  Unknown  is not referencing a valid level actor
[2015.04.07-09.12.25:759][975]LogBlueprint:Warning: [compiler] Warning [0369.90] Compile of MiniTDmatch_2 successful, but with 1 Warning(s) [in 53 ms]
[2015.04.07-09.12.25:759][975]LogBlueprint:Warning: [compiler] Warning [0369.90] Compile of MiniTDmatch_2 successful, but with 2 Warning(s) [in 0 ms]
[2015.04.07-09.12.25:759][975]LogBlueprint:Warning: [compiler] Warning [0369.90] Compile of MiniTDmatch_2 successful, but with 3 Warning(s) [in 0 ms]
[2015.04.07-09.12.25:759][975]LogBlueprint:Warning: [compiler] Warning [0369.90] Compile of MiniTDmatch_2 successful, but with 4 Warning(s) [in 0 ms]
[2015.04.07-09.12.25:828][975]LogBlueprint:Warning: [compiler] Warning Node  Unknown  is not referencing a valid level actor
[2015.04.07-09.12.25:832][975]LogBlueprint:Warning: [compiler] Warning [0369.97] Compile of MiniTDmatch_2 successful, but with 1 Warning(s) [in 52 ms]
[2015.04.07-09.12.25:832][975]LogBlueprint:Warning: [compiler] Warning [0369.97] Compile of MiniTDmatch_2 successful, but with 2 Warning(s) [in 0 ms]
[2015.04.07-09.12.26:877][975]LogLinker:Warning: Asset '../../../../../../Users/Mike/Desktop/prototype 3/Mayhem3d/Content/ThirdPersonBP/Blueprints/ThirdPersonGameMode.uasset' has been saved with empty engine version. The asset will be loaded but may be incompatible.
[2015.04.07-09.12.26:888][975]LogLinker:Warning: Asset '../../../../../../Users/Mike/Desktop/prototype 3/Mayhem3d/Content/Blueprints/GameHUD.uasset' has been saved with empty engine version. The asset will be loaded but may be incompatible.
[2015.04.07-09.12.26:890][975]LogLinker:Warning: Asset '../../../../../../Users/Mike/Desktop/prototype 3/Mayhem3d/Content/ThirdPersonBP/Blueprints/ThirdPersonCharacter.uasset' has been saved with empty engine version. The asset will be loaded but may be incompatible.
[2015.04.07-09.12.26:922][975]LogLinker:Warning: Asset '../../../../../../Users/Mike/Desktop/prototype 3/Mayhem3d/Content/ThirdPersonBP/Blueprints/AbilityController.uasset' has been saved with empty engine version. The asset will be loaded but may be incompatible.
[2015.04.07-09.12.26:936][975]LogLinker:Warning: Asset '../../../../../../Users/Mike/Desktop/prototype 3/Mayhem3d/Content/ThirdPersonBP/Blueprints/DamageTypes/ArcaneDamage.uasset' has been saved with empty engine version. The asset will be loaded but may be incompatible.
[2015.04.07-09.12.26:937][975]LogLinker:Warning: Asset '../../../../../../Users/Mike/Desktop/prototype 3/Mayhem3d/Content/ThirdPersonBP/Blueprints/Projectiles/AOEHealBall.uasset' has been saved with empty engine version. The asset will be loaded but may be incompatible.
[2015.04.07-09.12.26:951][975]LogLinker:Warning: Asset '../../../../../../Users/Mike/Desktop/prototype 3/Mayhem3d/Content/ThirdPersonBP/Blueprints/Projectiles/HealerOrb.uasset' has been saved with empty engine version. The asset will be loaded but may be incompatible.
[2015.04.07-09.12.26:958][975]LogLinker:Warning: Asset '../../../../../../Users/Mike/Desktop/prototype 3/Mayhem3d/Content/ThirdPersonBP/Blueprints/Projectiles/MageOrb.uasset' has been saved with empty engine version. The asset will be loaded but may be incompatible.
[2015.04.07-09.12.26:963][975]LogLinker:Warning: Asset '../../../../../../Users/Mike/Desktop/prototype 3/Mayhem3d/Content/ThirdPersonBP/Materials/MageOrbMaterial.uasset' has been saved with empty engine version. The asset will be loaded but may be incompatible.
[2015.04.07-09.12.26:969][975]LogLinker:Warning: Asset '../../../../../../Users/Mike/Desktop/prototype 3/Mayhem3d/Content/ThirdPersonBP/Materials/MegaOrbMatterial.uasset' has been saved with empty engine version. The asset will be loaded but may be incompatible.
[2015.04.07-09.12.26:971][975]LogLinker:Warning: Asset '../../../../../../Users/Mike/Desktop/prototype 3/Mayhem3d/Content/ThirdPersonBP/Blueprints/Projectiles/SlowBall.uasset' has been saved with empty engine version. The asset will be loaded but may be incompatible.
[2015.04.07-09.12.26:976][975]LogLinker:Warning: Asset '../../../../../../Users/Mike/Desktop/prototype 3/Mayhem3d/Content/ThirdPersonBP/Materials/SlowBallMaterial.uasset' has been saved with empty engine version. The asset will be loaded but may be incompatible.
[2015.04.07-09.12.26:989][975]LogLinker:Warning: Asset '../../../../../../Users/Mike/Desktop/prototype 3/Mayhem3d/Content/Character/Materials/Blue/Brawler_Blue.uasset' has been saved with empty engine version. The asset will be loaded but may be incompatible.
[2015.04.07-09.12.26:998][975]LogLinker:Warning: Asset '../../../../../../Users/Mike/Desktop/prototype 3/Mayhem3d/Content/Character/Materials/Red/Brawler_Red.uasset' has been saved with empty engine version. The asset will be loaded but may be incompatible.
[2015.04.07-09.12.27:007][975]LogLinker:Warning: Asset '../../../../../../Users/Mike/Desktop/prototype 3/Mayhem3d/Content/ThirdPersonBP/Materials/PlayerMat_Inst.uasset' has been saved with empty engine version. The asset will be loaded but may be incompatible.
[2015.04.07-09.12.27:007][975]LogLinker:Warning: Asset '../../../../../../Users/Mike/Desktop/prototype 3/Mayhem3d/Content/ThirdPersonBP/Materials/PlayerMaterial.uasset' has been saved with empty engine version. The asset will be loaded but may be incompatible.
[2015.04.07-09.12.27:015][975]LogLinker:Warning: Asset '../../../../../../Users/Mike/Desktop/prototype 3/Mayhem3d/Content/ThirdPersonBP/Blueprints/Scores.uasset' has been saved with empty engine version. The asset will be loaded but may be incompatible.
[2015.04.07-09.12.27:019][975]LogLinker:Warning: Asset '../../../../../../Users/Mike/Desktop/prototype 3/Mayhem3d/Content/ThirdPersonBP/Textures/Health/Health_10.uasset' has been saved with empty engine version. The asset will be loaded but may be incompatible.
[2015.04.07-09.12.27:020][975]LogLinker:Warning: Asset '../../../../../../Users/Mike/Desktop/prototype 3/Mayhem3d/Content/ThirdPersonBP/Textures/Health/Health_100.uasset' has been saved with empty engine version. The asset will be loaded but may be incompatible.
[2015.04.07-09.12.27:020][975]LogLinker:Warning: Asset '../../../../../../Users/Mike/Desktop/prototype 3/Mayhem3d/Content/ThirdPersonBP/Textures/Health/Health_15.uasset' has been saved with empty engine version. The asset will be loaded but may be incompatible.
[2015.04.07-09.12.27:021][975]LogLinker:Warning: Asset '../../../../../../Users/Mike/Desktop/prototype 3/Mayhem3d/Content/ThirdPersonBP/Textures/Health/Health_20.uasset' has been saved with empty engine version. The asset will be loaded but may be incompatible.
[2015.04.07-09.12.27:022][975]LogLinker:Warning: Asset '../../../../../../Users/Mike/Desktop/prototype 3/Mayhem3d/Content/ThirdPersonBP/Textures/Health/Health_25.uasset' has been saved with empty engine version. The asset will be loaded but may be incompatible.
[2015.04.07-09.12.27:022][975]LogLinker:Warning: Asset '../../../../../../Users/Mike/Desktop/prototype 3/Mayhem3d/Content/ThirdPersonBP/Textures/Health/Health_30.uasset' has been saved with empty engine version. The asset will be loaded but may be incompatible.
[2015.04.07-09.12.27:023][975]LogLinker:Warning: Asset '../../../../../../Users/Mike/Desktop/prototype 3/Mayhem3d/Content/ThirdPersonBP/Textures/Health/Health_35.uasset' has been saved with empty engine version. The asset will be loaded but may be incompatible.
[2015.04.07-09.12.27:024][975]LogLinker:Warning: Asset '../../../../../../Users/Mike/Desktop/prototype 3/Mayhem3d/Content/ThirdPersonBP/Textures/Health/Health_40.uasset' has been saved with empty engine version. The asset will be loaded but may be incompatible.
[2015.04.07-09.12.27:024][975]LogLinker:Warning: Asset '../../../../../../Users/Mike/Desktop/prototype 3/Mayhem3d/Content/ThirdPersonBP/Textures/Health/Health_45.uasset' has been saved with empty engine version. The asset will be loaded but may be incompatible.
[2015.04.07-09.12.27:025][975]LogLinker:Warning: Asset '../../../../../../Users/Mike/Desktop/prototype 3/Mayhem3d/Content/ThirdPersonBP/Textures/Health/Health_5.uasset' has been saved with empty engine version. The asset will be loaded but may be incompatible.
[2015.04.07-09.12.27:026][975]LogLinker:Warning: Asset '../../../../../../Users/Mike/Desktop/prototype 3/Mayhem3d/Content/ThirdPersonBP/Textures/Health/Health_50.uasset' has been saved with empty engine version. The asset will be loaded but may be incompatible.
[2015.04.07-09.12.27:026][975]LogLinker:Warning: Asset '../../../../../../Users/Mike/Desktop/prototype 3/Mayhem3d/Content/ThirdPersonBP/Textures/Health/Health_55.uasset' has been saved with empty engine version. The asset will be loaded but may be incompatible.
[2015.04.07-09.12.27:027][975]LogLinker:Warning: Asset '../../../../../../Users/Mike/Desktop/prototype 3/Mayhem3d/Content/ThirdPersonBP/Textures/Health/Health_60.uasset' has been saved with empty engine version. The asset will be loaded but may be incompatible.
[2015.04.07-09.12.27:028][975]LogLinker:Warning: Asset '../../../../../../Users/Mike/Desktop/prototype 3/Mayhem3d/Content/ThirdPersonBP/Textures/Health/Health_65.uasset' has been saved with empty engine version. The asset will be loaded but may be incompatible.
[2015.04.07-09.12.27:029][975]LogLinker:Warning: Asset '../../../../../../Users/Mike/Desktop/prototype 3/Mayhem3d/Content/ThirdPersonBP/Textures/Health/Health_70.uasset' has been saved with empty engine version. The asset will be loaded but may be incompatible.
[2015.04.07-09.12.27:029][975]LogLinker:Warning: Asset '../../../../../../Users/Mike/Desktop/prototype 3/Mayhem3d/Content/ThirdPersonBP/Textures/Health/Health_75.uasset' has been saved with empty engine version. The asset will be loaded but may be incompatible.
[2015.04.07-09.12.27:030][975]LogLinker:Warning: Asset '../../../../../../Users/Mike/Desktop/prototype 3/Mayhem3d/Content/ThirdPersonBP/Textures/Health/Health_80.uasset' has been saved with empty engine version. The asset will be loaded but may be incompatible.
[2015.04.07-09.12.27:031][975]LogLinker:Warning: Asset '../../../../../../Users/Mike/Desktop/prototype 3/Mayhem3d/Content/ThirdPersonBP/Textures/Health/Health_85.uasset' has been saved with empty engine version. The asset will be loaded but may be incompatible.
[2015.04.07-09.12.27:031][975]LogLinker:Warning: Asset '../../../../../../Users/Mike/Desktop/prototype 3/Mayhem3d/Content/ThirdPersonBP/Textures/Health/Health_90.uasset' has been saved with empty engine version. The asset will be loaded but may be incompatible.
[2015.04.07-09.12.27:032][975]LogLinker:Warning: Asset '../../../../../../Users/Mike/Desktop/prototype 3/Mayhem3d/Content/ThirdPersonBP/Textures/Health/Health_95.uasset' has been saved with empty engine version. The asset will be loaded but may be incompatible.
[2015.04.07-09.12.27:044][975]LogWorld: Game class is 'ThirdPersonGameMode_C'
[2015.04.07-09.12.27:045][975]LogInit: WinSock: Socket queue 131072 / 131072
[2015.04.07-09.12.27:046][975]LogInit: WinSock: I am AORUS_X3 (192.168.137.79:0)
[2015.04.07-09.12.27:046][975]LogNet: GameNetDriver IpNetDriver_0 IpNetDriver listening on port 7777
[2015.04.07-09.12.27:048][975]LogAIModule: Creating AISystem for world MiniTDmatch_2
[2015.04.07-09.12.27:053][975]LogPhysics:Warning: PHYSX: ..\..\PhysXExtensions\src\ExtRigidBodyExt.cpp (234) 4 : computeMassAndInertia: Dynamic actor with illegal collision shapes
[2015.04.07-09.12.27:053][975]LogPhysics:Warning: PHYSX: ..\..\PhysXExtensions\src\ExtRigidBodyExt.cpp (283) 4 : PxRigidBodyExt::updateMassAndInertia: Mass and inertia computation failed, setting mass to 1 and inertia to (1,1,1)
[2015.04.07-09.12.27:068][975]LogPhysics:Warning: PHYSX: ..\..\PhysXExtensions\src\ExtRigidBodyExt.cpp (234) 4 : computeMassAndInertia: Dynamic actor with illegal collision shapes
[2015.04.07-09.12.27:068][975]LogPhysics:Warning: PHYSX: ..\..\PhysXExtensions\src\ExtRigidBodyExt.cpp (283) 4 : PxRigidBodyExt::updateMassAndInertia: Mass and inertia computation failed, setting mass to 1 and inertia to (1,1,1)
[2015.04.07-09.12.27:083][975]LogWorld: Bringing World /Game/Maps/UEDPIE_0_MiniTDmatch_2.MiniTDmatch_2 up for play (max tick rate 60) at 2015.04.07-21.12.27
[2015.04.07-09.12.27:084][975]LogWorld: Bringing up level for play took: 0.035714
[2015.04.07-09.14.37:502][788]LogExit: GameNetDriver None shut down
[2015.04.07-09.14.37:512][788]LogParticles: Destroying 0 GPU particle simulations for FXSystem 0x000000BE9A6AF6A0
[2015.04.07-09.14.42:304][923]LogEditorViewport: Clicking Background
[2015.04.07-09.14.45:146][ 87]LogContentBrowser:Verbose: The content browser source was changed by the sources view to '/Game/ThirdPersonBP'
[2015.04.07-09.15.08:009][446]LogContentBrowser:Verbose: The content browser source was changed by the sources view to '/Game/Maps'
[2015.04.07-09.15.39:459][189]LightingResults: New page: Lighting Build
[2015.04.07-09.15.39:459][189]MapCheck: New page: Map Check
[2015.04.07-09.15.39:459][189]LightingResults: New page: Lighting Build
[2015.04.07-09.15.39:471][189]LogParticles: Destroying 0 GPU particle simulations for FXSystem 0x000000BE9F71BF60
[2015.04.07-09.15.39:481][189]LogAIModule: Creating AISystem for world NewWorld
[2015.04.07-09.15.39:489][189]LoadErrors: New page: New Map
[2015.04.07-09.15.49:420][470]Cmd: OBJ SAVEPACKAGE PACKAGE="/Game/Maps/Lobby" FILE="../../../../../../Users/Mike/Desktop/prototype 3/Mayhem3d/Content/Maps/Lobby.umap" SILENT=true AUTOSAVING=false KEEPDIRTY=false
[2015.04.07-09.15.49:447][470]LogSavePackage: Save=6.422055ms
[2015.04.07-09.15.49:447][470]LogSavePackage: Moving '../../../../../../Users/Mike/Desktop/prototype 3/Mayhem3d/Saved/Lobby1962C3E343ACB1102778CB83906C72A7.tmp' to '../../../../../../Users/Mike/Desktop/prototype 3/Mayhem3d/Content/Maps/Lobby.umap'
[2015.04.07-09.15.49:474][470]LogFileHelpers: Saving map 'Lobby' took 0.291
[2015.04.07-09.15.51:451][589]LogEditorViewport: Clicking Background
[2015.04.07-09.15.53:336][697]LogLinker:Warning: Asset '../../../../../../Users/Mike/Desktop/prototype 3/Mayhem3d/Content/Maps/MainMenu.umap' has been saved with empty engine version. The asset will be loaded but may be incompatible.
[2015.04.07-09.15.53:416][697]Cmd: MAP LOAD FILE="../../../../../../Users/Mike/Desktop/prototype 3/Mayhem3d/Content/Maps/MainMenu.umap" TEMPLATE=0 SHOWPROGRESS=1 FEATURELEVEL=3
[2015.04.07-09.15.53:416][697]LightingResults: New page: Lighting Build
[2015.04.07-09.15.53:444][697]LoadErrors: New page: Loading map: MainMenu.umap
[2015.04.07-09.15.53:445][697]MapCheck: New page: Map Check
[2015.04.07-09.15.53:445][697]LightingResults: New page: Lighting Build
[2015.04.07-09.15.53:460][697]LogParticles: Destroying 0 GPU particle simulations for FXSystem 0x000000BE9D9596C0
[2015.04.07-09.15.53:461][697]LogEditorServer: Finished looking for orphan Actors (0.000 secs)
[2015.04.07-09.15.53:461][697]LogAIModule: Creating AISystem for world MainMenu
[2015.04.07-09.15.53:484][697]Cmd: MAP CHECKDEP
[2015.04.07-09.15.53:484][697]MapCheck: New page: MainMenu - Apr 8, 2015, 9:15:53 AM
[2015.04.07-09.15.53:598][697]MapCheck: Info Map check complete: 0 Error(s), 0 Warning(s), took 113.906ms to complete.
[2015.04.07-09.15.53:599][697]LogFileHelpers: Loading map 'MainMenu' took 0.185
[2015.04.07-09.15.54:911][768]Cmd: MAP LOAD FILE="../../../../../../Users/Mike/Desktop/prototype 3/Mayhem3d/Content/Maps/Lobby.umap" TEMPLATE=0 SHOWPROGRESS=1 FEATURELEVEL=3
[2015.04.07-09.15.54:911][768]LightingResults: New page: Lighting Build
[2015.04.07-09.15.54:932][768]LoadErrors: New page: Loading map: Lobby.umap
[2015.04.07-09.15.54:932][768]MapCheck: New page: Map Check
[2015.04.07-09.15.54:932][768]LightingResults: New page: Lighting Build
[2015.04.07-09.15.54:942][768]LogParticles: Destroying 0 GPU particle simulations for FXSystem 0x000000BE9A6ACC20
[2015.04.07-09.15.54:949][768]LogEditorServer: Finished looking for orphan Actors (0.000 secs)
[2015.04.07-09.15.54:949][768]LogAIModule: Creating AISystem for world Lobby
[2015.04.07-09.15.54:972][768]Cmd: MAP CHECKDEP
[2015.04.07-09.15.54:972][768]MapCheck: New page: Lobby - Apr 8, 2015, 9:15:54 AM
[2015.04.07-09.15.55:082][768]MapCheck: Info Map check complete: 0 Error(s), 0 Warning(s), took 110.769ms to complete.
[2015.04.07-09.15.55:082][768]LogFileHelpers: Loading map 'Lobby' took 0.173
[2015.04.07-09.15.56:220][831]LogLinker:Warning: Asset '../../../../../../Users/Mike/Desktop/prototype 3/Mayhem3d/Content/Maps/MainMenu.umap' has been saved with empty engine version. The asset will be loaded but may be incompatible.
[2015.04.07-09.15.56:278][831]Cmd: MAP LOAD FILE="../../../../../../Users/Mike/Desktop/prototype 3/Mayhem3d/Content/Maps/MainMenu.umap" TEMPLATE=0 SHOWPROGRESS=1 FEATURELEVEL=3
[2015.04.07-09.15.56:278][831]LightingResults: New page: Lighting Build
[2015.04.07-09.15.56:300][831]LoadErrors: New page: Loading map: MainMenu.umap
[2015.04.07-09.15.56:300][831]MapCheck: New page: Map Check
[2015.04.07-09.15.56:300][831]LightingResults: New page: Lighting Build
[2015.04.07-09.15.56:317][831]LogParticles: Destroying 0 GPU particle simulations for FXSystem 0x000000BE9F64D6C0
[2015.04.07-09.15.56:318][831]LogEditorServer: Finished looking for orphan Actors (0.000 secs)
[2015.04.07-09.15.56:318][831]LogAIModule: Creating AISystem for world MainMenu
[2015.04.07-09.15.56:341][831]Cmd: MAP CHECKDEP
[2015.04.07-09.15.56:341][831]MapCheck: New page: MainMenu - Apr 8, 2015, 9:15:56 AM
[2015.04.07-09.15.56:452][831]MapCheck: Info Map check complete: 0 Error(s), 0 Warning(s), took 111.436ms to complete.
[2015.04.07-09.15.56:452][831]LogFileHelpers: Loading map 'MainMenu' took 0.176
[2015.04.07-09.15.57:083][869]LogEditorViewport: Clicking on Actor (LMB): AmbientSound (614874_Kindred-Unknown_Cue)
[2015.04.07-09.15.59:430][999]Cmd: MAP LOAD FILE="../../../../../../Users/Mike/Desktop/prototype 3/Mayhem3d/Content/Maps/Lobby.umap" TEMPLATE=0 SHOWPROGRESS=1 FEATURELEVEL=3
[2015.04.07-09.15.59:430][999]LightingResults: New page: Lighting Build
[2015.04.07-09.15.59:451][999]LoadErrors: New page: Loading map: Lobby.umap
[2015.04.07-09.15.59:452][999]MapCheck: New page: Map Check
[2015.04.07-09.15.59:452][999]LightingResults: New page: Lighting Build
[2015.04.07-09.15.59:470][999]LogParticles: Destroying 0 GPU particle simulations for FXSystem 0x000000BE9F64F560
[2015.04.07-09.15.59:470][999]LogEditorServer: Finished looking for orphan Actors (0.000 secs)
[2015.04.07-09.15.59:470][999]LogAIModule: Creating AISystem for world Lobby
[2015.04.07-09.15.59:493][999]Cmd: MAP CHECKDEP
[2015.04.07-09.15.59:493][999]MapCheck: New page: Lobby - Apr 8, 2015, 9:15:59 AM
[2015.04.07-09.15.59:604][999]MapCheck: Info Map check complete: 0 Error(s), 0 Warning(s), took 111.314ms to complete.
[2015.04.07-09.15.59:604][999]LogFileHelpers: Loading map 'Lobby' took 0.176
[2015.04.07-09.16.00:131][ 31]LogContentBrowser:Verbose: The content browser source was changed by the sources view to '/Game/Audio'
[2015.04.07-09.17.20:623][256]LogContentBrowser:Verbose: The content browser source was changed by the sources view to '/Game/Menus'
[2015.04.07-09.17.26:098][583]LogContentBrowser:Verbose: The content browser source was changed by the sources view to '/Game/Menus/MenuAssets'
[2015.04.07-09.17.27:032][639]LogContentBrowser:Verbose: The content browser source was changed by the sources view to '/Game/Menus'
[2015.04.07-09.19.59:230][702]LogContentBrowser:Verbose: The content browser source was changed by the sources view to '/Game/Audio'
[2015.04.07-09.25.59:956][559]Cmd: OBJ SAVEPACKAGE PACKAGE="/Game/Maps/Lobby" FILE="../../../../../../Users/Mike/Desktop/prototype 3/Mayhem3d/Saved/Autosaves/Game/Maps/Lobby_Auto1.umap" SILENT=true AUTOSAVING=true KEEPDIRTY=false
[2015.04.07-09.25.59:974][559]LogSavePackage: Save=10.443698ms
[2015.04.07-09.25.59:974][559]LogSavePackage: Moving '../../../../../../Users/Mike/Desktop/prototype 3/Mayhem3d/Saved/Lobby_Auto14A0B09914A0C566AB074EC802A6EB094.tmp' to '../../../../../../Users/Mike/Desktop/prototype 3/Mayhem3d/Saved/Autosaves/Game/Maps/Lobby_Auto1.umap'
[2015.04.07-09.25.59:979][559]LogFileHelpers: Editor autosave (incl. sublevels) for '/Game/Maps/Lobby' took 0.138
[2015.04.07-09.25.59:979][559]LogFileHelpers: Editor autosave (incl. sublevels) for all levels took 0.138
[2015.04.07-11.07.16:551][793]LogD3D11RHI: Timed out while waiting for GPU to catch up. (500 ms)
[2015.04.07-11.18.23:287][764]LogD3D11RHI: Timed out while waiting for GPU to catch up. (500 ms)
[2015.04.07-12.07.25:669][654]LogFileHelpers: Editor autosave (incl. sublevels) for '/Game/Maps/Lobby' took 0.031
[2015.04.07-12.07.25:713][654]OBJ SavePackage: Generating thumbnails for [0] asset(s) in package [/Game/Menus/LobbyWidget] ([1] browsable assets)...
[2015.04.07-12.07.25:748][654]OBJ SavePackage: Finished generating thumbnails for package [/Game/Menus/LobbyWidget]
[2015.04.07-12.07.25:751][654]Cmd: OBJ SAVEPACKAGE PACKAGE="/Game/Menus/LobbyWidget" FILE="../../../../../../Users/Mike/Desktop/prototype 3/Mayhem3d/Saved/Autosaves/Game/Menus/LobbyWidget_Auto2.uasset" SILENT=false AUTOSAVING=true
[2015.04.07-12.07.25:880][654]LogSavePackage: Save=124.015327ms
[2015.04.07-12.07.25:881][654]LogSavePackage: Moving '../../../../../../Users/Mike/Desktop/prototype 3/Mayhem3d/Saved/LobbyWidget_Auto28A891E3F4DBFE1C7EB8DE5987BF2B32F.tmp' to '../../../../../../Users/Mike/Desktop/prototype 3/Mayhem3d/Saved/Autosaves/Game/Menus/LobbyWidget_Auto2.uasset'
[2015.04.07-12.07.25:886][654]LogFileHelpers: Auto-saving content packages took 0.217
[2015.04.07-12.10.37:502][769]LogUObjectGlobals:Warning: Failed to find object 'Object None.'
[2015.04.07-12.10.37:502][769]LogUObjectGlobals:Warning: Failed to find object 'Object None.'
[2015.04.07-12.10.37:502][769]LogUObjectGlobals:Warning: Failed to find object 'Object None.'
[2015.04.07-12.10.37:504][769]LogUObjectHash:Warning: Ambiguous search, could be CanvasPanel /Engine/Transient.World_3:LobbyWidget_C_32.WidgetTree_160.CanvasPanel_107 or CanvasPanel /Game/Menus/LobbyWidget.LobbyWidget_C:WidgetTree_159.CanvasPanel_107
[2015.04.07-12.10.37:504][769]LogUObjectHash:Warning: Ambiguous search, could be CanvasPanel /Engine/Transient.World_3:LobbyWidget_C_32.WidgetTree_160.CanvasPanel_107 or CanvasPanel /Game/Menus/LobbyWidget.SKEL_LobbyWidget_C:WidgetTree_158.CanvasPanel_107
[2015.04.07-12.10.37:504][769]LogUObjectHash:Warning: Ambiguous search, could be CanvasPanel /Engine/Transient.World_3:LobbyWidget_C_32.WidgetTree_160.CanvasPanel_107 or CanvasPanel /Engine/Transient.REINST_SKEL_LobbyWidget_C_58:WidgetTree_154.CanvasPanel_107
[2015.04.07-12.10.37:504][769]LogUObjectHash:Warning: Ambiguous search, could be CanvasPanel /Engine/Transient.World_3:LobbyWidget_C_32.WidgetTree_160.CanvasPanel_107 or CanvasPanel /Engine/Transient.World_3:LobbyWidget_C_31.WidgetTree_156.CanvasPanel_107
[2015.04.07-12.10.37:504][769]LogUObjectHash:Warning: Ambiguous search, could be CanvasPanel /Engine/Transient.World_3:LobbyWidget_C_32.WidgetTree_160.CanvasPanel_107 or CanvasPanel /Game/Menus/LobbyWidget.LobbyWidget_C:WidgetTree_155.CanvasPanel_107
[2015.04.07-12.10.37:504][769]LogUObjectHash:Warning: Ambiguous search, could be CanvasPanel /Engine/Transient.World_3:LobbyWidget_C_32.WidgetTree_160.CanvasPanel_107 or CanvasPanel /Game/Menus/LobbyWidget.SKEL_LobbyWidget_C:WidgetTree_154.CanvasPanel_107
[2015.04.07-12.10.37:504][769]LogUObjectHash:Warning: Ambiguous search, could be CanvasPanel /Engine/Transient.World_3:LobbyWidget_C_32.WidgetTree_160.CanvasPanel_107 or CanvasPanel /Engine/Transient.REINST_SKEL_LobbyWidget_C_56:WidgetTree_150.CanvasPanel_107
[2015.04.07-12.10.37:504][769]LogUObjectHash:Warning: Ambiguous search, could be CanvasPanel /Engine/Transient.World_3:LobbyWidget_C_32.WidgetTree_160.CanvasPanel_107 or CanvasPanel /Engine/Transient.World_3:LobbyWidget_C_30.WidgetTree_152.CanvasPanel_107
[2015.04.07-12.10.37:504][769]LogUObjectHash:Warning: Ambiguous search, could be CanvasPanel /Engine/Transient.World_3:LobbyWidget_C_32.WidgetTree_160.CanvasPanel_107 or CanvasPanel /Game/Menus/LobbyWidget.LobbyWidget_C:WidgetTree_151.CanvasPanel_107
[2015.04.07-12.10.37:504][769]LogUObjectHash:Warning: Ambiguous search, could be CanvasPanel /Engine/Transient.World_3:LobbyWidget_C_32.WidgetTree_160.CanvasPanel_107 or CanvasPanel /Engine/Transient.REINST_SKEL_LobbyWidget_C_54:WidgetTree_146.CanvasPanel_107
[2015.04.07-12.10.37:504][769]LogUObjectHash:Warning: Ambiguous search, could be CanvasPanel /Engine/Transient.World_3:LobbyWidget_C_32.WidgetTree_160.CanvasPanel_107 or CanvasPanel /Engine/Transient.World_3:LobbyWidget_C_29.WidgetTree_148.CanvasPanel_107
[2015.04.07-12.10.37:504][769]LogUObjectHash:Warning: Ambiguous search, could be CanvasPanel /Engine/Transient.World_3:LobbyWidget_C_32.WidgetTree_160.CanvasPanel_107 or CanvasPanel /Game/Menus/LobbyWidget.LobbyWidget_C:WidgetTree_147.CanvasPanel_107
[2015.04.07-12.10.37:504][769]LogUObjectHash:Warning: Ambiguous search, could be CanvasPanel /Engine/Transient.World_3:LobbyWidget_C_32.WidgetTree_160.CanvasPanel_107 or CanvasPanel /Engine/Transient.REINST_SKEL_LobbyWidget_C_52:WidgetTree_142.CanvasPanel_107
[2015.04.07-12.10.37:504][769]LogUObjectHash:Warning: Ambiguous search, could be CanvasPanel /Engine/Transient.World_3:LobbyWidget_C_32.WidgetTree_160.CanvasPanel_107 or CanvasPanel /Engine/Transient.World_3:LobbyWidget_C_28.WidgetTree_144.CanvasPanel_107
[2015.04.07-12.10.37:504][769]LogUObjectHash:Warning: Ambiguous search, could be CanvasPanel /Engine/Transient.World_3:LobbyWidget_C_32.WidgetTree_160.CanvasPanel_107 or CanvasPanel /Game/Menus/LobbyWidget.LobbyWidget_C:WidgetTree_143.CanvasPanel_107
[2015.04.07-12.10.37:504][769]LogUObjectHash:Warning: Ambiguous search, could be CanvasPanel /Engine/Transient.World_3:LobbyWidget_C_32.WidgetTree_160.CanvasPanel_107 or CanvasPanel /Engine/Transient.REINST_SKEL_LobbyWidget_C_50:WidgetTree_138.CanvasPanel_107
[2015.04.07-12.10.37:504][769]LogUObjectHash:Warning: Ambiguous search, could be CanvasPanel /Engine/Transient.World_3:LobbyWidget_C_32.WidgetTree_160.CanvasPanel_107 or CanvasPanel /Engine/Transient.World_3:LobbyWidget_C_27.WidgetTree_140.CanvasPanel_107
[2015.04.07-12.10.37:504][769]LogUObjectHash:Warning: Ambiguous search, could be CanvasPanel /Engine/Transient.World_3:LobbyWidget_C_32.WidgetTree_160.CanvasPanel_107 or CanvasPanel /Game/Menus/LobbyWidget.LobbyWidget_C:WidgetTree_139.CanvasPanel_107
[2015.04.07-12.10.37:504][769]LogUObjectHash:Warning: Ambiguous search, could be CanvasPanel /Engine/Transient.World_3:LobbyWidget_C_32.WidgetTree_160.CanvasPanel_107 or CanvasPanel /Engine/Transient.REINST_SKEL_LobbyWidget_C_48:WidgetTree_134.CanvasPanel_107
[2015.04.07-12.10.37:504][769]LogUObjectHash:Warning: Ambiguous search, could be CanvasPanel /Engine/Transient.World_3:LobbyWidget_C_32.WidgetTree_160.CanvasPanel_107 or CanvasPanel /Engine/Transient.World_3:LobbyWidget_C_26.WidgetTree_136.CanvasPanel_107
[2015.04.07-12.10.37:504][769]LogUObjectHash:Warning: Ambiguous search, could be CanvasPanel /Engine/Transient.World_3:LobbyWidget_C_32.WidgetTree_160.CanvasPanel_107 or CanvasPanel /Game/Menus/LobbyWidget.LobbyWidget_C:WidgetTree_135.CanvasPanel_107
[2015.04.07-12.10.37:504][769]LogUObjectHash:Warning: Ambiguous search, could be CanvasPanel /Engine/Transient.World_3:LobbyWidget_C_32.WidgetTree_160.CanvasPanel_107 or CanvasPanel /Engine/Transient.REINST_SKEL_LobbyWidget_C_46:WidgetTree_130.CanvasPanel_107
[2015.04.07-12.10.37:504][769]LogUObjectHash:Warning: Ambiguous search, could be CanvasPanel /Engine/Transient.World_3:LobbyWidget_C_32.WidgetTree_160.CanvasPanel_107 or CanvasPanel /Engine/Transient.World_3:LobbyWidget_C_25.WidgetTree_132.CanvasPanel_107
[2015.04.07-12.10.37:504][769]LogUObjectHash:Warning: Ambiguous search, could be CanvasPanel /Engine/Transient.World_3:LobbyWidget_C_32.WidgetTree_160.CanvasPanel_107 or CanvasPanel /Game/Menus/LobbyWidget.LobbyWidget_C:WidgetTree_131.CanvasPanel_107
[2015.04.07-12.10.37:504][769]LogUObjectHash:Warning: Ambiguous search, could be CanvasPanel /Engine/Transient.World_3:LobbyWidget_C_32.WidgetTree_160.CanvasPanel_107 or CanvasPanel /Engine/Transient.REINST_SKEL_LobbyWidget_C_44:WidgetTree_126.CanvasPanel_107
[2015.04.07-12.10.37:505][769]LogUObjectHash:Warning: Ambiguous search, could be CanvasPanel /Engine/Transient.World_3:LobbyWidget_C_32.WidgetTree_160.CanvasPanel_107 or CanvasPanel /Engine/Transient.World_3:LobbyWidget_C_24.WidgetTree_128.CanvasPanel_107
[2015.04.07-12.10.37:505][769]LogUObjectHash:Warning: Ambiguous search, could be CanvasPanel /Engine/Transient.World_3:LobbyWidget_C_32.WidgetTree_160.CanvasPanel_107 or CanvasPanel /Game/Menus/LobbyWidget.LobbyWidget_C:WidgetTree_127.CanvasPanel_107
[2015.04.07-12.10.37:505][769]LogUObjectHash:Warning: Ambiguous search, could be CanvasPanel /Engine/Transient.World_3:LobbyWidget_C_32.WidgetTree_160.CanvasPanel_107 or CanvasPanel /Engine/Transient.REINST_SKEL_LobbyWidget_C_42:WidgetTree_122.CanvasPanel_107
[2015.04.07-12.10.37:505][769]LogUObjectHash:Warning: Ambiguous search, could be CanvasPanel /Engine/Transient.World_3:LobbyWidget_C_32.WidgetTree_160.CanvasPanel_107 or CanvasPanel /Engine/Transient.World_3:LobbyWidget_C_23.WidgetTree_124.CanvasPanel_107
[2015.04.07-12.10.37:505][769]LogUObjectHash:Warning: Ambiguous search, could be CanvasPanel /Engine/Transient.World_3:LobbyWidget_C_32.WidgetTree_160.CanvasPanel_107 or CanvasPanel /Game/Menus/LobbyWidget.LobbyWidget_C:WidgetTree_123.CanvasPanel_107
[2015.04.07-12.10.37:505][769]LogUObjectHash:Warning: Ambiguous search, could be CanvasPanel /Engine/Transient.World_3:LobbyWidget_C_32.WidgetTree_160.CanvasPanel_107 or CanvasPanel /Engine/Transient.REINST_SKEL_LobbyWidget_C_40:WidgetTree_118.CanvasPanel_107
[2015.04.07-12.10.37:505][769]LogUObjectHash:Warning: Ambiguous search, could be CanvasPanel /Engine/Transient.World_3:LobbyWidget_C_32.WidgetTree_160.CanvasPanel_107 or CanvasPanel /Engine/Transient.World_3:LobbyWidget_C_22.WidgetTree_120.CanvasPanel_107
[2015.04.07-12.10.37:505][769]LogUObjectHash:Warning: Ambiguous search, could be CanvasPanel /Engine/Transient.World_3:LobbyWidget_C_32.WidgetTree_160.CanvasPanel_107 or CanvasPanel /Game/Menus/LobbyWidget.LobbyWidget_C:WidgetTree_119.CanvasPanel_107
[2015.04.07-12.10.37:505][769]LogUObjectHash:Warning: Ambiguous search, could be CanvasPanel /Engine/Transient.World_3:LobbyWidget_C_32.WidgetTree_160.CanvasPanel_107 or CanvasPanel /Engine/Transient.REINST_SKEL_LobbyWidget_C_38:WidgetTree_114.CanvasPanel_107
[2015.04.07-12.10.37:505][769]LogUObjectHash:Warning: Ambiguous search, could be CanvasPanel /Engine/Transient.World_3:LobbyWidget_C_32.WidgetTree_160.CanvasPanel_107 or CanvasPanel /Engine/Transient.World_3:LobbyWidget_C_21.WidgetTree_116.CanvasPanel_107
[2015.04.07-12.10.37:505][769]LogUObjectHash:Warning: Ambiguous search, could be CanvasPanel /Engine/Transient.World_3:LobbyWidget_C_32.WidgetTree_160.CanvasPanel_107 or CanvasPanel /Game/Menus/LobbyWidget.LobbyWidget_C:WidgetTree_115.CanvasPanel_107
[2015.04.07-12.10.37:505][769]LogUObjectHash:Warning: Ambiguous search, could be CanvasPanel /Engine/Transient.World_3:LobbyWidget_C_32.WidgetTree_160.CanvasPanel_107 or CanvasPanel /Engine/Transient.REINST_SKEL_LobbyWidget_C_36:WidgetTree_110.CanvasPanel_107
[2015.04.07-12.10.37:505][769]LogUObjectHash:Warning: Ambiguous search, could be CanvasPanel /Engine/Transient.World_3:LobbyWidget_C_32.WidgetTree_160.CanvasPanel_107 or CanvasPanel /Engine/Transient.World_3:LobbyWidget_C_20.WidgetTree_112.CanvasPanel_107
[2015.04.07-12.10.37:505][769]LogUObjectHash:Warning: Ambiguous search, could be CanvasPanel /Engine/Transient.World_3:LobbyWidget_C_32.WidgetTree_160.CanvasPanel_107 or CanvasPanel /Game/Menus/LobbyWidget.LobbyWidget_C:WidgetTree_111.CanvasPanel_107
[2015.04.07-12.10.37:505][769]LogUObjectHash:Warning: Ambiguous search, could be CanvasPanel /Engine/Transient.World_3:LobbyWidget_C_32.WidgetTree_160.CanvasPanel_107 or CanvasPanel /Engine/Transient.REINST_SKEL_LobbyWidget_C_34:WidgetTree_106.CanvasPanel_107
[2015.04.07-12.10.37:505][769]LogUObjectHash:Warning: Ambiguous search, could be CanvasPanel /Engine/Transient.World_3:LobbyWidget_C_32.WidgetTree_160.CanvasPanel_107 or CanvasPanel /Engine/Transient.World_3:LobbyWidget_C_19.WidgetTree_108.CanvasPanel_107
[2015.04.07-12.10.37:505][769]LogUObjectHash:Warning: Ambiguous search, could be CanvasPanel /Engine/Transient.World_3:LobbyWidget_C_32.WidgetTree_160.CanvasPanel_107 or CanvasPanel /Game/Menus/LobbyWidget.LobbyWidget_C:WidgetTree_107.CanvasPanel_107
[2015.04.07-12.10.37:505][769]LogUObjectHash:Warning: Ambiguous search, could be CanvasPanel /Engine/Transient.World_3:LobbyWidget_C_32.WidgetTree_160.CanvasPanel_107 or CanvasPanel /Engine/Transient.REINST_SKEL_LobbyWidget_C_32:WidgetTree_102.CanvasPanel_107
[2015.04.07-12.10.37:505][769]LogUObjectHash:Warning: Ambiguous search, could be CanvasPanel /Engine/Transient.World_3:LobbyWidget_C_32.WidgetTree_160.CanvasPanel_107 or CanvasPanel /Engine/Transient.World_3:LobbyWidget_C_18.WidgetTree_104.CanvasPanel_107
[2015.04.07-12.10.37:505][769]LogUObjectHash:Warning: Ambiguous search, could be CanvasPanel /Engine/Transient.World_3:LobbyWidget_C_32.WidgetTree_160.CanvasPanel_107 or CanvasPanel /Game/Menus/LobbyWidget.LobbyWidget_C:WidgetTree_103.CanvasPanel_107
[2015.04.07-12.10.37:505][769]LogUObjectHash:Warning: Ambiguous search, could be CanvasPanel /Engine/Transient.World_3:LobbyWidget_C_32.WidgetTree_160.CanvasPanel_107 or CanvasPanel /Engine/Transient.REINST_SKEL_LobbyWidget_C_31:WidgetTree_98.CanvasPanel_107
[2015.04.07-12.10.37:505][769]LogUObjectHash:Warning: Ambiguous search, could be CanvasPanel /Engine/Transient.World_3:LobbyWidget_C_32.WidgetTree_160.CanvasPanel_107 or CanvasPanel /Engine/Transient.World_3:LobbyWidget_C_17.WidgetTree_100.CanvasPanel_107
[2015.04.07-12.10.37:505][769]LogUObjectHash:Warning: Ambiguous search, could be CanvasPanel /Engine/Transient.World_3:LobbyWidget_C_32.WidgetTree_160.CanvasPanel_107 or CanvasPanel /Game/Menus/LobbyWidget.LobbyWidget_C:WidgetTree_99.CanvasPanel_107
[2015.04.07-12.10.37:505][769]LogUObjectHash:Warning: Ambiguous search, could be CanvasPanel /Engine/Transient.World_3:LobbyWidget_C_32.WidgetTree_160.CanvasPanel_107 or CanvasPanel /Engine/Transient.REINST_SKEL_LobbyWidget_C_30:WidgetTree_94.CanvasPanel_107
[2015.04.07-12.10.37:505][769]LogUObjectHash:Warning: Ambiguous search, could be CanvasPanel /Engine/Transient.World_3:LobbyWidget_C_32.WidgetTree_160.CanvasPanel_107 or CanvasPanel /Engine/Transient.World_3:LobbyWidget_C_16.WidgetTree_96.CanvasPanel_107
[2015.04.07-12.10.37:505][769]LogUObjectHash:Warning: Ambiguous search, could be CanvasPanel /Engine/Transient.World_3:LobbyWidget_C_32.WidgetTree_160.CanvasPanel_107 or CanvasPanel /Game/Menus/LobbyWidget.LobbyWidget_C:WidgetTree_95.CanvasPanel_107
[2015.04.07-12.10.37:505][769]LogUObjectHash:Warning: Ambiguous search, could be CanvasPanel /Engine/Transient.World_3:LobbyWidget_C_32.WidgetTree_160.CanvasPanel_107 or CanvasPanel /Engine/Transient.REINST_SKEL_LobbyWidget_C_29:WidgetTree_90.CanvasPanel_107
[2015.04.07-12.10.37:505][769]LogUObjectHash:Warning: Ambiguous search, could be CanvasPanel /Engine/Transient.World_3:LobbyWidget_C_32.WidgetTree_160.CanvasPanel_107 or CanvasPanel /Engine/Transient.World_3:LobbyWidget_C_15.WidgetTree_92.CanvasPanel_107
[2015.04.07-12.10.37:505][769]LogUObjectHash:Warning: Ambiguous search, could be CanvasPanel /Engine/Transient.World_3:LobbyWidget_C_32.WidgetTree_160.CanvasPanel_107 or CanvasPanel /Game/Menus/LobbyWidget.LobbyWidget_C:WidgetTree_91.CanvasPanel_107
[2015.04.07-12.10.37:505][769]LogUObjectHash:Warning: Ambiguous search, could be CanvasPanel /Engine/Transient.World_3:LobbyWidget_C_32.WidgetTree_160.CanvasPanel_107 or CanvasPanel /Engine/Transient.REINST_SKEL_LobbyWidget_C_28:WidgetTree_86.CanvasPanel_107
[2015.04.07-12.10.37:505][769]LogUObjectHash:Warning: Ambiguous search, could be CanvasPanel /Engine/Transient.World_3:LobbyWidget_C_32.WidgetTree_160.CanvasPanel_107 or CanvasPanel /Engine/Transient.World_3:LobbyWidget_C_14.WidgetTree_88.CanvasPanel_107
[2015.04.07-12.10.37:505][769]LogUObjectHash:Warning: Ambiguous search, could be CanvasPanel /Engine/Transient.World_3:LobbyWidget_C_32.WidgetTree_160.CanvasPanel_107 or CanvasPanel /Game/Menus/LobbyWidget.LobbyWidget_C:WidgetTree_87.CanvasPanel_107
[2015.04.07-12.10.37:505][769]LogUObjectHash:Warning: Ambiguous search, could be CanvasPanel /Engine/Transient.World_3:LobbyWidget_C_32.WidgetTree_160.CanvasPanel_107 or CanvasPanel /Engine/Transient.REINST_SKEL_LobbyWidget_C_27:WidgetTree_82.CanvasPanel_107
[2015.04.07-12.10.37:505][769]LogUObjectHash:Warning: Ambiguous search, could be CanvasPanel /Engine/Transient.World_3:LobbyWidget_C_32.WidgetTree_160.CanvasPanel_107 or CanvasPanel /Engine/Transient.World_3:LobbyWidget_C_13.WidgetTree_84.CanvasPanel_107
[2015.04.07-12.10.37:505][769]LogUObjectHash:Warning: Ambiguous search, could be CanvasPanel /Engine/Transient.World_3:LobbyWidget_C_32.WidgetTree_160.CanvasPanel_107 or CanvasPanel /Game/Menus/LobbyWidget.LobbyWidget_C:WidgetTree_83.CanvasPanel_107
[2015.04.07-12.10.37:505][769]LogUObjectHash:Warning: Ambiguous search, could be CanvasPanel /Engine/Transient.World_3:LobbyWidget_C_32.WidgetTree_160.CanvasPanel_107 or CanvasPanel /Engine/Transient.REINST_SKEL_LobbyWidget_C_26:WidgetTree_78.CanvasPanel_107
[2015.04.07-12.10.37:505][769]LogUObjectHash:Warning: Ambiguous search, could be CanvasPanel /Engine/Transient.World_3:LobbyWidget_C_32.WidgetTree_160.CanvasPanel_107 or CanvasPanel /Engine/Transient.World_3:LobbyWidget_C_12.WidgetTree_80.CanvasPanel_107
[2015.04.07-12.10.37:505][769]LogUObjectHash:Warning: Ambiguous search, could be CanvasPanel /Engine/Transient.World_3:LobbyWidget_C_32.WidgetTree_160.CanvasPanel_107 or CanvasPanel /Game/Menus/LobbyWidget.LobbyWidget_C:WidgetTree_79.CanvasPanel_107
[2015.04.07-12.10.37:505][769]LogUObjectHash:Warning: Ambiguous search, could be CanvasPanel /Engine/Transient.World_3:LobbyWidget_C_32.WidgetTree_160.CanvasPanel_107 or CanvasPanel /Engine/Transient.REINST_SKEL_LobbyWidget_C_25:WidgetTree_74.CanvasPanel_107
[2015.04.07-12.10.37:505][769]LogUObjectHash:Warning: Ambiguous search, could be CanvasPanel /Engine/Transient.World_3:LobbyWidget_C_32.WidgetTree_160.CanvasPanel_107 or CanvasPanel /Engine/Transient.World_3:LobbyWidget_C_11.WidgetTree_76.CanvasPanel_107
[2015.04.07-12.10.37:505][769]LogUObjectHash:Warning: Ambiguous search, could be CanvasPanel /Engine/Transient.World_3:LobbyWidget_C_32.WidgetTree_160.CanvasPanel_107 or CanvasPanel /Game/Menus/LobbyWidget.LobbyWidget_C:WidgetTree_75.CanvasPanel_107
[2015.04.07-12.10.37:505][769]LogUObjectHash:Warning: Ambiguous search, could be CanvasPanel /Engine/Transient.World_3:LobbyWidget_C_32.WidgetTree_160.CanvasPanel_107 or CanvasPanel /Engine/Transient.REINST_SKEL_LobbyWidget_C_24:WidgetTree_70.CanvasPanel_107
[2015.04.07-12.10.37:505][769]LogUObjectHash:Warning: Ambiguous search, could be CanvasPanel /Engine/Transient.World_3:LobbyWidget_C_32.WidgetTree_160.CanvasPanel_107 or CanvasPanel /Engine/Transient.World_3:LobbyWidget_C_10.WidgetTree_72.CanvasPanel_107
[2015.04.07-12.10.37:505][769]LogUObjectHash:Warning: Ambiguous search, could be CanvasPanel /Engine/Transient.World_3:LobbyWidget_C_32.WidgetTree_160.CanvasPanel_107 or CanvasPanel /Game/Menus/LobbyWidget.LobbyWidget_C:WidgetTree_71.CanvasPanel_107
[2015.04.07-12.10.37:505][769]LogUObjectHash:Warning: Ambiguous search, could be CanvasPanel /Engine/Transient.World_3:LobbyWidget_C_32.WidgetTree_160.CanvasPanel_107 or CanvasPanel /Engine/Transient.REINST_SKEL_LobbyWidget_C_23:WidgetTree_66.CanvasPanel_107
[2015.04.07-12.10.37:505][769]LogUObjectHash:Warning: Ambiguous search, could be CanvasPanel /Engine/Transient.World_3:LobbyWidget_C_32.WidgetTree_160.CanvasPanel_107 or CanvasPanel /Engine/Transient.World_3:LobbyWidget_C_9.WidgetTree_68.CanvasPanel_107
[2015.04.07-12.10.37:505][769]LogUObjectHash:Warning: Ambiguous search, could be CanvasPanel /Engine/Transient.World_3:LobbyWidget_C_32.WidgetTree_160.CanvasPanel_107 or CanvasPanel /Game/Menus/LobbyWidget.LobbyWidget_C:WidgetTree_67.CanvasPanel_107
[2015.04.07-12.10.37:505][769]LogUObjectHash:Warning: Ambiguous search, could be CanvasPanel /Engine/Transient.World_3:LobbyWidget_C_32.WidgetTree_160.CanvasPanel_107 or CanvasPanel /Engine/Transient.REINST_SKEL_LobbyWidget_C_22:WidgetTree_62.CanvasPanel_107
[2015.04.07-12.10.37:505][769]LogUObjectHash:Warning: Ambiguous search, could be CanvasPanel /Engine/Transient.World_3:LobbyWidget_C_32.WidgetTree_160.CanvasPanel_107 or CanvasPanel /Engine/Transient.World_3:LobbyWidget_C_8.WidgetTree_64.CanvasPanel_107
[2015.04.07-12.10.37:505][769]LogUObjectHash:Warning: Ambiguous search, could be CanvasPanel /Engine/Transient.World_3:LobbyWidget_C_32.WidgetTree_160.CanvasPanel_107 or CanvasPanel /Game/Menus/LobbyWidget.LobbyWidget_C:WidgetTree_63.CanvasPanel_107
[2015.04.07-12.10.37:505][769]LogUObjectHash:Warning: Ambiguous search, could be CanvasPanel /Engine/Transient.World_3:LobbyWidget_C_32.WidgetTree_160.CanvasPanel_107 or CanvasPanel /Engine/Transient.REINST_SKEL_LobbyWidget_C_21:WidgetTree_58.CanvasPanel_107
[2015.04.07-12.10.37:505][769]LogUObjectHash:Warning: Ambiguous search, could be CanvasPanel /Engine/Transient.World_3:LobbyWidget_C_32.WidgetTree_160.CanvasPanel_107 or CanvasPanel /Engine/Transient.World_3:LobbyWidget_C_7.WidgetTree_60.CanvasPanel_107
[2015.04.07-12.10.37:505][769]LogUObjectHash:Warning: Ambiguous search, could be CanvasPanel /Engine/Transient.World_3:LobbyWidget_C_32.WidgetTree_160.CanvasPanel_107 or CanvasPanel /Game/Menus/LobbyWidget.LobbyWidget_C:WidgetTree_59.CanvasPanel_107
[2015.04.07-12.10.37:505][769]LogUObjectHash:Warning: Ambiguous search, could be CanvasPanel /Engine/Transient.World_3:LobbyWidget_C_32.WidgetTree_160.CanvasPanel_107 or CanvasPanel /Engine/Transient.REINST_SKEL_LobbyWidget_C_20:WidgetTree_54.CanvasPanel_107
[2015.04.07-12.10.37:505][769]LogUObjectHash:Warning: Ambiguous search, could be CanvasPanel /Engine/Transient.World_3:LobbyWidget_C_32.WidgetTree_160.CanvasPanel_107 or CanvasPanel /Engine/Transient.World_3:LobbyWidget_C_6.WidgetTree_56.CanvasPanel_107
[2015.04.07-12.10.37:505][769]LogUObjectHash:Warning: Ambiguous search, could be CanvasPanel /Engine/Transient.World_3:LobbyWidget_C_32.WidgetTree_160.CanvasPanel_107 or CanvasPanel /Game/Menus/LobbyWidget.LobbyWidget_C:WidgetTree_55.CanvasPanel_107
[2015.04.07-12.10.37:505][769]LogUObjectHash:Warning: Ambiguous search, could be CanvasPanel /Engine/Transient.World_3:LobbyWidget_C_32.WidgetTree_160.CanvasPanel_107 or CanvasPanel /Engine/Transient.REINST_SKEL_LobbyWidget_C_19:WidgetTree_50.CanvasPanel_107
[2015.04.07-12.10.37:505][769]LogUObjectHash:Warning: Ambiguous search, could be CanvasPanel /Engine/Transient.World_3:LobbyWidget_C_32.WidgetTree_160.CanvasPanel_107 or CanvasPanel /Engine/Transient.World_3:LobbyWidget_C_5.WidgetTree_52.CanvasPanel_107
[2015.04.07-12.10.37:505][769]LogUObjectHash:Warning: Ambiguous search, could be CanvasPanel /Engine/Transient.World_3:LobbyWidget_C_32.WidgetTree_160.CanvasPanel_107 or CanvasPanel /Game/Menus/LobbyWidget.LobbyWidget_C:WidgetTree_51.CanvasPanel_107
[2015.04.07-12.10.37:505][769]LogUObjectHash:Warning: Ambiguous search, could be CanvasPanel /Engine/Transient.World_3:LobbyWidget_C_32.WidgetTree_160.CanvasPanel_107 or CanvasPanel /Engine/Transient.REINST_SKEL_LobbyWidget_C_18:WidgetTree_46.CanvasPanel_107
[2015.04.07-12.10.37:506][769]LogUObjectHash:Warning: Ambiguous search, could be CanvasPanel /Engine/Transient.World_3:LobbyWidget_C_32.WidgetTree_160.CanvasPanel_107 or CanvasPanel /Engine/Transient.World_3:LobbyWidget_C_4.WidgetTree_48.CanvasPanel_107
[2015.04.07-12.10.37:506][769]LogUObjectHash:Warning: Ambiguous search, could be CanvasPanel /Engine/Transient.World_3:LobbyWidget_C_32.WidgetTree_160.CanvasPanel_107 or CanvasPanel /Game/Menus/LobbyWidget.LobbyWidget_C:WidgetTree_47.CanvasPanel_107
[2015.04.07-12.10.37:506][769]LogUObjectHash:Warning: Ambiguous search, could be CanvasPanel /Engine/Transient.World_3:LobbyWidget_C_32.WidgetTree_160.CanvasPanel_107 or CanvasPanel /Engine/Transient.REINST_SKEL_LobbyWidget_C_17:WidgetTree_42.CanvasPanel_107
[2015.04.07-12.10.37:506][769]LogUObjectHash:Warning: Ambiguous search, could be CanvasPanel /Engine/Transient.World_3:LobbyWidget_C_32.WidgetTree_160.CanvasPanel_107 or CanvasPanel /Engine/Transient.World_3:LobbyWidget_C_3.WidgetTree_44.CanvasPanel_107
[2015.04.07-12.10.37:506][769]LogUObjectHash:Warning: Ambiguous search, could be CanvasPanel /Engine/Transient.World_3:LobbyWidget_C_32.WidgetTree_160.CanvasPanel_107 or CanvasPanel /Game/Menus/LobbyWidget.LobbyWidget_C:WidgetTree_43.CanvasPanel_107
[2015.04.07-12.10.37:506][769]LogUObjectHash:Warning: Ambiguous search, could be CanvasPanel /Engine/Transient.World_3:LobbyWidget_C_32.WidgetTree_160.CanvasPanel_107 or CanvasPanel /Engine/Transient.REINST_SKEL_LobbyWidget_C_16:WidgetTree_39.CanvasPanel_107
[2015.04.07-12.10.37:506][769]LogUObjectHash:Warning: Ambiguous search, could be CanvasPanel /Engine/Transient.World_3:LobbyWidget_C_32.WidgetTree_160.CanvasPanel_107 or CanvasPanel /Engine/Transient.World_3:LobbyWidget_C_2.WidgetTree_41.CanvasPanel_107
[2015.04.07-12.10.37:506][769]LogUObjectHash:Warning: Ambiguous search, could be CanvasPanel /Engine/Transient.World_3:LobbyWidget_C_32.WidgetTree_160.CanvasPanel_107 or CanvasPanel /Game/Menus/LobbyWidget.LobbyWidget_C:WidgetTree_40.CanvasPanel_107
[2015.04.07-12.10.37:506][769]LogUObjectHash:Warning: Ambiguous search, could be CanvasPanel /Engine/Transient.World_3:LobbyWidget_C_32.WidgetTree_160.CanvasPanel_107 or CanvasPanel /Game/Menus/LobbyWidget.LobbyWidget:WidgetTree_27.CanvasPanel_107
[2015.04.07-12.10.37:506][769]LogProperty:Warning: Illegal TEXT reference to a private object in external package (CanvasPanelSlot /Engine/Transient.World_3:LobbyWidget_C_32.WidgetTree_160.CanvasPanel_107.CanvasPanelSlot_656) from referencer (Button /Engine/UMG/Editor/Transient.Button_817).  Import failed...
[2015.04.07-12.10.37:506][769]LogProperty:Warning: ObjectProperty /Script/UMG.Widget:Slot: unresolved reference to 'CanvasPanelSlot'CanvasPanel_107.CanvasPanelSlot_656''
[2015.04.07-12.10.37:551][769]LogCrashTracker: 


[2015.04.07-12.10.48:434][769]LogCrashTracker: 


[2015.04.07-12.10.48:434][769]LogWindows: === Critical error: ===
Fatal error!

Unhandled Exception: EXCEPTION_ACCESS_VIOLATION reading address 0x00000040

UE4Editor-UMGEditor.dll!<lambda_fd43c59c81e6366ecffa855cca667be8>::operator()() (0x00007fff1d1950b2) + 9 bytes [d:\buildfarm\buildmachine_++depot+ue4-releases+4.7\engine\source\editor\umgeditor\private\widgetblueprinteditorutils.cpp:581]
UE4Editor-UMGEditor.dll!SDesignerView::Tick() (0x00007fff1d2851ff) + 0 bytes [d:\buildfarm\buildmachine_++depot+ue4-releases+4.7\engine\source\editor\umgeditor\private\designer\sdesignerview.cpp:1361]
UE4Editor-SlateCore.dll!SWidget::Paint() (0x00007fff2f0bd483) + 0 bytes [d:\buildfarm\buildmachine_++depot+ue4-releases+4.7\engine\source\runtime\slatecore\private\widgets\swidget.cpp:638]
UE4Editor-SlateCore.dll!SPanel::PaintArrangedChildren() (0x00007fff2f0bd9dc) + 0 bytes [d:\buildfarm\buildmachine_++depot+ue4-releases+4.7\engine\source\runtime\slatecore\private\widgets\spanel.cpp:45]
UE4Editor-SlateCore.dll!SPanel::OnPaint() (0x00007fff2f0bcbac) + 68 bytes [d:\buildfarm\buildmachine_++depot+ue4-releases+4.7\engine\source\runtime\slatecore\private\widgets\spanel.cpp:24]
UE4Editor-SlateCore.dll!SWidget::Paint() (0x00007fff2f0bd4dd) + 63 bytes [d:\buildfarm\buildmachine_++depot+ue4-releases+4.7\engine\source\runtime\slatecore\private\widgets\swidget.cpp:639]
UE4Editor-Slate.dll!SScissorRectBox::OnPaint() (0x00007fff2aa94a15) + 89 bytes [d:\buildfarm\buildmachine_++depot+ue4-releases+4.7\engine\source\runtime\slate\private\widgets\layout\sscissorrectbox.cpp:66]
UE4Editor-SlateCore.dll!SWidget::Paint() (0x00007fff2f0bd4dd) + 63 bytes [d:\buildfarm\buildmachine_++depot+ue4-releases+4.7\engine\source\runtime\slatecore\private\widgets\swidget.cpp:639]
UE4Editor-SlateCore.dll!SCompoundWidget::OnPaint() (0x00007fff2f0bc7d1) + 135 bytes [d:\buildfarm\buildmachine_++depot+ue4-releases+4.7\engine\source\runtime\slatecore\private\widgets\scompoundwidget.cpp:30]
UE4Editor-Slate.dll!SBorder::OnPaint() (0x00007fff2aa92538) + 0 bytes [d:\buildfarm\buildmachine_++depot+ue4-releases+4.7\engine\source\runtime\slate\private\widgets\layout\sborder.cpp:101]
UE4Editor-SlateCore.dll!SWidget::Paint() (0x00007fff2f0bd4dd) + 63 bytes [d:\buildfarm\buildmachine_++depot+ue4-releases+4.7\engine\source\runtime\slatecore\private\widgets\swidget.cpp:639]
UE4Editor-SlateCore.dll!SOverlay::OnPaint() (0x00007fff2f0bca75) + 0 bytes [d:\buildfarm\buildmachine_++depot+ue4-releases+4.7\engine\source\runtime\slatecore\private\widgets\soverlay.cpp:102]
UE4Editor-SlateCore.dll!SWidget::Paint() (0x00007fff2f0bd4dd) + 63 bytes [d:\buildfarm\buildmachine_++depot+ue4-releases+4.7\engine\source\runtime\slatecore\private\widgets\swidget.cpp:639]
UE4Editor-SlateCore.dll!SPanel::PaintArrangedChildren() (0x00007fff2f0bd9dc) + 0 bytes [d:\buildfarm\buildmachine_++depot+ue4-releases+4.7\engine\source\runtime\slatecore\private\widgets\spanel.cpp:45]
UE4Editor-SlateCore.dll!SPanel::OnPaint() (0x00007fff2f0bcbac) + 68 bytes [d:\buildfarm\buildmachine_++depot+ue4-releases+4.7\engine\source\runtime\slatecore\private\widgets\spanel.cpp:24]
UE4Editor-SlateCore.dll!SWidget::Paint() (0x00007fff2f0bd4dd) + 63 bytes [d:\buildfarm\buildmachine_++depot+ue4-releases+4.7\engine\source\runtime\slatecore\private\widgets\swidget.cpp:639]
UE4Editor-SlateCore.dll!SCompoundWidget::OnPaint() (0x00007fff2f0bc7d1) + 135 bytes [d:\buildfarm\buildmachine_++depot+ue4-releases+4.7\engine\source\runtime\slatecore\private\widgets\scompoundwidget.cpp:30]
UE4Editor-SlateCore.dll!SWidget::Paint() (0x00007fff2f0bd4dd) + 63 bytes [d:\buildfarm\buildmachine_++depot+ue4-releases+4.7\engine\source\runtime\slatecore\private\widgets\swidget.cpp:639]
UE4Editor-SlateCore.dll!SPanel::PaintArrangedChildren() (0x00007fff2f0bd9dc) + 0 bytes [d:\buildfarm\buildmachine_++depot+ue4-releases+4.7\engine\source\runtime\slatecore\private\widgets\spanel.cpp:45]
UE4Editor-Slate.dll!SSplitter::OnPaint() (0x00007fff2aa955f7) + 0 bytes [d:\buildfarm\buildmachine_++depot+ue4-releases+4.7\engine\source\runtime\slate\private\widgets\layout\ssplitter.cpp:169]
UE4Editor-SlateCore.dll!SWidget::Paint() (0x00007fff2f0bd4dd) + 63 bytes [d:\buildfarm\buildmachine_++depot+ue4-releases+4.7\engine\source\runtime\slatecore\private\widgets\swidget.cpp:639]
UE4Editor-SlateCore.dll!SCompoundWidget::OnPaint() (0x00007fff2f0bc7d1) + 135 bytes [d:\buildfarm\buildmachine_++depot+ue4-releases+4.7\engine\source\runtime\slatecore\private\widgets\scompoundwidget.cpp:30]
UE4Editor-SlateCore.dll!SWidget::Paint() (0x00007fff2f0bd4dd) + 63 bytes [d:\buildfarm\buildmachine_++depot+ue4-releases+4.7\engine\source\runtime\slatecore\private\widgets\swidget.cpp:639]
UE4Editor-SlateCore.dll!SPanel::PaintArrangedChildren() (0x00007fff2f0bd9dc) + 0 bytes [d:\buildfarm\buildmachine_++depot+ue4-releases+4.7\engine\source\runtime\slatecore\private\widgets\spanel.cpp:45]
UE4Editor-Slate.dll!SSplitter::OnPaint() (0x00007fff2aa955f7) + 0 bytes [d:\buildfarm\buildmachine_++depot+ue4-releases+4.7\engine\source\runtime\slate\private\widgets\layout\ssplitter.cpp:169]
UE4Editor-SlateCore.dll!SWidget::Paint() (0x00007fff2f0bd4dd) + 63 bytes [d:\buildfarm\buildmachine_++depot+ue4-releases+4.7\engine\source\runtime\slatecore\private\widgets\swidget.cpp:639]
UE4Editor-SlateCore.dll!SOverlay::OnPaint() (0x00007fff2f0bca75) + 0 bytes [d:\buildfarm\buildmachine_++depot+ue4-releases+4.7\engine\source\runtime\slatecore\private\widgets\soverlay.cpp:102]
UE4Editor-SlateCore.dll!SWidget::Paint() (0x00007fff2f0bd4dd) + 63 bytes [d:\buildfarm\buildmachine_++depot+ue4-releases+4.7\engine\source\runtime\slatecore\private\widgets\swidget.cpp:639]
UE4Editor-SlateCore.dll!SCompoundWidget::OnPaint() (0x00007fff2f0bc7d1) + 135 bytes [d:\buildfarm\buildmachine_++depot+ue4-releases+4.7\engine\source\runtime\slatecore\private\widgets\scompoundwidget.cpp:30]
UE4Editor-SlateCore.dll!SWidget::Paint() (0x00007fff2f0bd4dd) + 63 bytes [d:\buildfarm\buildmachine_++depot+ue4-releases+4.7\engine\source\runtime\slatecore\private\widgets\swidget.cpp:639]
UE4Editor-SlateCore.dll!SPanel::PaintArrangedChildren() (0x00007fff2f0bd9dc) + 0 bytes [d:\buildfarm\buildmachine_++depot+ue4-releases+4.7\engine\source\runtime\slatecore\private\widgets\spanel.cpp:45]
UE4Editor-SlateCore.dll!SPanel::OnPaint() (0x00007fff2f0bcbac) + 68 bytes [d:\buildfarm\buildmachine_++depot+ue4-releases+4.7\engine\source\runtime\slatecore\private\widgets\spanel.cpp:24]
UE4Editor-SlateCore.dll!SWidget::Paint() (0x00007fff2f0bd4dd) + 63 bytes [d:\buildfarm\buildmachine_++depot+ue4-releases+4.7\engine\source\runtime\slatecore\private\widgets\swidget.cpp:639]
UE4Editor-SlateCore.dll!SCompoundWidget::OnPaint() (0x00007fff2f0bc7d1) + 135 bytes [d:\buildfarm\buildmachine_++depot+ue4-releases+4.7\engine\source\runtime\slatecore\private\widgets\scompoundwidget.cpp:30]
UE4Editor-SlateCore.dll!SWidget::Paint() (0x00007fff2f0bd4dd) + 63 bytes [d:\buildfarm\buildmachine_++depot+ue4-releases+4.7\engine\source\runtime\slatecore\private\widgets\swidget.cpp:639]
UE4Editor-SlateCore.dll!SCompoundWidget::OnPaint() (0x00007fff2f0bc7d1) + 135 bytes [d:\buildfarm\buildmachine_++depot+ue4-releases+4.7\engine\source\runtime\slatecore\private\widgets\scompoundwidget.cpp:30]
UE4Editor-Slate.dll!SBorder::OnPaint() (0x00007fff2aa92538) + 0 bytes [d:\buildfarm\buildmachine_++depot+ue4-releases+4.7\engine\source\runtime\slate\private\widgets\layout\sborder.cpp:101]
UE4Editor-SlateCore.dll!SWidget::Paint() (0x00007fff2f0bd4dd) + 63 bytes [d:\buildfarm\buildmachine_++depot+ue4-releases+4.7\engine\source\runtime\slatecore\private\widgets\swidget.cpp:639]
UE4Editor-SlateCore.dll!SOverlay::OnPaint() (0x00007fff2f0bca75) + 0 bytes [d:\buildfarm\buildmachine_++depot+ue4-releases+4.7\engine\source\runtime\slatecore\private\widgets\soverlay.cpp:102]
UE4Editor-SlateCore.dll!SWidget::Paint() (0x00007fff2f0bd4dd) + 63 bytes [d:\buildfarm\buildmachine_++depot+ue4-releases+4.7\engine\source\runtime\slatecore\private\widgets\swidget.cpp:639]
UE4Editor-SlateCore.dll!SPanel::PaintArrangedChildren() (0x00007fff2f0bd9dc) + 0 bytes [d:\buildfarm\buildmachine_++depot+ue4-releases+4.7\engine\source\runtime\slatecore\private\widgets\spanel.cpp:45]
UE4Editor-SlateCore.dll!SPanel::OnPaint() (0x00007fff2f0bcbac) + 68 bytes [d:\buildfarm\buildmachine_++depot+ue4-releases+4.7\engine\source\runtime\slatecore\private\widgets\spanel.cpp:24]
UE4Editor-SlateCore.dll!SWidget::Paint() (0x00007fff2f0bd4dd) + 63 bytes [d:\buildfarm\buildmachine_++depot+ue4-releases+4.7\engine\source\runtime\slatecore\private\widgets\swidget.cpp:639]
UE4Editor-SlateCore.dll!SCompoundWidget::OnPaint() (0x00007fff2f0bc7d1) + 135 bytes [d:\buildfarm\buildmachine_++depot+ue4-releases+4.7\engine\source\runtime\slatecore\private\widgets\scompoundwidget.cpp:30]
UE4Editor-SlateCore.dll!SWidget::Paint() (0x00007fff2f0bd4dd) + 63 bytes [d:\buildfarm\buildmachine_++depot+ue4-releases+4.7\engine\source\runtime\slatecore\private\widgets\swidget.cpp:639]
UE4Editor-SlateCore.dll!SPanel::PaintArrangedChildren() (0x00007fff2f0bd9dc) + 0 bytes [d:\buildfarm\buildmachine_++depot+ue4-releases+4.7\engine\source\runtime\slatecore\private\widgets\spanel.cpp:45]
UE4Editor-Slate.dll!SSplitter::OnPaint() (0x00007fff2aa955f7) + 0 bytes [d:\buildfarm\buildmachine_++depot+ue4-releases+4.7\engine\source\runtime\slate\private\widgets\layout\ssplitter.cpp:169]
UE4Editor-SlateCore.dll!SWidget::Paint() (0x00007fff2f0bd4dd) + 63 bytes [d:\buildfarm\buildmachine_++depot+ue4-releases+4.7\engine\source\runtime\slatecore\private\widgets\swidget.cpp:639]
UE4Editor-SlateCore.dll!SOverlay::OnPaint() (0x00007fff2f0bca75) + 0 bytes [d:\buildfarm\buildmachine_++depot+ue4-releases+4.7\engine\source\runtime\slatecore\private\widgets\soverlay.cpp:102]
UE4Editor-SlateCore.dll!SWidget::Paint() (0x00007fff2f0bd4dd) + 63 bytes [d:\buildfarm\buildmachine_++depot+ue4-releases+4.7\engine\source\runtime\slatecore\private\widgets\swidget.cpp:639]
UE4Editor-SlateCore.dll!SCompoundWidget::OnPaint() (0x00007fff2f0bc7d1) + 135 bytes [d:\buildfarm\buildmachine_++depot+ue4-releases+4.7\engine\source\runtime\slatecore\private\widgets\scompoundwidget.cpp:30]
UE4Editor-SlateCore.dll!SWidget::Paint() (0x00007fff2f0bd4dd) + 63 bytes [d:\buildfarm\buildmachine_++depot+ue4-releases+4.7\engine\source\runtime\slatecore\private\widgets\swidget.cpp:639]
UE4Editor-SlateCore.dll!SPanel::PaintArrangedChildren() (0x00007fff2f0bd9dc) + 0 bytes [d:\buildfarm\buildmachine_++depot+ue4-releases+4.7\engine\source\runtime\slatecore\private\widgets\spanel.cpp:45]
UE4Editor-SlateCore.dll!SPanel::OnPaint() (0x00007fff2f0bcbac) + 68 bytes [d:\buildfarm\buildmachine_++depot+ue4-releases+4.7\engine\source\runtime\slatecore\private\widgets\spanel.cpp:24]
UE4Editor-SlateCore.dll!SWidget::Paint() (0x00007fff2f0bd4dd) + 63 bytes [d:\buildfarm\buildmachine_++depot+ue4-releases+4.7\engine\source\runtime\slatecore\private\widgets\swidget.cpp:639]
UE4Editor-SlateCore.dll!SPanel::PaintArrangedChildren() (0x00007fff2f0bd9dc) + 0 bytes [d:\buildfarm\buildmachine_++depot+ue4-releases+4.7\engine\source\runtime\slatecore\private\widgets\spanel.cpp:45]
UE4Editor-SlateCore.dll!SPanel::OnPaint() (0x00007fff2f0bcbac) + 68 bytes [d:\buildfarm\buildmachine_++depot+ue4-releases+4.7\engine\source\runtime\slatecore\private\widgets\spanel.cpp:24]
UE4Editor-SlateCore.dll!SWidget::Paint() (0x00007fff2f0bd4dd) + 63 bytes [d:\buildfarm\buildmachine_++depot+ue4-releases+4.7\engine\source\runtime\slatecore\private\widgets\swidget.cpp:639]
UE4Editor-SlateCore.dll!SOverlay::OnPaint() (0x00007fff2f0bca75) + 0 bytes [d:\buildfarm\buildmachine_++depot+ue4-releases+4.7\engine\source\runtime\slatecore\private\widgets\soverlay.cpp:102]
UE4Editor-SlateCore.dll!SWidget::Paint() (0x00007fff2f0bd4dd) + 63 bytes [d:\buildfarm\buildmachine_++depot+ue4-releases+4.7\engine\source\runtime\slatecore\private\widgets\swidget.cpp:639]
UE4Editor-SlateCore.dll!SCompoundWidget::OnPaint() (0x00007fff2f0bc7d1) + 135 bytes [d:\buildfarm\buildmachine_++depot+ue4-releases+4.7\engine\source\runtime\slatecore\private\widgets\scompoundwidget.cpp:30]
UE4Editor-SlateCore.dll!SWidget::Paint() (0x00007fff2f0bd4dd) + 63 bytes [d:\buildfarm\buildmachine_++depot+ue4-releases+4.7\engine\source\runtime\slatecore\private\widgets\swidget.cpp:639]
UE4Editor-SlateCore.dll!SWindow::PaintWindow() (0x00007fff2f0bdb16) + 0 bytes [d:\buildfarm\buildmachine_++depot+ue4-releases+4.7\engine\source\runtime\slatecore\private\widgets\swindow.cpp:1660]
UE4Editor-Slate.dll!FSlateApplication::DrawWindowAndChildren() (0x00007fff2a8d1ae4) + 235 bytes [d:\buildfarm\buildmachine_++depot+ue4-releases+4.7\engine\source\runtime\slate\private\framework\application\slateapplication.cpp:927]
UE4Editor-Slate.dll!FSlateApplication::PrivateDrawWindows() (0x00007fff2a912b91) + 20 bytes [d:\buildfarm\buildmachine_++depot+ue4-releases+4.7\engine\source\runtime\slate\private\framework\application\slateapplication.cpp:1107]
UE4Editor-Slate.dll!FSlateApplication::Tick() (0x00007fff2a9303ff) + 12 bytes [d:\buildfarm\buildmachine_++depot+ue4-releases+4.7\engine\source\runtime\slate\private\framework\application\slateapplication.cpp:1323]
UE4Editor.exe!FEngineLoop::Tick() (0x00007ff7a132036f) + 0 bytes [d:\buildfarm\buildmachine_++depot+ue4-releases+4.7\engine\source\runtime\launch\private\launchengineloop.cpp:2284]
UE4Editor.exe!GuardedMain() (0x00007ff7a131267c) + 0 bytes [d:\buildfarm\buildmachine_++depot+ue4-releases+4.7\engine\source\runtime\launch\private\launch.cpp:142]
UE4Editor.exe!GuardedMainWrapper() (0x00007ff7a13126ea) + 5 bytes [d:\buildfarm\buildmachine_++depot+ue4-releases+4.7\engine\source\runtime\launch\private\windows\launchwindows.cpp:126]
UE4Editor.exe!WinMain() (0x00007ff7a1322219) + 17 bytes [d:\buildfarm\buildmachine_++depot+ue4-releases+4.7\engine\source\runtime\launch\private\windows\launchwindows.cpp:202]
UE4Editor.exe!__tmainCRTStartup() (0x00007ff7a1323159) + 21 bytes [f:\dd\vctools\crt\crtw32\dllstuff\crtexe.c:618]
KERNEL32.DLL!UnknownFunction (0x00007fff5b6c16ad) + 0 bytes [UnknownFile:0]
ntdll.dll!UnknownFunction (0x00007fff5ba4e954) + 0 bytes [UnknownFile:0]
ntdll.dll!UnknownFunction (0x00007fff5ba4e954) + 0 bytes [UnknownFile:0]


[2015.04.07-12.10.48:526][769]LogExit: Executing StaticShutdownAfterError
[2015.04.07-12.10.48:533][769]LogWindows: FPlatformMisc::RequestExit(1)
[2015.04.07-12.10.48:533][769]Log file closed, 04/08/15 00:10:48
