Log file open, 04/07/15 20:17:05
LogInit:Display: Running engine for game: Mayhem3d
LogInit: Version: 4.7.2-2467323+++depot+UE4-Releases+4.7
LogInit: API Version: 2455222
LogInit: Compiled (64-bit): Mar  2 2015 23:16:34
LogInit: Compiled with Visual C++: 18.00.21005.01
LogInit: Build Configuration: Development
LogInit: Branch Name: ++depot+UE4-Releases+4.7
LogInit: Command line:  
LogInit: Base directory: C:/Program Files/Epic Games/4.7/Engine/Binaries/Win64/
LogInit: Rocket: 1
[2015.04.07-08.17.05:316][  0]LogTaskGraph: Started task graph with 3 named threads and 6 total threads.
[2015.04.07-08.17.05:371][  0]LogOnline:Warning: No default platform service specified for OnlineSubsystem
[2015.04.07-08.17.05:415][  0]LogInit: Presizing for 0 objects not considered by GC, pre-allocating 0 bytes.
[2015.04.07-08.17.05:427][  0]LogInit: Object subsystem initialized
[2015.04.07-08.17.05:445][  0]LogInit: Selected Device Profile: [Windows]
[2015.04.07-08.17.05:445][  0]LogInit: Applying CVar settings loaded from the selected device profile: [Windows]
[2015.04.07-08.17.05:458][  0]LogInit: Computer: AORUS_X3
[2015.04.07-08.17.05:458][  0]LogInit: User: Mike
[2015.04.07-08.17.05:458][  0]LogInit: CPU Page size=4096, Cores=4
[2015.04.07-08.17.05:458][  0]LogInit: High frequency timer resolution =2.338348 MHz
[2015.04.07-08.17.05:458][  0]LogMemory: Memory total: Physical=15.9GB (16GB approx) Virtual=131072.0GB
[2015.04.07-08.17.05:458][  0]LogMemory: Platform Memory Stats for Windows
[2015.04.07-08.17.05:458][  0]LogMemory: Process Physical Memory: 45.12 MB used, 45.12 MB peak
[2015.04.07-08.17.05:458][  0]LogMemory: Process Virtual Memory: 24.54 MB used, 24.55 MB peak
[2015.04.07-08.17.05:458][  0]LogMemory: Physical Memory: 5310.15 MB used, 16301.10 MB total
[2015.04.07-08.17.05:458][  0]LogMemory: Virtual Memory: 296.97 MB used, 134217728.00 MB total
[2015.04.07-08.17.05:834][  0]LogD3D11RHI: Found D3D11 adapter 0: NVIDIA GeForce GTX 870M (Feature Level 11_0)
[2015.04.07-08.17.05:834][  0]LogD3D11RHI: Adapter has 6033MB of dedicated video memory, 0MB of dedicated system memory, and 8150MB of shared system memory, 2 output[s]
[2015.04.07-08.17.05:839][  0]LogD3D11RHI: Found D3D11 adapter 1: Intel(R) Iris(TM) Pro Graphics 5200 (Feature Level 11_0)
[2015.04.07-08.17.05:839][  0]LogD3D11RHI: Adapter has 0MB of dedicated video memory, 0MB of dedicated system memory, and 1792MB of shared system memory, 0 output[s]
[2015.04.07-08.17.05:840][  0]LogD3D11RHI: Found D3D11 adapter 2: Microsoft Basic Render Driver (Feature Level 11_0)
[2015.04.07-08.17.05:840][  0]LogD3D11RHI: Adapter has 0MB of dedicated video memory, 0MB of dedicated system memory, and 256MB of shared system memory, 0 output[s]
[2015.04.07-08.17.05:840][  0]LogD3D11RHI: Chosen D3D11 Adapter Id = 0
[2015.04.07-08.17.05:848][  0]LogRHI: Texture pool is 1361 MB (70% of 1945 MB)
[2015.04.07-08.17.05:856][  0]LogD3D11RHI: Async texture creation enabled
[2015.04.07-08.17.06:125][  0]LogTextLocalizationManager: The requested culture ('en_US') has no localization data; parent culture's ('en') localization data will be used.
[2015.04.07-08.17.06:261][  0]LogContentStreaming: Texture pool size is 0.000000MB
[2015.04.07-08.17.08:981][  0]LogTargetPlatformManager:Display: Building Assets For Windows
[2015.04.07-08.17.09:636][  0]LogTargetPlatformManager:Display: Building Assets For Windows
[2015.04.07-08.17.09:705][  0]LogDerivedDataCache:Display: Max Cache Size: 512 MB
[2015.04.07-08.17.09:777][  0]LogDerivedDataCache: Loaded boot cache 0.07s 39MB C:/Users/Mike/AppData/Local/UnrealEngine/4.7/DerivedDataCache/Boot.ddc.
[2015.04.07-08.17.09:777][  0]LogDerivedDataCache:Display: Loaded Boot cache: C:/Users/Mike/AppData/Local/UnrealEngine/4.7/DerivedDataCache/Boot.ddc
[2015.04.07-08.17.09:777][  0]LogDerivedDataCache: FDerivedDataBackendGraph:  Pak pak cache file ../../../../../../Users/Mike/Desktop/prototype 3/Mayhem3d/DerivedDataCache/DDC.ddp not found, will not use a pak cache.
[2015.04.07-08.17.09:777][  0]LogDerivedDataCache: Unable to find inner node Pak for hierarchical cache Hierarchy.
[2015.04.07-08.17.09:892][  0]LogDerivedDataCache:Display: Pak cache opened for reading ../../../Engine/DerivedDataCache/Compressed.ddp.
[2015.04.07-08.17.09:904][  0]LogDerivedDataCache: Using Local data cache path C:/Users/Mike/AppData/Local/UnrealEngine/Common/DerivedDataCache: Writable
[2015.04.07-08.17.12:180][  0]LogMeshUtilities: No automatic mesh reduction module available
[2015.04.07-08.17.12:180][  0]LogMeshUtilities: No automatic mesh merging module available
[2015.04.07-08.17.12:797][  0]LogInit: WinSock: version 1.1 (2.2), MaxSocks=32767, MaxUdp=65467
[2015.04.07-08.17.12:895][  0]LogSlate:Warning: Failed to load font data from '../../../Engine/Content/Slate/Fonts/Roboto-Italic.ttf'
[2015.04.07-08.17.14:589][  0]UdpMessaging: Initializing bridge on interface 0.0.0.0:0 to multicast group 230.0.0.1:6666.
[2015.04.07-08.17.14:819][  0]SourceControl: Info Source control is disabled
[2015.04.07-08.17.14:819][  0]SourceControl: Info Source control is disabled
[2015.04.07-08.17.14:820][  0]SourceControl: Info Source control is disabled
[2015.04.07-08.17.14:820][  0]LogSourceControl: RunCommandInternalRaw: 'git version'
[2015.04.07-08.17.14:820][  0]LogSourceControl: RunCommandInternalRaw: ExecProcess ReturnCode=2 OutResults=''
[2015.04.07-08.17.14:827][  0]SourceControl: Info Source control is disabled
[2015.04.07-08.17.15:039][  0]LogObj: 24231 objects as part of root set at end of initial load.
[2015.04.07-08.17.15:039][  0]LogUObjectAllocator: 5136440 out of 0 bytes used by permanent object pool.
[2015.04.07-08.17.15:144][  0]LogEngine: Initializing Engine...
[2015.04.07-08.17.17:467][  0]LogInit: XAudio2 using 'SAMSUNG (Intel(R) Display Audio)' : 2 channels at 48 kHz using 16 bits per sample (channel mask 0x3)
[2015.04.07-08.17.17:579][  0]LogInit: FAudioDevice initialized.
[2015.04.07-08.17.17:629][  0]LogAIModule: Creating AISystem for world NewWorld
[2015.04.07-08.17.17:650][  0]LogDerivedDataCache: Saved boot cache 0.02s 39MB C:/Users/Mike/AppData/Local/UnrealEngine/4.7/DerivedDataCache/Boot.ddc.
[2015.04.07-08.17.17:655][  0]LogInit: Texture streaming: Enabled
[2015.04.07-08.17.17:788][  0]LogAnalytics: Creating configured Analytics provider AnalyticsET
[2015.04.07-08.17.17:788][  0]LogAnalytics: ET APIKey = Rocket.Release. APIServer = http://et2.epicgames.com/ET2/. AppVersion = 4.7.2-2467323+++depot+UE4-Releases+4.7
[2015.04.07-08.17.17:788][  0]LogAnalytics: ET APIKey = Rocket.Release. DataRouterUploadURL = https://datarouter-public-service-gamedev.ol.epicgames.net/datarouter/api/v1/public/data. AppVersion = 4.7.2-2467323+++depot+UE4-Releases+4.7
[2015.04.07-08.17.17:788][  0]LogAnalytics: SetUserId 7973641242ab8daaa1a16697fdb176f2|ccb0c50c0d0e47deab22ca04ebced0f2|16dc805b-9417-485d-b6cb-59eb3a26e502
[2015.04.07-08.17.17:788][  0]LogAnalytics: AnalyticsET::StartSession [Rocket.Release]
[2015.04.07-08.17.17:813][  0]LogInit: Transaction tracking system initialized
[2015.04.07-08.17.18:016][  0]BlueprintLog: New page: Editor Load
[2015.04.07-08.17.18:054][  0]LogAssetRegistry: FAssetRegistry took 0.0126 seconds to start up
[2015.04.07-08.17.18:054][  0]LogDirectoryWatcher:Warning: Failed to begin reading directory changes for ../../../Engine/Plugins/Experimental/CharacterAI/Content/. Error: 0
[2015.04.07-08.17.18:631][  0]LogTargetPlatformManager:Display: Building Assets For Windows
[2015.04.07-08.17.19:060][  0]LogTargetPlatformManager:Display: Building Assets For Windows
[2015.04.07-08.17.19:439][  0]LogSlate:Warning: Failed to load font data from '../../../Engine/Content/Editor/Slate/Fonts/Roboto-Regular.ttf'
[2015.04.07-08.17.19:439][  0]LogSlate:Warning: Failed to load font data from '../../../Engine/Content/Editor/Slate/Fonts/Roboto-Bold.ttf'
[2015.04.07-08.17.19:453][  0]LogConsoleResponse:Display: 
[2015.04.07-08.17.19:608][  0]LogCook:Display: Done creating registry. It took  0.00s.
[2015.04.07-08.17.19:792][  0]SourceControl: Info Source control is disabled
[2015.04.07-08.17.19:793][  0]Cmd: MAP LOAD FILE="../../../../../../Users/Mike/Desktop/prototype 3/Mayhem3d/Content/Maps/MiniTDmatch_2.umap" TEMPLATE=0 SHOWPROGRESS=1 FEATURELEVEL=3
[2015.04.07-08.17.19:794][  0]LightingResults: New page: Lighting Build
[2015.04.07-08.17.19:812][  0]MapCheck: New page: Map Check
[2015.04.07-08.17.19:812][  0]LightingResults: New page: Lighting Build
[2015.04.07-08.17.19:825][  0]LogParticles: Destroying 0 GPU particle simulations for FXSystem 0x00000036AE9E6520
[2015.04.07-08.17.19:829][  0]LogLinker:Warning: Asset '../../../../../../Users/Mike/Desktop/prototype 3/Mayhem3d/Content/Maps/MiniTDmatch_2.umap' has been saved with empty engine version. The asset will be loaded but may be incompatible.
[2015.04.07-08.17.20:029][  0]LogLinker:Warning: Asset '../../../../../../Users/Mike/Desktop/prototype 3/Mayhem3d/Content/ThirdPersonBP/Blueprints/ThirdPersonCharacter.uasset' has been saved with empty engine version. The asset will be loaded but may be incompatible.
[2015.04.07-08.17.20:281][  0]LogLinker:Warning: Asset '../../../../../../Users/Mike/Desktop/prototype 3/Mayhem3d/Content/ThirdPersonBP/Blueprints/AbilityController.uasset' has been saved with empty engine version. The asset will be loaded but may be incompatible.
[2015.04.07-08.17.20:906][  0]LogLinker:Warning: Asset '../../../../../../Users/Mike/Desktop/prototype 3/Mayhem3d/Content/ThirdPersonBP/Blueprints/DamageTypes/ArcaneDamage.uasset' has been saved with empty engine version. The asset will be loaded but may be incompatible.
[2015.04.07-08.17.20:908][  0]LogLinker:Warning: Asset '../../../../../../Users/Mike/Desktop/prototype 3/Mayhem3d/Content/ThirdPersonBP/Blueprints/Projectiles/AOEHealBall.uasset' has been saved with empty engine version. The asset will be loaded but may be incompatible.
[2015.04.07-08.17.20:921][  0]LogLinker:Warning: Asset '../../../../../../Users/Mike/Desktop/prototype 3/Mayhem3d/Content/ThirdPersonBP/Textures/Health/Health_100.uasset' has been saved with empty engine version. The asset will be loaded but may be incompatible.
[2015.04.07-08.17.21:093][  0]LogLinker:Warning: Asset '../../../../../../Users/Mike/Desktop/prototype 3/Mayhem3d/Content/Character/Materials/Red/Brawler_Red.uasset' has been saved with empty engine version. The asset will be loaded but may be incompatible.
[2015.04.07-08.17.21:101][  0]LogLinker:Warning: Asset '../../../../../../Users/Mike/Desktop/prototype 3/Mayhem3d/Content/ThirdPersonBP/Materials/MegaOrbMatterial.uasset' has been saved with empty engine version. The asset will be loaded but may be incompatible.
[2015.04.07-08.17.21:113][  0]LogLinker:Warning: Asset '../../../../../../Users/Mike/Desktop/prototype 3/Mayhem3d/Content/ThirdPersonBP/Blueprints/Projectiles/HealerOrb.uasset' has been saved with empty engine version. The asset will be loaded but may be incompatible.
[2015.04.07-08.17.21:130][  0]LogLinker:Warning: Asset '../../../../../../Users/Mike/Desktop/prototype 3/Mayhem3d/Content/ThirdPersonBP/Blueprints/Projectiles/MageOrb.uasset' has been saved with empty engine version. The asset will be loaded but may be incompatible.
[2015.04.07-08.17.21:138][  0]LogLinker:Warning: Asset '../../../../../../Users/Mike/Desktop/prototype 3/Mayhem3d/Content/ThirdPersonBP/Materials/MageOrbMaterial.uasset' has been saved with empty engine version. The asset will be loaded but may be incompatible.
[2015.04.07-08.17.21:156][  0]LogLinker:Warning: Asset '../../../../../../Users/Mike/Desktop/prototype 3/Mayhem3d/Content/ThirdPersonBP/Blueprints/Projectiles/SlowBall.uasset' has been saved with empty engine version. The asset will be loaded but may be incompatible.
[2015.04.07-08.17.21:163][  0]LogLinker:Warning: Asset '../../../../../../Users/Mike/Desktop/prototype 3/Mayhem3d/Content/ThirdPersonBP/Materials/SlowBallMaterial.uasset' has been saved with empty engine version. The asset will be loaded but may be incompatible.
[2015.04.07-08.17.21:169][  0]LogLinker:Warning: Asset '../../../../../../Users/Mike/Desktop/prototype 3/Mayhem3d/Content/ThirdPersonBP/Blueprints/ThirdPersonGameMode.uasset' has been saved with empty engine version. The asset will be loaded but may be incompatible.
[2015.04.07-08.17.21:174][  0]LogLinker:Warning: Asset '../../../../../../Users/Mike/Desktop/prototype 3/Mayhem3d/Content/Blueprints/GameHUD.uasset' has been saved with empty engine version. The asset will be loaded but may be incompatible.
[2015.04.07-08.17.21:220][  0]LogLinker:Warning: Asset '../../../../../../Users/Mike/Desktop/prototype 3/Mayhem3d/Content/ThirdPersonBP/Blueprints/Scores.uasset' has been saved with empty engine version. The asset will be loaded but may be incompatible.
[2015.04.07-08.17.21:775][  0]LogLinker:Warning: Asset '../../../../../../Users/Mike/Desktop/prototype 3/Mayhem3d/Content/Character/Materials/Blue/Brawler_Blue.uasset' has been saved with empty engine version. The asset will be loaded but may be incompatible.
[2015.04.07-08.17.21:792][  0]LogLinker:Warning: Asset '../../../../../../Users/Mike/Desktop/prototype 3/Mayhem3d/Content/ThirdPersonBP/Materials/PlayerMat_Inst.uasset' has been saved with empty engine version. The asset will be loaded but may be incompatible.
[2015.04.07-08.17.21:795][  0]LogLinker:Warning: Asset '../../../../../../Users/Mike/Desktop/prototype 3/Mayhem3d/Content/ThirdPersonBP/Materials/PlayerMaterial.uasset' has been saved with empty engine version. The asset will be loaded but may be incompatible.
[2015.04.07-08.17.21:799][  0]LogLinker:Warning: Asset '../../../../../../Users/Mike/Desktop/prototype 3/Mayhem3d/Content/ThirdPersonBP/Textures/Health/Health_10.uasset' has been saved with empty engine version. The asset will be loaded but may be incompatible.
[2015.04.07-08.17.21:801][  0]LogLinker:Warning: Asset '../../../../../../Users/Mike/Desktop/prototype 3/Mayhem3d/Content/ThirdPersonBP/Textures/Health/Health_15.uasset' has been saved with empty engine version. The asset will be loaded but may be incompatible.
[2015.04.07-08.17.21:804][  0]LogLinker:Warning: Asset '../../../../../../Users/Mike/Desktop/prototype 3/Mayhem3d/Content/ThirdPersonBP/Textures/Health/Health_20.uasset' has been saved with empty engine version. The asset will be loaded but may be incompatible.
[2015.04.07-08.17.21:806][  0]LogLinker:Warning: Asset '../../../../../../Users/Mike/Desktop/prototype 3/Mayhem3d/Content/ThirdPersonBP/Textures/Health/Health_25.uasset' has been saved with empty engine version. The asset will be loaded but may be incompatible.
[2015.04.07-08.17.21:808][  0]LogLinker:Warning: Asset '../../../../../../Users/Mike/Desktop/prototype 3/Mayhem3d/Content/ThirdPersonBP/Textures/Health/Health_30.uasset' has been saved with empty engine version. The asset will be loaded but may be incompatible.
[2015.04.07-08.17.21:811][  0]LogLinker:Warning: Asset '../../../../../../Users/Mike/Desktop/prototype 3/Mayhem3d/Content/ThirdPersonBP/Textures/Health/Health_35.uasset' has been saved with empty engine version. The asset will be loaded but may be incompatible.
[2015.04.07-08.17.21:813][  0]LogLinker:Warning: Asset '../../../../../../Users/Mike/Desktop/prototype 3/Mayhem3d/Content/ThirdPersonBP/Textures/Health/Health_40.uasset' has been saved with empty engine version. The asset will be loaded but may be incompatible.
[2015.04.07-08.17.21:815][  0]LogLinker:Warning: Asset '../../../../../../Users/Mike/Desktop/prototype 3/Mayhem3d/Content/ThirdPersonBP/Textures/Health/Health_45.uasset' has been saved with empty engine version. The asset will be loaded but may be incompatible.
[2015.04.07-08.17.21:818][  0]LogLinker:Warning: Asset '../../../../../../Users/Mike/Desktop/prototype 3/Mayhem3d/Content/ThirdPersonBP/Textures/Health/Health_5.uasset' has been saved with empty engine version. The asset will be loaded but may be incompatible.
[2015.04.07-08.17.21:820][  0]LogLinker:Warning: Asset '../../../../../../Users/Mike/Desktop/prototype 3/Mayhem3d/Content/ThirdPersonBP/Textures/Health/Health_50.uasset' has been saved with empty engine version. The asset will be loaded but may be incompatible.
[2015.04.07-08.17.21:822][  0]LogLinker:Warning: Asset '../../../../../../Users/Mike/Desktop/prototype 3/Mayhem3d/Content/ThirdPersonBP/Textures/Health/Health_55.uasset' has been saved with empty engine version. The asset will be loaded but may be incompatible.
[2015.04.07-08.17.21:824][  0]LogLinker:Warning: Asset '../../../../../../Users/Mike/Desktop/prototype 3/Mayhem3d/Content/ThirdPersonBP/Textures/Health/Health_60.uasset' has been saved with empty engine version. The asset will be loaded but may be incompatible.
[2015.04.07-08.17.21:827][  0]LogLinker:Warning: Asset '../../../../../../Users/Mike/Desktop/prototype 3/Mayhem3d/Content/ThirdPersonBP/Textures/Health/Health_65.uasset' has been saved with empty engine version. The asset will be loaded but may be incompatible.
[2015.04.07-08.17.21:830][  0]LogLinker:Warning: Asset '../../../../../../Users/Mike/Desktop/prototype 3/Mayhem3d/Content/ThirdPersonBP/Textures/Health/Health_70.uasset' has been saved with empty engine version. The asset will be loaded but may be incompatible.
[2015.04.07-08.17.21:832][  0]LogLinker:Warning: Asset '../../../../../../Users/Mike/Desktop/prototype 3/Mayhem3d/Content/ThirdPersonBP/Textures/Health/Health_75.uasset' has been saved with empty engine version. The asset will be loaded but may be incompatible.
[2015.04.07-08.17.21:834][  0]LogLinker:Warning: Asset '../../../../../../Users/Mike/Desktop/prototype 3/Mayhem3d/Content/ThirdPersonBP/Textures/Health/Health_80.uasset' has been saved with empty engine version. The asset will be loaded but may be incompatible.
[2015.04.07-08.17.21:836][  0]LogLinker:Warning: Asset '../../../../../../Users/Mike/Desktop/prototype 3/Mayhem3d/Content/ThirdPersonBP/Textures/Health/Health_85.uasset' has been saved with empty engine version. The asset will be loaded but may be incompatible.
[2015.04.07-08.17.21:839][  0]LogLinker:Warning: Asset '../../../../../../Users/Mike/Desktop/prototype 3/Mayhem3d/Content/ThirdPersonBP/Textures/Health/Health_90.uasset' has been saved with empty engine version. The asset will be loaded but may be incompatible.
[2015.04.07-08.17.21:841][  0]LogLinker:Warning: Asset '../../../../../../Users/Mike/Desktop/prototype 3/Mayhem3d/Content/ThirdPersonBP/Textures/Health/Health_95.uasset' has been saved with empty engine version. The asset will be loaded but may be incompatible.
[2015.04.07-08.17.23:744][  0]LogLinker:Warning: Asset '../../../../../../Users/Mike/Desktop/prototype 3/Mayhem3d/Content/Textures/ConcreteDirty0323_1_OCC.uasset' has been saved with empty engine version. The asset will be loaded but may be incompatible.
[2015.04.07-08.17.23:759][  0]LogLinker:Warning: Asset '../../../../../../Users/Mike/Desktop/prototype 3/Mayhem3d/Content/Textures/FloorsHexagonal0028_1_N.uasset' has been saved with empty engine version. The asset will be loaded but may be incompatible.
[2015.04.07-08.17.23:784][  0]LogLinker:Warning: Asset '../../../../../../Users/Mike/Desktop/prototype 3/Mayhem3d/Content/StarterContent/Materials/M_Skybox_A_Inst.uasset' has been saved with empty engine version. The asset will be loaded but may be incompatible.
[2015.04.07-08.17.23:893][  0]LogLinker:Warning: Asset '../../../../../../Users/Mike/Desktop/prototype 3/Mayhem3d/Content/ThirdPersonBP/Blueprints/PlayerInterface.uasset' has been saved with empty engine version. The asset will be loaded but may be incompatible.
[2015.04.07-08.17.23:903][  0]LogLinker:Warning: Asset '../../../../../../Users/Mike/Desktop/prototype 3/Mayhem3d/Content/ThirdPersonBP/Textures/charge.uasset' has been saved with empty engine version. The asset will be loaded but may be incompatible.
[2015.04.07-08.17.23:904][  0]LogLinker:Warning: Asset '../../../../../../Users/Mike/Desktop/prototype 3/Mayhem3d/Content/ThirdPersonBP/Textures/fire_button.uasset' has been saved with empty engine version. The asset will be loaded but may be incompatible.
[2015.04.07-08.17.23:904][  0]LogLinker:Warning: Asset '../../../../../../Users/Mike/Desktop/prototype 3/Mayhem3d/Content/ThirdPersonBP/Textures/invisbility.uasset' has been saved with empty engine version. The asset will be loaded but may be incompatible.
[2015.04.07-08.17.23:905][  0]LogLinker:Warning: Asset '../../../../../../Users/Mike/Desktop/prototype 3/Mayhem3d/Content/ThirdPersonBP/Textures/lightning.uasset' has been saved with empty engine version. The asset will be loaded but may be incompatible.
[2015.04.07-08.17.23:905][  0]LogLinker:Warning: Asset '../../../../../../Users/Mike/Desktop/prototype 3/Mayhem3d/Content/ThirdPersonBP/Textures/Orb.uasset' has been saved with empty engine version. The asset will be loaded but may be incompatible.
[2015.04.07-08.17.23:906][  0]LogLinker:Warning: Asset '../../../../../../Users/Mike/Desktop/prototype 3/Mayhem3d/Content/ThirdPersonBP/Textures/plus_crosshair.uasset' has been saved with empty engine version. The asset will be loaded but may be incompatible.
[2015.04.07-08.17.23:906][  0]LogLinker:Warning: Asset '../../../../../../Users/Mike/Desktop/prototype 3/Mayhem3d/Content/ThirdPersonBP/Textures/psychic_button.uasset' has been saved with empty engine version. The asset will be loaded but may be incompatible.
[2015.04.07-08.17.23:907][  0]LogLinker:Warning: Asset '../../../../../../Users/Mike/Desktop/prototype 3/Mayhem3d/Content/ThirdPersonBP/Textures/UI_health_mana.uasset' has been saved with empty engine version. The asset will be loaded but may be incompatible.
[2015.04.07-08.17.23:907][  0]LogLinker:Warning: Asset '../../../../../../Users/Mike/Desktop/prototype 3/Mayhem3d/Content/ThirdPersonBP/Textures/UI_health_mana_depleted.uasset' has been saved with empty engine version. The asset will be loaded but may be incompatible.
[2015.04.07-08.17.24:561][  0]LogBlueprint:Warning: [compiler] Warning Node  Unknown  is not referencing a valid level actor
[2015.04.07-08.17.24:565][  0]LogBlueprint:Warning: [compiler] Warning [0021.88] Compile of MiniTDmatch_2 successful, but with 1 Warning(s) [in 55 ms]
[2015.04.07-08.17.24:566][  0]LogBlueprint:Warning: [compiler] Warning [0021.88] Compile of MiniTDmatch_2 successful, but with 2 Warning(s) [in 0 ms]
[2015.04.07-08.17.24:566][  0]LogBlueprint:Warning: [compiler] Warning [0021.88] Compile of MiniTDmatch_2 successful, but with 3 Warning(s) [in 0 ms]
[2015.04.07-08.17.24:566][  0]LogBlueprint:Warning: [compiler] Warning [0021.88] Compile of MiniTDmatch_2 successful, but with 4 Warning(s) [in 0 ms]
[2015.04.07-08.17.24:633][  0]LogBlueprint:Warning: [compiler] Warning Node  Unknown  is not referencing a valid level actor
[2015.04.07-08.17.24:639][  0]LogBlueprint:Warning: [compiler] Warning [0021.95] Compile of MiniTDmatch_2 successful, but with 1 Warning(s) [in 53 ms]
[2015.04.07-08.17.24:639][  0]LogBlueprint:Warning: [compiler] Warning [0021.95] Compile of MiniTDmatch_2 successful, but with 2 Warning(s) [in 0 ms]
[2015.04.07-08.17.24:965][  0]LogMaterial: Missing cached shader map for material Mat_Beam, compiling. 
[2015.04.07-08.17.25:088][  0]LogTexture:Display: Building textures: Albedo_2 (AutoDXT)
[2015.04.07-08.17.27:763][  0]LogMaterial: Missing cached shader map for material Brawler_Red, compiling. 
[2015.04.07-08.17.27:825][  0]LogMaterial: Missing cached shader map for material AOEHealBallMaterial, compiling. 
[2015.04.07-08.17.27:844][  0]LogMaterial: Missing cached shader map for material HealerOrbMaterial, compiling. 
[2015.04.07-08.17.28:130][  0]LogTexture:Display: Building textures: Albedo_1 (AutoDXT)
[2015.04.07-08.17.31:745][  0]LogMaterial: Missing cached shader map for material Brawler_Blue, compiling. 
[2015.04.07-08.17.31:934][  0]LogTexture:Display: Building textures: Albedo_3 (AutoDXT)
[2015.04.07-08.17.35:638][  0]LogMaterial: Missing cached shader map for material Healer_Blue, compiling. 
[2015.04.07-08.17.35:688][  0]LogMaterial: Missing cached shader map for material Healer_Red, compiling. 
[2015.04.07-08.17.35:868][  0]LogTexture:Display: Building textures: Albedo_4 (AutoDXT)
[2015.04.07-08.17.39:227][  0]LogMaterial: Missing cached shader map for material Ranger_Red, compiling. 
[2015.04.07-08.17.39:318][  0]LogMaterial: Missing cached shader map for material M_Blue_Carpet, compiling. 
[2015.04.07-08.17.39:375][  0]LogTexture:Display: Building textures: ConcreteBare0371_1_D (AutoDXT)
[2015.04.07-08.17.40:351][  0]LogTexture:Display: Building textures: ConcreteBare0371_1_N (BC5)
[2015.04.07-08.17.40:481][  0]LogTexture:Display: Building textures: ConcreteBare0371_1_OCC (AutoDXT)
[2015.04.07-08.17.40:746][  0]LogMaterial: Missing cached shader map for material M_ConcreteBare1_Flat, compiling. 
[2015.04.07-08.17.40:793][  0]LogTexture:Display: Building textures: ConcreteBare0348_2_D (AutoDXT)
[2015.04.07-08.17.41:989][  0]LogTexture:Display: Building textures: ConcreteBare0348_2_N (BC5)
[2015.04.07-08.17.42:131][  0]LogTexture:Display: Building textures: ConcreteBare0348_2_OCC (AutoDXT)
[2015.04.07-08.17.42:702][  0]LogMaterial: Missing cached shader map for material M_ConcreteBareGrey_Flat, compiling. 
[2015.04.07-08.17.42:743][  0]LogTexture:Display: Building textures: ConcreteDirty0323_1_D (BGRA8)
[2015.04.07-08.17.42:844][  0]LogTexture:Display: Building textures: ConcreteDirty0323_1_N (BGRA8)
[2015.04.07-08.17.42:881][  0]LogTexture:Display: Building textures: ConcreteDirty0323_1_OCC (BGRA8)
[2015.04.07-08.17.42:956][  0]LogMaterial: Missing cached shader map for material M_ConcreteSide_Flat, compiling. 
[2015.04.07-08.17.43:023][  0]LogTexture:Display: Building textures: FloorHerringbone0066_1_D (AutoDXT)
[2015.04.07-08.17.44:100][  0]LogTexture:Display: Building textures: FloorHerringbone0066_1_N (BC5)
[2015.04.07-08.17.44:209][  0]LogTexture:Display: Building textures: FloorHerringbone0066_1_OCC (AutoDXT)
[2015.04.07-08.17.44:679][  0]LogMaterial: Missing cached shader map for material M_GreyTiles_Flat, compiling. 
[2015.04.07-08.17.44:730][  0]LogTexture:Display: Building textures: FloorsHexagonal0028_1_D (AutoDXT)
[2015.04.07-08.17.45:797][  0]LogTexture:Display: Building textures: FloorsHexagonal0028_1_N (BC5)
[2015.04.07-08.17.45:929][  0]LogTexture:Display: Building textures: FloorsHexagonal0028_1_OCC (AutoDXT)
[2015.04.07-08.17.46:316][  0]LogMaterial: Missing cached shader map for material M_MedievalFloor_Flat, compiling. 
[2015.04.07-08.17.46:346][  0]LogMaterial: Missing cached shader map for material M_Metal_Red, compiling. 
[2015.04.07-08.17.46:386][  0]LogMaterial: Missing cached shader map for material M_Red_carpet, compiling. 
[2015.04.07-08.17.46:428][  0]LogTexture:Display: Building textures: T_Sun_Sheet_Cartoon (AutoDXT)
[2015.04.07-08.17.46:694][  0]LogMaterial: Missing cached shader map for material M_Sun_Sphere, compiling. 
[2015.04.07-08.17.46:733][  0]LogMaterial: Missing cached shader map for material Mat_Beam, compiling. 
[2015.04.07-08.17.46:757][  0]LogTexture:Display: Building textures: ThumbnailTexture (DXT1)
[2015.04.07-08.17.46:841][  0]LogMaterial: Missing cached shader map for material Mat_Ribbon, compiling. 
[2015.04.07-08.17.46:851][  0]LogMaterial: Missing cached shader map for material Mat_Ribbon_Source, compiling. 
[2015.04.07-08.17.46:874][  0]LogMaterial: Missing cached shader map for material Mat_Sparks, compiling. 
[2015.04.07-08.17.46:887][  0]LogMaterial: Missing cached shader map for material lambert1, compiling. 
[2015.04.07-08.17.46:925][  0]LogTexture:Display: Building textures: ThumbnailTexture (DXT1)
[2015.04.07-08.17.47:008][  0]LogStaticMesh: Building static mesh barrel_obj...
[2015.04.07-08.17.47:047][  0]LogStaticMesh: Built static mesh [39.323059ms] /Game/StarterContent/Materials/OBJ/Aiden/barrel_obj.barrel_obj
[2015.04.07-08.17.47:055][  0]LogStaticMesh: Building static mesh spire_glassTube_obj_v01...
[2015.04.07-08.17.47:064][  0]LogStaticMesh: Built static mesh [9.639284ms] /Game/StarterContent/Materials/OBJ/Aiden/spire_glassTube_obj_v01.spire_glassTube_obj_v01
[2015.04.07-08.17.47:065][  0]LogStaticMesh: Building static mesh crate...
[2015.04.07-08.17.47:135][  0]LogStaticMesh: Built static mesh [69.946388ms] /Game/StarterContent/Materials/OBJ/Aiden/crate.crate
[2015.04.07-08.17.47:320][  0]LogMaterial: Missing cached shader map for material red_spire_parts, compiling. 
[2015.04.07-08.17.47:368][  0]LogMaterial: Missing cached shader map for material blue_spire_parts, compiling. 
[2015.04.07-08.17.47:378][  0]LogStaticMesh: Building static mesh spire_obj...
[2015.04.07-08.17.47:786][  0]LogStaticMesh: Built static mesh [408.243347ms] /Game/StarterContent/Materials/OBJ/spire_obj.spire_obj
[2015.04.07-08.17.48:140][  0]LogPhysics:Warning: PHYSX: ..\..\PhysXExtensions\src\ExtRigidBodyExt.cpp (234) 4 : computeMassAndInertia: Dynamic actor with illegal collision shapes
[2015.04.07-08.17.48:140][  0]LogPhysics:Warning: PHYSX: ..\..\PhysXExtensions\src\ExtRigidBodyExt.cpp (283) 4 : PxRigidBodyExt::updateMassAndInertia: Mass and inertia computation failed, setting mass to 1 and inertia to (1,1,1)
[2015.04.07-08.17.48:214][  0]LogPhysics:Warning: PHYSX: ..\..\PhysXExtensions\src\ExtRigidBodyExt.cpp (234) 4 : computeMassAndInertia: Dynamic actor with illegal collision shapes
[2015.04.07-08.17.48:214][  0]LogPhysics:Warning: PHYSX: ..\..\PhysXExtensions\src\ExtRigidBodyExt.cpp (283) 4 : PxRigidBodyExt::updateMassAndInertia: Mass and inertia computation failed, setting mass to 1 and inertia to (1,1,1)
[2015.04.07-08.17.48:389][  0]LogEditorServer: Finished looking for orphan Actors (0.000 secs)
[2015.04.07-08.17.48:390][  0]LogAIModule: Creating AISystem for world MiniTDmatch_2
[2015.04.07-08.17.48:390][  0]Cmd: MAP CHECKDEP
[2015.04.07-08.17.48:391][  0]MapCheck: New page: MiniTDmatch_2 - Apr 8, 2015, 8:17:48 AM
[2015.04.07-08.17.48:671][  0]MapCheck: Info Map check complete: 0 Error(s), 0 Warning(s), took 280.86ms to complete.
[2015.04.07-08.17.48:672][  0]LogFileHelpers: Loading map 'MiniTDmatch_2' took 28.879
[2015.04.07-08.17.48:918][  0]LogCollectionManager: Loaded 0 collections in 0.003884 seconds
[2015.04.07-08.17.48:940][  0]LogContentBrowser: Native class hierarchy populated in 0.0214 seconds. Added 1696 classes and 261 folders.
[2015.04.07-08.17.49:009][  0]LogContentBrowser: Native class hierarchy updated for 'SceneOutliner' in 0.0024 seconds. Added 1 classes and 2 folders.
[2015.04.07-08.17.49:091][  0]LogCrashTracker: Crashtracker disabled due to settings.
[2015.04.07-08.17.49:098][  0]LogSlate:Warning: Failed to load font data from 'Veranda'
[2015.04.07-08.17.49:106][  0]LogUObjectGlobals:Warning: Failed to find object 'Class None.'
[2015.04.07-08.17.49:138][  0]LogLoad: Full Startup: 46.45 seconds (BP compile: 2.06 seconds)
[2015.04.07-08.17.49:610][  0]LogContentBrowser:Verbose: The content browser source was changed by the sources view to '/Game/ThirdPersonBP'
[2015.04.07-08.17.49:975][  0]LogRenderer:Warning: Reallocating scene render targets to support 1008x464 (Frame:2).
[2015.04.07-08.17.53:632][ 10]LogAssetRegistry: Asset discovery search completed in 35.5913 seconds
[2015.04.07-08.18.05:988][ 48]LogSynthBenchmark:Display: FSynthBenchmark (V0.95):  requested WorkScale=1.00
[2015.04.07-08.18.05:988][ 48]LogSynthBenchmark:Display: ===============
[2015.04.07-08.18.05:988][ 48]LogSynthBenchmark:Display: Main Processor:
[2015.04.07-08.18.06:053][ 48]LogSynthBenchmark:Display:          ... 0.033102 s/Run 'RayIntersect'
[2015.04.07-08.18.06:053][ 48]LogSynthBenchmark:Display:          ... 0.031762 s/Run 'Fractal'
[2015.04.07-08.18.06:053][ 48]LogSynthBenchmark:Display: 
[2015.04.07-08.18.06:053][ 48]LogSynthBenchmark:Display:   CompiledTarget_x_Bits: 64
[2015.04.07-08.18.06:053][ 48]LogSynthBenchmark:Display:   UE_BUILD_SHIPPING: 0
[2015.04.07-08.18.06:053][ 48]LogSynthBenchmark:Display:   UE_BUILD_TEST: 0
[2015.04.07-08.18.06:053][ 48]LogSynthBenchmark:Display:   UE_BUILD_DEBUG: 0
[2015.04.07-08.18.06:053][ 48]LogSynthBenchmark:Display:   TotalPhysicalGBRam: 16
[2015.04.07-08.18.06:053][ 48]LogSynthBenchmark:Display:   NumberOfCores (physical): 4
[2015.04.07-08.18.06:053][ 48]LogSynthBenchmark:Display:   NumberOfCores (logical): 8
[2015.04.07-08.18.06:053][ 48]LogSynthBenchmark:Display:   CPU Perf Index 0: 77.4
[2015.04.07-08.18.06:053][ 48]LogSynthBenchmark:Display:   CPU Perf Index 1: 90.0
[2015.04.07-08.18.06:053][ 48]LogSynthBenchmark:Display:  
[2015.04.07-08.18.06:053][ 48]LogSynthBenchmark:Display: Graphics:
[2015.04.07-08.18.06:053][ 48]LogSynthBenchmark:Display:   Adapter Name: 'NVIDIA GeForce GTX 870M'
[2015.04.07-08.18.06:054][ 48]LogSynthBenchmark:Display:   (On Optimus the name might be wrong, memory should be ok)
[2015.04.07-08.18.06:054][ 48]LogSynthBenchmark:Display:   Vendor Id: 0x10de
[2015.04.07-08.18.06:054][ 48]LogSynthBenchmark:Display:   GPU Memory: 6034/0/8151 MB
[2015.04.07-08.18.06:054][ 48]LogSynthBenchmark:Display:   CPUIndex: 77.4
[2015.04.07-08.18.06:054][ 48]LogSynthBenchmark:Display:   GPUIndex: -1.$
[2015.04.07-08.18.06:054][ 48]LogSynthBenchmark:Display: 
[2015.04.07-08.18.06:054][ 48]LogSynthBenchmark:Display:          ... Total Time: 0.065309 sec
[2015.04.07-08.19.21:513][332]LogEditorViewport: Clicking Background
[2015.04.07-08.19.22:547][387]BlueprintLog: New page: Pre-PIE auto-recompile
[2015.04.07-08.19.22:547][387]LogPlayLevel: [PIE] Compiling MiniTDmatch_2 before PIE...
[2015.04.07-08.19.22:617][387]LogBlueprint:Warning: [compiler] Warning Node  Unknown  is not referencing a valid level actor
[2015.04.07-08.19.22:621][387]LogBlueprint:Warning: [compiler] Warning [0139.93] Compile of MiniTDmatch_2 successful, but with 1 Warning(s) [in 59 ms]
[2015.04.07-08.19.22:622][387]LogBlueprint:Warning: [compiler] Warning [0139.93] Compile of MiniTDmatch_2 successful, but with 2 Warning(s) [in 0 ms]
[2015.04.07-08.19.22:671][387]LogBlueprint:Warning: [compiler] Warning [0139.98] Compile of MiniTDmatch_2 successful, but with 3 Warning(s) [in 49 ms]
[2015.04.07-08.19.22:672][387]LogBlueprint:Warning: [compiler] Warning [0139.98] Compile of MiniTDmatch_2 successful, but with 4 Warning(s) [in 0 ms]
[2015.04.07-08.19.22:672][387]LogBlueprint:Warning: [compiler] Warning [0139.98] Compile of MiniTDmatch_2 successful, but with 5 Warning(s) [in 0 ms]
[2015.04.07-08.19.22:672][387]LogBlueprint:Warning: [compiler] Warning [0139.98] Compile of MiniTDmatch_2 successful, but with 6 Warning(s) [in 0 ms]
[2015.04.07-08.19.22:747][387]LogPlayLevel: PIE:  Blueprint regeneration took 200 ms (1 blueprints)
[2015.04.07-08.19.22:747][387]PIE: New page: PIE session: MiniTDmatch_2 (Apr 8, 2015, 8:19:22 AM)
[2015.04.07-08.19.22:788][387]LogBlueprint:Warning: FMemberReference::ResolveMember (UpdateRoundTimer) bSelfContext == true, but no scope supplied!
[2015.04.07-08.19.22:788][387]LogBlueprint:Warning: FMemberReference::ResolveMember (UpdateRoundTimer) bSelfContext == true, but no scope supplied!
[2015.04.07-08.19.22:788][387]LogBlueprint:Warning: FMemberReference::ResolveMember (TestForRoundEnd) bSelfContext == true, but no scope supplied!
[2015.04.07-08.19.22:788][387]LogBlueprint:Warning: FMemberReference::ResolveMember (TestForRoundEnd) bSelfContext == true, but no scope supplied!
[2015.04.07-08.19.22:788][387]LogBlueprint:Warning: FMemberReference::ResolveMember (UpdateHealth) bSelfContext == true, but no scope supplied!
[2015.04.07-08.19.22:788][387]LogBlueprint:Warning: FMemberReference::ResolveMember (UpdateHealth) bSelfContext == true, but no scope supplied!
[2015.04.07-08.19.22:789][387]LogBlueprint:Warning: FMemberReference::ResolveMember (UpdateTarget) bSelfContext == true, but no scope supplied!
[2015.04.07-08.19.22:789][387]LogBlueprint:Warning: FMemberReference::ResolveMember (UpdateTarget) bSelfContext == true, but no scope supplied!
[2015.04.07-08.19.22:789][387]LogBlueprint:Warning: FMemberReference::ResolveMember (UpdateCooldowns) bSelfContext == true, but no scope supplied!
[2015.04.07-08.19.22:789][387]LogBlueprint:Warning: FMemberReference::ResolveMember (UpdateCooldowns) bSelfContext == true, but no scope supplied!
[2015.04.07-08.19.22:789][387]LogBlueprint:Warning: FMemberReference::ResolveMember (UpdateAbility) bSelfContext == true, but no scope supplied!
[2015.04.07-08.19.22:789][387]LogBlueprint:Warning: FMemberReference::ResolveMember (UpdateAbility) bSelfContext == true, but no scope supplied!
[2015.04.07-08.19.22:789][387]LogBlueprint:Warning: FMemberReference::ResolveMember (UpdateCastBar) bSelfContext == true, but no scope supplied!
[2015.04.07-08.19.22:789][387]LogBlueprint:Warning: FMemberReference::ResolveMember (UpdateCastBar) bSelfContext == true, but no scope supplied!
[2015.04.07-08.19.22:789][387]LogBlueprint:Warning: FMemberReference::ResolveMember (UpdateScore) bSelfContext == true, but no scope supplied!
[2015.04.07-08.19.22:789][387]LogBlueprint:Warning: FMemberReference::ResolveMember (UpdateScore) bSelfContext == true, but no scope supplied!
[2015.04.07-08.19.22:789][387]LogBlueprint:Warning: FMemberReference::ResolveMember (UpdateCastFeedback) bSelfContext == true, but no scope supplied!
[2015.04.07-08.19.22:789][387]LogBlueprint:Warning: FMemberReference::ResolveMember (UpdateCastFeedback) bSelfContext == true, but no scope supplied!
[2015.04.07-08.19.22:804][387]LogPlayLevel: PIE: StaticDuplicateObject took: (0.050105s)
[2015.04.07-08.19.22:804][387]LogPlayLevel: PIE: World Init took: (0.000479s)
[2015.04.07-08.19.22:805][387]LogPlayLevel: PIE: Created PIE world by copying editor world from /Game/Maps/MiniTDmatch_2.MiniTDmatch_2 to /Game/Maps/UEDPIE_0_MiniTDmatch_2.MiniTDmatch_2 (0.051112s)
[2015.04.07-08.19.22:850][387]LogWorld: Game class is 'ThirdPersonGameMode_C'
[2015.04.07-08.19.22:856][387]LogAIModule: Creating AISystem for world MiniTDmatch_2
[2015.04.07-08.19.22:861][387]LogPhysics:Warning: PHYSX: ..\..\PhysXExtensions\src\ExtRigidBodyExt.cpp (234) 4 : computeMassAndInertia: Dynamic actor with illegal collision shapes
[2015.04.07-08.19.22:861][387]LogPhysics:Warning: PHYSX: ..\..\PhysXExtensions\src\ExtRigidBodyExt.cpp (283) 4 : PxRigidBodyExt::updateMassAndInertia: Mass and inertia computation failed, setting mass to 1 and inertia to (1,1,1)
[2015.04.07-08.19.22:876][387]LogPhysics:Warning: PHYSX: ..\..\PhysXExtensions\src\ExtRigidBodyExt.cpp (234) 4 : computeMassAndInertia: Dynamic actor with illegal collision shapes
[2015.04.07-08.19.22:876][387]LogPhysics:Warning: PHYSX: ..\..\PhysXExtensions\src\ExtRigidBodyExt.cpp (283) 4 : PxRigidBodyExt::updateMassAndInertia: Mass and inertia computation failed, setting mass to 1 and inertia to (1,1,1)
[2015.04.07-08.19.22:891][387]LogWorld: Bringing World /Game/Maps/UEDPIE_0_MiniTDmatch_2.MiniTDmatch_2 up for play (max tick rate 60) at 2015.04.07-20.19.22
[2015.04.07-08.19.22:892][387]LogWorld: Bringing up level for play took: 0.035719
[2015.04.07-08.19.22:903][387]PIE: Info Play in editor start time for /Game/Maps/UEDPIE_0_MiniTDmatch_2 0.772
[2015.04.07-08.19.25:654][543]LogSynthBenchmark:Display: FSynthBenchmark (V0.95):  requested WorkScale=1.00
[2015.04.07-08.19.25:654][543]LogSynthBenchmark:Display: ===============
[2015.04.07-08.19.25:654][543]LogSynthBenchmark:Display: Main Processor:
[2015.04.07-08.19.25:698][543]LogSynthBenchmark:Display:          ... 0.020183 s/Run 'RayIntersect'
[2015.04.07-08.19.25:698][543]LogSynthBenchmark:Display:          ... 0.023954 s/Run 'Fractal'
[2015.04.07-08.19.25:698][543]LogSynthBenchmark:Display: 
[2015.04.07-08.19.25:698][543]LogSynthBenchmark:Display:   CompiledTarget_x_Bits: 64
[2015.04.07-08.19.25:698][543]LogSynthBenchmark:Display:   UE_BUILD_SHIPPING: 0
[2015.04.07-08.19.25:698][543]LogSynthBenchmark:Display:   UE_BUILD_TEST: 0
[2015.04.07-08.19.25:698][543]LogSynthBenchmark:Display:   UE_BUILD_DEBUG: 0
[2015.04.07-08.19.25:698][543]LogSynthBenchmark:Display:   TotalPhysicalGBRam: 16
[2015.04.07-08.19.25:698][543]LogSynthBenchmark:Display:   NumberOfCores (physical): 4
[2015.04.07-08.19.25:698][543]LogSynthBenchmark:Display:   NumberOfCores (logical): 8
[2015.04.07-08.19.25:698][543]LogSynthBenchmark:Display:   CPU Perf Index 0: 126.9
[2015.04.07-08.19.25:698][543]LogSynthBenchmark:Display:   CPU Perf Index 1: 119.4
[2015.04.07-08.19.25:698][543]LogSynthBenchmark:Display:  
[2015.04.07-08.19.25:698][543]LogSynthBenchmark:Display: Graphics:
[2015.04.07-08.19.25:698][543]LogSynthBenchmark:Display:   Adapter Name: 'NVIDIA GeForce GTX 870M'
[2015.04.07-08.19.25:698][543]LogSynthBenchmark:Display:   (On Optimus the name might be wrong, memory should be ok)
[2015.04.07-08.19.25:698][543]LogSynthBenchmark:Display:   Vendor Id: 0x10de
[2015.04.07-08.19.25:698][543]LogSynthBenchmark:Display:   GPU Memory: 6034/0/8151 MB
[2015.04.07-08.19.25:708][543]LogSynthBenchmark:Display:   GPU first test: 0.00s
[2015.04.07-08.19.25:708][543]LogSynthBenchmark:Display:          ... 1.458 GigaPix/s, Confidence=100% 'ALUHeavyNoise' (likely to be very inaccurate)
[2015.04.07-08.19.25:708][543]LogSynthBenchmark:Display:          ... 1.764 GigaPix/s, Confidence=89% 'TexHeavy' (likely to be very inaccurate)
[2015.04.07-08.19.25:708][543]LogSynthBenchmark:Display:          ... 1.300 GigaPix/s, Confidence=89% 'DepTexHeavy' (likely to be very inaccurate)
[2015.04.07-08.19.25:708][543]LogSynthBenchmark:Display:          ... 2.530 GigaPix/s, Confidence=89% 'FillOnly' (likely to be very inaccurate)
[2015.04.07-08.19.25:708][543]LogSynthBenchmark:Display:          ... 0.537 GigaPix/s, Confidence=89% 'Bandwidth' (likely to be very inaccurate)
[2015.04.07-08.19.25:730][543]LogSynthBenchmark:Display:   GPU second test: 0.02s
[2015.04.07-08.19.25:730][543]LogSynthBenchmark:Display:          ... 2.930 GigaPix/s, Confidence=100% 'ALUHeavyNoise' (likely to be inaccurate)
[2015.04.07-08.19.25:730][543]LogSynthBenchmark:Display:          ... 4.495 GigaPix/s, Confidence=100% 'TexHeavy' (likely to be inaccurate)
[2015.04.07-08.19.25:730][543]LogSynthBenchmark:Display:          ... 2.402 GigaPix/s, Confidence=100% 'DepTexHeavy' (likely to be inaccurate)
[2015.04.07-08.19.25:730][543]LogSynthBenchmark:Display:          ... 10.374 GigaPix/s, Confidence=100% 'FillOnly' (likely to be inaccurate)
[2015.04.07-08.19.25:730][543]LogSynthBenchmark:Display:          ... 0.652 GigaPix/s, Confidence=100% 'Bandwidth' (likely to be inaccurate)
[2015.04.07-08.19.25:908][543]LogSynthBenchmark:Display:   GPU third test: 0.17s
[2015.04.07-08.19.25:908][543]LogSynthBenchmark:Display:          ... 3.226 GigaPix/s, Confidence=100% 'ALUHeavyNoise'
[2015.04.07-08.19.25:908][543]LogSynthBenchmark:Display:          ... 5.484 GigaPix/s, Confidence=100% 'TexHeavy'
[2015.04.07-08.19.25:908][543]LogSynthBenchmark:Display:          ... 2.660 GigaPix/s, Confidence=100% 'DepTexHeavy'
[2015.04.07-08.19.25:908][543]LogSynthBenchmark:Display:          ... 15.053 GigaPix/s, Confidence=100% 'FillOnly'
[2015.04.07-08.19.25:908][543]LogSynthBenchmark:Display:          ... 0.719 GigaPix/s, Confidence=100% 'Bandwidth'
[2015.04.07-08.19.25:908][543]LogSynthBenchmark:Display: 
[2015.04.07-08.19.25:908][543]LogSynthBenchmark:Display:   GPU Perf Index 0: 70.1
[2015.04.07-08.19.25:908][543]LogSynthBenchmark:Display:   GPU Perf Index 1: 73.6
[2015.04.07-08.19.25:908][543]LogSynthBenchmark:Display:   GPU Perf Index 2: 69.1
[2015.04.07-08.19.25:908][543]LogSynthBenchmark:Display:   GPU Perf Index 3: 59.1
[2015.04.07-08.19.25:908][543]LogSynthBenchmark:Display:   GPU Perf Index 4: 67.1
[2015.04.07-08.19.25:908][543]LogSynthBenchmark:Display:   CPUIndex: 126.9
[2015.04.07-08.19.25:908][543]LogSynthBenchmark:Display:   GPUIndex: 70.1
[2015.04.07-08.19.25:908][543]LogSynthBenchmark:Display: 
[2015.04.07-08.19.25:908][543]LogSynthBenchmark:Display:          ... Total Time: 0.253700 sec
[2015.04.07-08.19.25:908][543]LogConsoleManager:Warning: Console variable 'r.Streaming.PoolSize' wasn't set (Priority Code < Scalability)
[2015.04.07-08.19.25:908][543]LogConsoleManager:Warning: Console variable 'r.MaterialQualityLevel' wasn't set (Priority Console < Scalability)
[2015.04.07-08.19.25:912][543]LogConsoleManager:Warning: Console variable 'r.Streaming.PoolSize' wasn't set (Priority Code < Scalability)
[2015.04.07-08.19.25:912][543]LogConsoleManager:Warning: Console variable 'r.MaterialQualityLevel' wasn't set (Priority Console < Scalability)
[2015.04.07-08.19.25:918][544]LogRenderer:Warning: Reallocating scene render targets to support 1008x464 (Frame:224).
[2015.04.07-08.19.25:943][544]LogPhysics:Warning: PHYSX: ..\..\PhysXExtensions\src\ExtRigidBodyExt.cpp (234) 4 : computeMassAndInertia: Dynamic actor with illegal collision shapes
[2015.04.07-08.19.25:943][544]LogPhysics:Warning: PHYSX: ..\..\PhysXExtensions\src\ExtRigidBodyExt.cpp (283) 4 : PxRigidBodyExt::updateMassAndInertia: Mass and inertia computation failed, setting mass to 1 and inertia to (1,1,1)
[2015.04.07-08.19.25:945][544]LogPhysics:Warning: PHYSX: ..\..\PhysXExtensions\src\ExtRigidBodyExt.cpp (234) 4 : computeMassAndInertia: Dynamic actor with illegal collision shapes
[2015.04.07-08.19.25:945][544]LogPhysics:Warning: PHYSX: ..\..\PhysXExtensions\src\ExtRigidBodyExt.cpp (283) 4 : PxRigidBodyExt::updateMassAndInertia: Mass and inertia computation failed, setting mass to 1 and inertia to (1,1,1)
[2015.04.07-08.19.25:945][544]LogPhysics:Warning: PHYSX: ..\..\PhysXExtensions\src\ExtRigidBodyExt.cpp (234) 4 : computeMassAndInertia: Dynamic actor with illegal collision shapes
[2015.04.07-08.19.25:945][544]LogPhysics:Warning: PHYSX: ..\..\PhysXExtensions\src\ExtRigidBodyExt.cpp (283) 4 : PxRigidBodyExt::updateMassAndInertia: Mass and inertia computation failed, setting mass to 1 and inertia to (1,1,1)
[2015.04.07-08.19.25:948][544]LogPhysics:Warning: PHYSX: ..\..\PhysXExtensions\src\ExtRigidBodyExt.cpp (234) 4 : computeMassAndInertia: Dynamic actor with illegal collision shapes
[2015.04.07-08.19.25:948][544]LogPhysics:Warning: PHYSX: ..\..\PhysXExtensions\src\ExtRigidBodyExt.cpp (283) 4 : PxRigidBodyExt::updateMassAndInertia: Mass and inertia computation failed, setting mass to 1 and inertia to (1,1,1)
[2015.04.07-08.19.25:966][544]LogRenderer:Warning: Reallocating scene render targets to support 1008x464 (Frame:225).
[2015.04.07-08.19.32:404][930]LogScript:Warning: Accessed None 'AbilityTarget'
	ThirdPersonCharacter_C /Game/Maps/UEDPIE_0_MiniTDmatch_2.MiniTDmatch_2:PersistentLevel.ThirdPersonCharacter_C_1
	Function /Game/ThirdPersonBP/Blueprints/ThirdPersonCharacter.ThirdPersonCharacter_C:ExecuteUbergraph_ThirdPersonCharacter:0DC5
[2015.04.07-08.19.32:404][930]PIE:Error: Error Accessed None 'AbilityTarget' from node ReturnNode in blueprint ThirdPersonCharacter
[2015.04.07-08.21.17:414][226]LogParticles: Destroying 0 GPU particle simulations for FXSystem 0x00000036CF7C4900
[2015.04.07-08.21.20:498][361]Cmd: QUIT_EDITOR
[2015.04.07-08.21.20:705][361]LogExit: Preparing to exit.
[2015.04.07-08.21.21:822][361]LogExit: Editor shut down
[2015.04.07-08.21.21:822][361]LogExit: Transaction tracking system shut down
[2015.04.07-08.21.21:827][361]LogParticles: Destroying 0 GPU particle simulations for FXSystem 0x00000036CC375760
[2015.04.07-08.21.21:827][361]LogParticles: Destroying 0 GPU particle simulations for FXSystem 0x00000036CC824F40
[2015.04.07-08.21.21:827][361]LogParticles: Destroying 0 GPU particle simulations for FXSystem 0x00000036CAF5D3A0
[2015.04.07-08.21.21:869][361]LogExit: Object subsystem successfully closed.
[2015.04.07-08.21.21:920][361]LogModuleManager: Shutting down and abandoning module SynthBenchmark (178)
[2015.04.07-08.21.21:920][361]LogModuleManager: Shutting down and abandoning module CrashTracker (177)
[2015.04.07-08.21.21:920][361]LogModuleManager: Shutting down and abandoning module SuperSearch (176)
[2015.04.07-08.21.21:920][361]LogModuleManager: Shutting down and abandoning module SceneOutliner (175)
[2015.04.07-08.21.21:920][361]LogModuleManager: Shutting down and abandoning module EditorWidgets (174)
[2015.04.07-08.21.21:920][361]LogModuleManager: Shutting down and abandoning module CollectionManager (173)
[2015.04.07-08.21.21:920][361]LogModuleManager: Shutting down and abandoning module StatsViewer (172)
[2015.04.07-08.21.21:920][361]LogModuleManager: Shutting down and abandoning module FoliageEdit (171)
[2015.04.07-08.21.21:920][361]LogModuleManager: Shutting down and abandoning module LandscapeEditor (170)
[2015.04.07-08.21.21:920][361]LogModuleManager: Shutting down and abandoning module MeshPaint (169)
[2015.04.07-08.21.21:920][361]LogModuleManager: Shutting down and abandoning module ActorPickerMode (168)
[2015.04.07-08.21.21:920][361]LogModuleManager: Shutting down and abandoning module GeometryMode (167)
[2015.04.07-08.21.21:920][361]LogModuleManager: Shutting down and abandoning module TextureAlignMode (166)
[2015.04.07-08.21.21:920][361]LogModuleManager: Shutting down and abandoning module BspMode (165)
[2015.04.07-08.21.21:920][361]LogModuleManager: Shutting down and abandoning module PlacementMode (164)
[2015.04.07-08.21.21:920][361]LogModuleManager: Shutting down and abandoning module AutomationWorker (163)
[2015.04.07-08.21.21:920][361]LogModuleManager: Shutting down and abandoning module CharacterAI (162)
[2015.04.07-08.21.21:920][361]LogModuleManager: Shutting down and abandoning module SmartSnapping (161)
[2015.04.07-08.21.21:920][361]LogModuleManager: Shutting down and abandoning module ViewportSnapping (160)
[2015.04.07-08.21.21:920][361]LogModuleManager: Shutting down and abandoning module LogVisualizer (159)
[2015.04.07-08.21.21:920][361]LogModuleManager: Shutting down and abandoning module GameProjectGeneration (158)
[2015.04.07-08.21.21:921][361]LogModuleManager: Shutting down and abandoning module IntroTutorials (157)
[2015.04.07-08.21.21:921][361]LogModuleManager: Shutting down and abandoning module EditorLiveStreaming (156)
[2015.04.07-08.21.21:921][361]LogModuleManager: Shutting down and abandoning module HardwareTargeting (155)
[2015.04.07-08.21.21:921][361]LogModuleManager: Shutting down and abandoning module DeviceProfileEditor (154)
[2015.04.07-08.21.21:921][361]LogModuleManager: Shutting down and abandoning module UndoHistory (153)
[2015.04.07-08.21.21:921][361]LogModuleManager: Shutting down and abandoning module GameplayTagsEditor (152)
[2015.04.07-08.21.21:921][361]LogModuleManager: Shutting down and abandoning module UserFeedback (151)
[2015.04.07-08.21.21:921][361]LogModuleManager: Shutting down and abandoning module XmlParser (150)
[2015.04.07-08.21.21:921][361]LogModuleManager: Shutting down and abandoning module Blutility (149)
[2015.04.07-08.21.21:921][361]LogModuleManager: Shutting down and abandoning module IOSPlatformEditor (148)
[2015.04.07-08.21.21:921][361]LogModuleManager: Shutting down and abandoning module IOSRuntimeSettings (147)
[2015.04.07-08.21.21:921][361]LogModuleManager: Shutting down and abandoning module AndroidDeviceDetection (146)
[2015.04.07-08.21.22:272][361]LogModuleManager: Shutting down and abandoning module AndroidPlatformEditor (145)
[2015.04.07-08.21.22:272][361]LogModuleManager: Shutting down and abandoning module AndroidRuntimeSettings (144)
[2015.04.07-08.21.22:272][361]LogModuleManager: Shutting down and abandoning module ProjectTargetPlatformEditor (143)
[2015.04.07-08.21.22:272][361]LogModuleManager: Shutting down and abandoning module ProjectSettingsViewer (142)
[2015.04.07-08.21.22:272][361]LogModuleManager: Shutting down and abandoning module InputBindingEditor (141)
[2015.04.07-08.21.22:272][361]LogModuleManager: Shutting down and abandoning module EditorSettingsViewer (140)
[2015.04.07-08.21.22:272][361]LogModuleManager: Shutting down and abandoning module SettingsEditor (139)
[2015.04.07-08.21.22:272][361]LogModuleManager: Shutting down and abandoning module ProjectLauncher (138)
[2015.04.07-08.21.22:272][361]LogModuleManager: Shutting down and abandoning module SessionFrontend (137)
[2015.04.07-08.21.22:272][361]LogModuleManager: Shutting down and abandoning module ProfilerClient (136)
[2015.04.07-08.21.22:272][361]LogModuleManager: Shutting down and abandoning module TargetDeviceServices (135)
[2015.04.07-08.21.22:272][361]LogModuleManager: Shutting down and abandoning module DeviceManager (134)
[2015.04.07-08.21.22:272][361]LogModuleManager: Shutting down and abandoning module AutomationController (133)
[2015.04.07-08.21.22:272][361]LogModuleManager: Shutting down and abandoning module AutomationWindow (132)
[2015.04.07-08.21.22:272][361]LogModuleManager: Shutting down and abandoning module Layers (131)
[2015.04.07-08.21.22:272][361]LogModuleManager: Shutting down and abandoning module ComponentVisualizers (130)
[2015.04.07-08.21.22:272][361]LogModuleManager: Shutting down and abandoning module DetailCustomizations (129)
[2015.04.07-08.21.22:272][361]LogModuleManager: Shutting down and abandoning module PackagesDialog (128)
[2015.04.07-08.21.22:272][361]LogModuleManager: Shutting down and abandoning module AssetRegistry (127)
[2015.04.07-08.21.22:367][361]LogModuleManager: Shutting down and abandoning module Persona (126)
[2015.04.07-08.21.22:367][361]LogModuleManager: Shutting down and abandoning module SlateReflector (125)
[2015.04.07-08.21.22:367][361]LogModuleManager: Shutting down and abandoning module LevelEditor (124)
[2015.04.07-08.21.22:368][361]LogModuleManager: Shutting down and abandoning module Kismet (123)
[2015.04.07-08.21.22:368][361]LogModuleManager: Shutting down and abandoning module GraphEditor (122)
[2015.04.07-08.21.22:368][361]LogModuleManager: Shutting down and abandoning module ClassViewer (121)
[2015.04.07-08.21.22:368][361]LogModuleManager: Shutting down and abandoning module Toolbox (120)
[2015.04.07-08.21.22:368][361]LogModuleManager: Shutting down and abandoning module ModuleUI (119)
[2015.04.07-08.21.22:368][361]LogModuleManager: Shutting down and abandoning module MovieSceneTools (118)
[2015.04.07-08.21.22:368][361]LogModuleManager: Shutting down and abandoning module OutputLog (117)
[2015.04.07-08.21.22:368][361]LogModuleManager: Shutting down and abandoning module GammaUI (116)
[2015.04.07-08.21.22:368][361]LogModuleManager: Shutting down and abandoning module Documentation (115)
[2015.04.07-08.21.22:368][361]LogModuleManager: Shutting down and abandoning module GameLiveStreaming (114)
[2015.04.07-08.21.22:368][361]LogModuleManager: Shutting down and abandoning module StreamingPauseRendering (113)
[2015.04.07-08.21.22:368][361]LogModuleManager: Shutting down and abandoning module HTTP (112)
[2015.04.07-08.21.22:368][361]LogModuleManager: Shutting down and abandoning module AnalyticsET (111)
[2015.04.07-08.21.22:368][361]LogModuleManager: Shutting down and abandoning module Analytics (110)
[2015.04.07-08.21.22:368][361]LogModuleManager: Shutting down and abandoning module AITestSuite (109)
[2015.04.07-08.21.22:368][361]LogModuleManager: Shutting down and abandoning module GameplayDebugger (108)
[2015.04.07-08.21.22:368][361]LogModuleManager: Shutting down and abandoning module AIModule (107)
[2015.04.07-08.21.22:368][361]LogModuleManager: Shutting down and abandoning module ProfilerService (106)
[2015.04.07-08.21.22:461][361]LogModuleManager: Shutting down and abandoning module TaskGraph (105)
[2015.04.07-08.21.22:461][361]LogModuleManager: Shutting down and abandoning module SlateRemote (104)
[2015.04.07-08.21.22:461][361]LogModuleManager: Shutting down and abandoning module ScriptEditorPlugin (103)
[2015.04.07-08.21.22:461][361]LogModuleManager: Shutting down and abandoning module CustomMeshComponent (102)
[2015.04.07-08.21.22:461][361]LogModuleManager: Shutting down and abandoning module CableComponent (101)
[2015.04.07-08.21.22:461][361]LogModuleManager: Shutting down and abandoning module MessagingDebugger (100)
[2015.04.07-08.21.22:461][361]LogModuleManager: Shutting down and abandoning module MediaPlayerEditor (99)
[2015.04.07-08.21.22:461][361]LogModuleManager: Shutting down and abandoning module SpeedTreeImporter (98)
[2015.04.07-08.21.22:461][361]LogModuleManager: Shutting down and abandoning module PluginsEditor (97)
[2015.04.07-08.21.22:461][361]LogModuleManager: Shutting down and abandoning module MainFrame (96)
[2015.04.07-08.21.22:461][361]LogModuleManager: Shutting down and abandoning module EpicSurvey (95)
[2015.04.07-08.21.22:461][361]LogModuleManager: Shutting down and abandoning module DesktopPlatform (94)
[2015.04.07-08.21.22:461][361]LogModuleManager: Shutting down and abandoning module DirectoryWatcher (93)
[2015.04.07-08.21.22:461][361]LogModuleManager: Shutting down and abandoning module HotReload (92)
[2015.04.07-08.21.22:461][361]LogModuleManager: Shutting down and abandoning module VisualStudioSourceCodeAccess (91)
[2015.04.07-08.21.22:461][361]LogModuleManager: Shutting down and abandoning module UObjectPlugin (90)
[2015.04.07-08.21.22:461][361]LogModuleManager: Shutting down and abandoning module SubversionSourceControl (89)
[2015.04.07-08.21.22:461][361]LogModuleManager: Shutting down and abandoning module PerforceSourceControl (88)
[2015.04.07-08.21.22:461][361]LogModuleManager: Shutting down and abandoning module SourceControl (87)
[2015.04.07-08.21.22:461][361]LogModuleManager: Shutting down and abandoning module GitSourceControl (86)
[2015.04.07-08.21.22:461][361]LogModuleManager: Shutting down and abandoning module BlankPlugin (85)
[2015.04.07-08.21.22:461][361]LogModuleManager: Shutting down and abandoning module PaperTiledImporter (84)
[2015.04.07-08.21.22:461][361]LogModuleManager: Shutting down and abandoning module PaperJsonImporter (83)
[2015.04.07-08.21.22:461][361]LogModuleManager: Shutting down and abandoning module ContentBrowser (82)
[2015.04.07-08.21.22:462][361]LogModuleManager: Shutting down and abandoning module Paper2DEditor (81)
[2015.04.07-08.21.22:462][361]LogModuleManager: Shutting down and abandoning module ScriptPlugin (80)
[2015.04.07-08.21.22:462][361]LogModuleManager: Shutting down and abandoning module UdpMessaging (79)
[2015.04.07-08.21.22:563][361]LogModuleManager: Shutting down and abandoning module Paper2D (78)
[2015.04.07-08.21.22:563][361]LogModuleManager: Shutting down and abandoning module WindowsMoviePlayer (77)
[2015.04.07-08.21.22:565][361]LogModuleManager: Shutting down and abandoning module Media (76)
[2015.04.07-08.21.22:565][361]LogModuleManager: Shutting down and abandoning module WmfMedia (75)
[2015.04.07-08.21.22:566][361]LogModuleManager: Shutting down and abandoning module OnlineBlueprintSupport (74)
[2015.04.07-08.21.22:566][361]LogModuleManager: Shutting down and abandoning module PropertyEditor (73)
[2015.04.07-08.21.22:566][361]LogModuleManager: Shutting down and abandoning module BehaviorTreeEditor (72)
[2015.04.07-08.21.22:566][361]LogModuleManager: Shutting down and abandoning module FunctionalTesting (71)
[2015.04.07-08.21.22:566][361]LogModuleManager: Shutting down and abandoning module CollisionAnalyzer (70)
[2015.04.07-08.21.22:566][361]LogModuleManager: Shutting down and abandoning module WorkspaceMenuStructure (69)
[2015.04.07-08.21.22:566][361]LogModuleManager: Shutting down and abandoning module MessageLog (68)
[2015.04.07-08.21.22:566][361]LogModuleManager: Shutting down and abandoning module Sequencer (67)
[2015.04.07-08.21.22:566][361]LogModuleManager: Shutting down and abandoning module AssetTools (66)
[2015.04.07-08.21.22:566][361]LogModuleManager: Shutting down and abandoning module UMGEditor (65)
[2015.04.07-08.21.22:566][361]LogModuleManager: Shutting down and abandoning module UMG (64)
[2015.04.07-08.21.22:566][361]LogModuleManager: Shutting down and abandoning module Slate (63)
[2015.04.07-08.21.22:566][361]LogModuleManager: Shutting down and abandoning module EditorStyle (62)
[2015.04.07-08.21.22:569][361]LogModuleManager: Shutting down and abandoning module SessionServices (61)
[2015.04.07-08.21.22:569][361]LogModuleManager: Shutting down and abandoning module SourceCodeAccess (60)
[2015.04.07-08.21.22:569][361]LogModuleManager: Shutting down and abandoning module HeadMountedDisplay (59)
[2015.04.07-08.21.22:569][361]LogModuleManager: Shutting down and abandoning module XAudio2 (58)
[2015.04.07-08.21.22:569][361]LogModuleManager: Shutting down and abandoning module Networking (56)
[2015.04.07-08.21.22:569][361]LogModuleManager: Shutting down and abandoning module Core (55)
[2015.04.07-08.21.22:569][361]LogModuleManager: Shutting down and abandoning module KismetCompiler (54)
[2015.04.07-08.21.22:569][361]LogModuleManager: Shutting down and abandoning module PhysXFormats (53)
[2015.04.07-08.21.22:569][361]LogModuleManager: Shutting down and abandoning module MeshUtilities (52)
[2015.04.07-08.21.22:569][361]LogModuleManager: Shutting down and abandoning module DerivedDataCache (51)
[2015.04.07-08.21.22:646][361]LogDerivedDataCache: Shutdown
[2015.04.07-08.21.22:646][361]LogModuleManager: Shutting down and abandoning module ShaderFormatOpenGL (50)
[2015.04.07-08.21.22:646][361]LogModuleManager: Shutting down and abandoning module ShaderFormatD3D (49)
[2015.04.07-08.21.22:646][361]LogModuleManager: Shutting down and abandoning module MetalShaderFormat (48)
[2015.04.07-08.21.22:646][361]LogModuleManager: Shutting down and abandoning module TextureFormatUncompressed (47)
[2015.04.07-08.21.22:646][361]LogModuleManager: Shutting down and abandoning module TextureFormatPVR (46)
[2015.04.07-08.21.22:646][361]LogModuleManager: Shutting down and abandoning module TextureFormatIntelISPCTexComp (45)
[2015.04.07-08.21.22:646][361]LogModuleManager: Shutting down and abandoning module TextureFormatDXT (44)
[2015.04.07-08.21.22:646][361]LogModuleManager: Shutting down and abandoning module ImageWrapper (43)
[2015.04.07-08.21.22:646][361]LogModuleManager: Shutting down and abandoning module TextureFormatASTC (42)
[2015.04.07-08.21.22:646][361]LogModuleManager: Shutting down and abandoning module TextureFormatAndroid (41)
[2015.04.07-08.21.22:646][361]LogModuleManager: Shutting down and abandoning module AudioFormatOpus (40)
[2015.04.07-08.21.22:646][361]LogModuleManager: Shutting down and abandoning module AudioFormatOgg (39)
[2015.04.07-08.21.22:646][361]LogModuleManager: Shutting down and abandoning module AudioFormatADPCM (38)
[2015.04.07-08.21.22:646][361]LogModuleManager: Shutting down and abandoning module LinuxTargetPlatform (37)
[2015.04.07-08.21.22:646][361]LogModuleManager: Shutting down and abandoning module LinuxServerTargetPlatform (36)
[2015.04.07-08.21.22:646][361]LogModuleManager: Shutting down and abandoning module LinuxNoEditorTargetPlatform (35)
[2015.04.07-08.21.22:646][361]LogModuleManager: Shutting down and abandoning module Messaging (34)
[2015.04.07-08.21.22:646][361]LogModuleManager: Shutting down and abandoning module IOSTargetPlatform (33)
[2015.04.07-08.21.22:646][361]LogModuleManager: Shutting down and abandoning module HTML5TargetPlatform (32)
[2015.04.07-08.21.22:646][361]LogModuleManager: Shutting down and abandoning module Android_PVRTCTargetPlatform (31)
[2015.04.07-08.21.22:646][361]LogModuleManager: Shutting down and abandoning module Android_ETC2TargetPlatform (30)
[2015.04.07-08.21.22:646][361]LogModuleManager: Shutting down and abandoning module Android_ETC1TargetPlatform (29)
[2015.04.07-08.21.22:646][361]LogModuleManager: Shutting down and abandoning module Android_ES31TargetPlatform (28)
[2015.04.07-08.21.22:646][361]LogModuleManager: Shutting down and abandoning module Android_DXTTargetPlatform (27)
[2015.04.07-08.21.22:646][361]LogModuleManager: Shutting down and abandoning module Android_ATCTargetPlatform (26)
[2015.04.07-08.21.22:646][361]LogModuleManager: Shutting down and abandoning module AndroidTargetPlatform (25)
[2015.04.07-08.21.22:646][361]LogModuleManager: Shutting down and abandoning module WindowsTargetPlatform (24)
[2015.04.07-08.21.22:646][361]LogModuleManager: Shutting down and abandoning module WindowsServerTargetPlatform (23)
[2015.04.07-08.21.22:646][361]LogModuleManager: Shutting down and abandoning module WindowsNoEditorTargetPlatform (22)
[2015.04.07-08.21.22:646][361]LogModuleManager: Shutting down and abandoning module WindowsClientTargetPlatform (21)
[2015.04.07-08.21.22:646][361]LogModuleManager: Shutting down and abandoning module TargetPlatform (20)
[2015.04.07-08.21.22:646][361]LogModuleManager: Shutting down and abandoning module InputCore (19)
[2015.04.07-08.21.22:646][361]LogModuleManager: Shutting down and abandoning module Settings (18)
[2015.04.07-08.21.22:646][361]LogModuleManager: Shutting down and abandoning module OnlineSubsystem (16)
[2015.04.07-08.21.22:646][361]LogModuleManager: Shutting down and abandoning module OculusRift (15)
[2015.04.07-08.21.22:646][361]LogModuleManager: Shutting down and abandoning module ExampleDeviceProfileSelector (14)
[2015.04.07-08.21.22:646][361]LogModuleManager: Shutting down and abandoning module TextureCompressor (13)
[2015.04.07-08.21.22:646][361]LogModuleManager: Shutting down and abandoning module ShaderCore (12)
[2015.04.07-08.21.22:646][361]LogModuleManager: Shutting down and abandoning module Landscape (11)
[2015.04.07-08.21.22:646][361]LogModuleManager: Shutting down and abandoning module SlateRHIRenderer (10)
[2015.04.07-08.21.22:648][361]LogModuleManager: Shutting down and abandoning module OpenGLDrv (9)
[2015.04.07-08.21.22:648][361]LogModuleManager: Shutting down and abandoning module D3D11RHI (8)
[2015.04.07-08.21.22:648][361]LogModuleManager: Shutting down and abandoning module Renderer (7)
[2015.04.07-08.21.22:648][361]LogModuleManager: Shutting down and abandoning module Engine (6)
[2015.04.07-08.21.22:648][361]LogModuleManager: Shutting down and abandoning module CoreUObject (5)
[2015.04.07-08.21.22:648][361]LogModuleManager: Shutting down and abandoning module NetworkFile (4)
[2015.04.07-08.21.22:648][361]LogModuleManager: Shutting down and abandoning module StreamingFile (3)
[2015.04.07-08.21.22:648][361]LogModuleManager: Shutting down and abandoning module SandboxFile (2)
[2015.04.07-08.21.22:648][361]LogModuleManager: Shutting down and abandoning module PakFile (1)
[2015.04.07-08.21.22:648][361]LogExit: Exiting.
[2015.04.07-08.21.22:662][361]Log file closed, 04/07/15 20:21:22
