Log file open, 04/08/15 00:11:00
LogInit:Display: Running engine for game: Mayhem3d
LogInit: Version: 4.7.2-2467323+++depot+UE4-Releases+4.7
LogInit: API Version: 2455222
LogInit: Compiled (64-bit): Mar  2 2015 23:16:34
LogInit: Compiled with Visual C++: 18.00.21005.01
LogInit: Build Configuration: Development
LogInit: Branch Name: ++depot+UE4-Releases+4.7
LogInit: Command line:  
LogInit: Base directory: C:/Program Files/Epic Games/4.7/Engine/Binaries/Win64/
LogInit: Rocket: 1
[2015.04.07-12.11.00:341][  0]LogTaskGraph: Started task graph with 3 named threads and 6 total threads.
[2015.04.07-12.11.00:395][  0]LogOnline:Warning: No default platform service specified for OnlineSubsystem
[2015.04.07-12.11.00:407][  0]LogInit: Presizing for 0 objects not considered by GC, pre-allocating 0 bytes.
[2015.04.07-12.11.00:415][  0]LogInit: Object subsystem initialized
[2015.04.07-12.11.00:417][  0]LogInit: Selected Device Profile: [Windows]
[2015.04.07-12.11.00:417][  0]LogInit: Applying CVar settings loaded from the selected device profile: [Windows]
[2015.04.07-12.11.00:422][  0]LogInit: Computer: AORUS_X3
[2015.04.07-12.11.00:422][  0]LogInit: User: Mike
[2015.04.07-12.11.00:422][  0]LogInit: CPU Page size=4096, Cores=4
[2015.04.07-12.11.00:422][  0]LogInit: High frequency timer resolution =2.338348 MHz
[2015.04.07-12.11.00:422][  0]LogMemory: Memory total: Physical=15.9GB (16GB approx) Virtual=131072.0GB
[2015.04.07-12.11.00:422][  0]LogMemory: Platform Memory Stats for Windows
[2015.04.07-12.11.00:422][  0]LogMemory: Process Physical Memory: 45.45 MB used, 45.45 MB peak
[2015.04.07-12.11.00:422][  0]LogMemory: Process Virtual Memory: 22.34 MB used, 22.35 MB peak
[2015.04.07-12.11.00:422][  0]LogMemory: Physical Memory: 6219.15 MB used, 16301.10 MB total
[2015.04.07-12.11.00:422][  0]LogMemory: Virtual Memory: 292.67 MB used, 134217728.00 MB total
[2015.04.07-12.11.00:444][  0]LogD3D11RHI: Found D3D11 adapter 0: NVIDIA GeForce GTX 870M (Feature Level 11_0)
[2015.04.07-12.11.00:444][  0]LogD3D11RHI: Adapter has 6033MB of dedicated video memory, 0MB of dedicated system memory, and 8150MB of shared system memory, 2 output[s]
[2015.04.07-12.11.00:450][  0]LogD3D11RHI: Found D3D11 adapter 1: Intel(R) Iris(TM) Pro Graphics 5200 (Feature Level 11_0)
[2015.04.07-12.11.00:450][  0]LogD3D11RHI: Adapter has 0MB of dedicated video memory, 0MB of dedicated system memory, and 1792MB of shared system memory, 0 output[s]
[2015.04.07-12.11.00:451][  0]LogD3D11RHI: Found D3D11 adapter 2: Microsoft Basic Render Driver (Feature Level 11_0)
[2015.04.07-12.11.00:451][  0]LogD3D11RHI: Adapter has 0MB of dedicated video memory, 0MB of dedicated system memory, and 256MB of shared system memory, 0 output[s]
[2015.04.07-12.11.00:451][  0]LogD3D11RHI: Chosen D3D11 Adapter Id = 0
[2015.04.07-12.11.00:455][  0]LogRHI: Texture pool is 1361 MB (70% of 1945 MB)
[2015.04.07-12.11.00:461][  0]LogD3D11RHI: Async texture creation enabled
[2015.04.07-12.11.00:514][  0]LogTextLocalizationManager: The requested culture ('en_US') has no localization data; parent culture's ('en') localization data will be used.
[2015.04.07-12.11.00:630][  0]LogContentStreaming: Texture pool size is 0.000000MB
[2015.04.07-12.11.02:626][  0]LogTargetPlatformManager:Display: Building Assets For Windows
[2015.04.07-12.11.03:091][  0]LogTargetPlatformManager:Display: Building Assets For Windows
[2015.04.07-12.11.03:145][  0]LogDerivedDataCache:Display: Max Cache Size: 512 MB
[2015.04.07-12.11.03:179][  0]LogDerivedDataCache: Loaded boot cache 0.03s 39MB C:/Users/Mike/AppData/Local/UnrealEngine/4.7/DerivedDataCache/Boot.ddc.
[2015.04.07-12.11.03:179][  0]LogDerivedDataCache:Display: Loaded Boot cache: C:/Users/Mike/AppData/Local/UnrealEngine/4.7/DerivedDataCache/Boot.ddc
[2015.04.07-12.11.03:179][  0]LogDerivedDataCache: FDerivedDataBackendGraph:  Pak pak cache file ../../../../../../Users/Mike/Desktop/prototype 3/Mayhem3d/DerivedDataCache/DDC.ddp not found, will not use a pak cache.
[2015.04.07-12.11.03:179][  0]LogDerivedDataCache: Unable to find inner node Pak for hierarchical cache Hierarchy.
[2015.04.07-12.11.03:284][  0]LogDerivedDataCache:Display: Pak cache opened for reading ../../../Engine/DerivedDataCache/Compressed.ddp.
[2015.04.07-12.11.03:295][  0]LogDerivedDataCache: Using Local data cache path C:/Users/Mike/AppData/Local/UnrealEngine/Common/DerivedDataCache: Writable
[2015.04.07-12.11.03:531][  0]LogMeshUtilities: No automatic mesh reduction module available
[2015.04.07-12.11.03:531][  0]LogMeshUtilities: No automatic mesh merging module available
[2015.04.07-12.11.03:872][  0]LogInit: WinSock: version 1.1 (2.2), MaxSocks=32767, MaxUdp=65467
[2015.04.07-12.11.03:938][  0]LogSlate:Warning: Failed to load font data from '../../../Engine/Content/Slate/Fonts/Roboto-Italic.ttf'
[2015.04.07-12.11.04:618][  0]UdpMessaging: Initializing bridge on interface 0.0.0.0:0 to multicast group 230.0.0.1:6666.
[2015.04.07-12.11.04:799][  0]SourceControl: Info Source control is disabled
[2015.04.07-12.11.04:799][  0]SourceControl: Info Source control is disabled
[2015.04.07-12.11.04:799][  0]SourceControl: Info Source control is disabled
[2015.04.07-12.11.04:799][  0]LogSourceControl: RunCommandInternalRaw: 'git version'
[2015.04.07-12.11.04:799][  0]LogSourceControl: RunCommandInternalRaw: ExecProcess ReturnCode=2 OutResults=''
[2015.04.07-12.11.04:807][  0]SourceControl: Info Source control is disabled
[2015.04.07-12.11.04:963][  0]LogObj: 24231 objects as part of root set at end of initial load.
[2015.04.07-12.11.04:963][  0]LogUObjectAllocator: 5136440 out of 0 bytes used by permanent object pool.
[2015.04.07-12.11.05:035][  0]LogEngine: Initializing Engine...
[2015.04.07-12.11.07:269][  0]LogInit: XAudio2 using 'SAMSUNG (Intel(R) Display Audio)' : 2 channels at 48 kHz using 16 bits per sample (channel mask 0x3)
[2015.04.07-12.11.07:374][  0]LogInit: FAudioDevice initialized.
[2015.04.07-12.11.07:405][  0]LogAIModule: Creating AISystem for world NewWorld
[2015.04.07-12.11.07:423][  0]LogDerivedDataCache: Saved boot cache 0.02s 39MB C:/Users/Mike/AppData/Local/UnrealEngine/4.7/DerivedDataCache/Boot.ddc.
[2015.04.07-12.11.07:428][  0]LogInit: Texture streaming: Enabled
[2015.04.07-12.11.07:504][  0]LogAnalytics: Creating configured Analytics provider AnalyticsET
[2015.04.07-12.11.07:504][  0]LogAnalytics: ET APIKey = Rocket.Release. APIServer = http://et2.epicgames.com/ET2/. AppVersion = 4.7.2-2467323+++depot+UE4-Releases+4.7
[2015.04.07-12.11.07:504][  0]LogAnalytics: ET APIKey = Rocket.Release. DataRouterUploadURL = https://datarouter-public-service-gamedev.ol.epicgames.net/datarouter/api/v1/public/data. AppVersion = 4.7.2-2467323+++depot+UE4-Releases+4.7
[2015.04.07-12.11.07:504][  0]LogAnalytics: SetUserId 7973641242ab8daaa1a16697fdb176f2|ccb0c50c0d0e47deab22ca04ebced0f2|16dc805b-9417-485d-b6cb-59eb3a26e502
[2015.04.07-12.11.07:505][  0]LogAnalytics: AnalyticsET::StartSession [Rocket.Release]
[2015.04.07-12.11.07:527][  0]LogInit: Transaction tracking system initialized
[2015.04.07-12.11.07:674][  0]BlueprintLog: New page: Editor Load
[2015.04.07-12.11.07:706][  0]LogAssetRegistry: FAssetRegistry took 0.0104 seconds to start up
[2015.04.07-12.11.07:706][  0]LogDirectoryWatcher:Warning: Failed to begin reading directory changes for ../../../Engine/Plugins/Experimental/CharacterAI/Content/. Error: 0
[2015.04.07-12.11.08:200][  0]LogTargetPlatformManager:Display: Building Assets For Windows
[2015.04.07-12.11.08:525][  0]LogTargetPlatformManager:Display: Building Assets For Windows
[2015.04.07-12.11.08:744][  0]LogSlate:Warning: Failed to load font data from '../../../Engine/Content/Editor/Slate/Fonts/Roboto-Regular.ttf'
[2015.04.07-12.11.08:745][  0]LogSlate:Warning: Failed to load font data from '../../../Engine/Content/Editor/Slate/Fonts/Roboto-Bold.ttf'
[2015.04.07-12.11.08:748][  0]LogConsoleResponse:Display: 
[2015.04.07-12.11.08:863][  0]LogCook:Display: Done creating registry. It took  0.00s.
[2015.04.07-12.11.08:987][  0]SourceControl: Info Source control is disabled
[2015.04.07-12.11.24:866][  0]Cmd: MAP LOAD FILE="../../../../../../Users/Mike/Desktop/prototype 3/Mayhem3d/Content/Maps/MiniTDmatch_2.umap" TEMPLATE=0 SHOWPROGRESS=1 FEATURELEVEL=3
[2015.04.07-12.11.24:866][  0]LightingResults: New page: Lighting Build
[2015.04.07-12.11.24:885][  0]MapCheck: New page: Map Check
[2015.04.07-12.11.24:885][  0]LightingResults: New page: Lighting Build
[2015.04.07-12.11.24:895][  0]LogParticles: Destroying 0 GPU particle simulations for FXSystem 0x00000025AC942980
[2015.04.07-12.11.24:897][  0]LogLinker:Warning: Asset '../../../../../../Users/Mike/Desktop/prototype 3/Mayhem3d/Content/Maps/MiniTDmatch_2.umap' has been saved with empty engine version. The asset will be loaded but may be incompatible.
[2015.04.07-12.11.25:111][  0]LogLinker:Warning: Asset '../../../../../../Users/Mike/Desktop/prototype 3/Mayhem3d/Content/ThirdPersonBP/Blueprints/ThirdPersonCharacter.uasset' has been saved with empty engine version. The asset will be loaded but may be incompatible.
[2015.04.07-12.11.25:390][  0]LogLinker:Warning: Asset '../../../../../../Users/Mike/Desktop/prototype 3/Mayhem3d/Content/ThirdPersonBP/Blueprints/AbilityController.uasset' has been saved with empty engine version. The asset will be loaded but may be incompatible.
[2015.04.07-12.11.26:015][  0]LogLinker:Warning: Asset '../../../../../../Users/Mike/Desktop/prototype 3/Mayhem3d/Content/ThirdPersonBP/Blueprints/DamageTypes/ArcaneDamage.uasset' has been saved with empty engine version. The asset will be loaded but may be incompatible.
[2015.04.07-12.11.26:017][  0]LogLinker:Warning: Asset '../../../../../../Users/Mike/Desktop/prototype 3/Mayhem3d/Content/ThirdPersonBP/Blueprints/Projectiles/AOEHealBall.uasset' has been saved with empty engine version. The asset will be loaded but may be incompatible.
[2015.04.07-12.11.26:034][  0]LogLinker:Warning: Asset '../../../../../../Users/Mike/Desktop/prototype 3/Mayhem3d/Content/ThirdPersonBP/Textures/Health/Health_100.uasset' has been saved with empty engine version. The asset will be loaded but may be incompatible.
[2015.04.07-12.11.26:203][  0]LogLinker:Warning: Asset '../../../../../../Users/Mike/Desktop/prototype 3/Mayhem3d/Content/Character/Materials/Red/Brawler_Red.uasset' has been saved with empty engine version. The asset will be loaded but may be incompatible.
[2015.04.07-12.11.26:207][  0]LogLinker:Warning: Asset '../../../../../../Users/Mike/Desktop/prototype 3/Mayhem3d/Content/ThirdPersonBP/Materials/MegaOrbMatterial.uasset' has been saved with empty engine version. The asset will be loaded but may be incompatible.
[2015.04.07-12.11.26:218][  0]LogLinker:Warning: Asset '../../../../../../Users/Mike/Desktop/prototype 3/Mayhem3d/Content/ThirdPersonBP/Blueprints/Projectiles/HealerOrb.uasset' has been saved with empty engine version. The asset will be loaded but may be incompatible.
[2015.04.07-12.11.26:233][  0]LogLinker:Warning: Asset '../../../../../../Users/Mike/Desktop/prototype 3/Mayhem3d/Content/ThirdPersonBP/Blueprints/Projectiles/MageOrb.uasset' has been saved with empty engine version. The asset will be loaded but may be incompatible.
[2015.04.07-12.11.26:237][  0]LogLinker:Warning: Asset '../../../../../../Users/Mike/Desktop/prototype 3/Mayhem3d/Content/ThirdPersonBP/Materials/MageOrbMaterial.uasset' has been saved with empty engine version. The asset will be loaded but may be incompatible.
[2015.04.07-12.11.26:256][  0]LogLinker:Warning: Asset '../../../../../../Users/Mike/Desktop/prototype 3/Mayhem3d/Content/ThirdPersonBP/Blueprints/Projectiles/SlowBall.uasset' has been saved with empty engine version. The asset will be loaded but may be incompatible.
[2015.04.07-12.11.26:260][  0]LogLinker:Warning: Asset '../../../../../../Users/Mike/Desktop/prototype 3/Mayhem3d/Content/ThirdPersonBP/Materials/SlowBallMaterial.uasset' has been saved with empty engine version. The asset will be loaded but may be incompatible.
[2015.04.07-12.11.26:266][  0]LogLinker:Warning: Asset '../../../../../../Users/Mike/Desktop/prototype 3/Mayhem3d/Content/ThirdPersonBP/Blueprints/ThirdPersonGameMode.uasset' has been saved with empty engine version. The asset will be loaded but may be incompatible.
[2015.04.07-12.11.26:270][  0]LogLinker:Warning: Asset '../../../../../../Users/Mike/Desktop/prototype 3/Mayhem3d/Content/Blueprints/GameHUD.uasset' has been saved with empty engine version. The asset will be loaded but may be incompatible.
[2015.04.07-12.11.26:311][  0]LogLinker:Warning: Asset '../../../../../../Users/Mike/Desktop/prototype 3/Mayhem3d/Content/ThirdPersonBP/Blueprints/Scores.uasset' has been saved with empty engine version. The asset will be loaded but may be incompatible.
[2015.04.07-12.11.26:889][  0]LogLinker:Warning: Asset '../../../../../../Users/Mike/Desktop/prototype 3/Mayhem3d/Content/Character/Materials/Blue/Brawler_Blue.uasset' has been saved with empty engine version. The asset will be loaded but may be incompatible.
[2015.04.07-12.11.26:903][  0]LogLinker:Warning: Asset '../../../../../../Users/Mike/Desktop/prototype 3/Mayhem3d/Content/ThirdPersonBP/Materials/PlayerMat_Inst.uasset' has been saved with empty engine version. The asset will be loaded but may be incompatible.
[2015.04.07-12.11.26:903][  0]LogLinker:Warning: Asset '../../../../../../Users/Mike/Desktop/prototype 3/Mayhem3d/Content/ThirdPersonBP/Materials/PlayerMaterial.uasset' has been saved with empty engine version. The asset will be loaded but may be incompatible.
[2015.04.07-12.11.26:905][  0]LogLinker:Warning: Asset '../../../../../../Users/Mike/Desktop/prototype 3/Mayhem3d/Content/ThirdPersonBP/Textures/Health/Health_10.uasset' has been saved with empty engine version. The asset will be loaded but may be incompatible.
[2015.04.07-12.11.26:906][  0]LogLinker:Warning: Asset '../../../../../../Users/Mike/Desktop/prototype 3/Mayhem3d/Content/ThirdPersonBP/Textures/Health/Health_15.uasset' has been saved with empty engine version. The asset will be loaded but may be incompatible.
[2015.04.07-12.11.26:907][  0]LogLinker:Warning: Asset '../../../../../../Users/Mike/Desktop/prototype 3/Mayhem3d/Content/ThirdPersonBP/Textures/Health/Health_20.uasset' has been saved with empty engine version. The asset will be loaded but may be incompatible.
[2015.04.07-12.11.26:907][  0]LogLinker:Warning: Asset '../../../../../../Users/Mike/Desktop/prototype 3/Mayhem3d/Content/ThirdPersonBP/Textures/Health/Health_25.uasset' has been saved with empty engine version. The asset will be loaded but may be incompatible.
[2015.04.07-12.11.26:908][  0]LogLinker:Warning: Asset '../../../../../../Users/Mike/Desktop/prototype 3/Mayhem3d/Content/ThirdPersonBP/Textures/Health/Health_30.uasset' has been saved with empty engine version. The asset will be loaded but may be incompatible.
[2015.04.07-12.11.26:909][  0]LogLinker:Warning: Asset '../../../../../../Users/Mike/Desktop/prototype 3/Mayhem3d/Content/ThirdPersonBP/Textures/Health/Health_35.uasset' has been saved with empty engine version. The asset will be loaded but may be incompatible.
[2015.04.07-12.11.26:909][  0]LogLinker:Warning: Asset '../../../../../../Users/Mike/Desktop/prototype 3/Mayhem3d/Content/ThirdPersonBP/Textures/Health/Health_40.uasset' has been saved with empty engine version. The asset will be loaded but may be incompatible.
[2015.04.07-12.11.26:910][  0]LogLinker:Warning: Asset '../../../../../../Users/Mike/Desktop/prototype 3/Mayhem3d/Content/ThirdPersonBP/Textures/Health/Health_45.uasset' has been saved with empty engine version. The asset will be loaded but may be incompatible.
[2015.04.07-12.11.26:911][  0]LogLinker:Warning: Asset '../../../../../../Users/Mike/Desktop/prototype 3/Mayhem3d/Content/ThirdPersonBP/Textures/Health/Health_5.uasset' has been saved with empty engine version. The asset will be loaded but may be incompatible.
[2015.04.07-12.11.26:911][  0]LogLinker:Warning: Asset '../../../../../../Users/Mike/Desktop/prototype 3/Mayhem3d/Content/ThirdPersonBP/Textures/Health/Health_50.uasset' has been saved with empty engine version. The asset will be loaded but may be incompatible.
[2015.04.07-12.11.26:912][  0]LogLinker:Warning: Asset '../../../../../../Users/Mike/Desktop/prototype 3/Mayhem3d/Content/ThirdPersonBP/Textures/Health/Health_55.uasset' has been saved with empty engine version. The asset will be loaded but may be incompatible.
[2015.04.07-12.11.26:913][  0]LogLinker:Warning: Asset '../../../../../../Users/Mike/Desktop/prototype 3/Mayhem3d/Content/ThirdPersonBP/Textures/Health/Health_60.uasset' has been saved with empty engine version. The asset will be loaded but may be incompatible.
[2015.04.07-12.11.26:914][  0]LogLinker:Warning: Asset '../../../../../../Users/Mike/Desktop/prototype 3/Mayhem3d/Content/ThirdPersonBP/Textures/Health/Health_65.uasset' has been saved with empty engine version. The asset will be loaded but may be incompatible.
[2015.04.07-12.11.26:914][  0]LogLinker:Warning: Asset '../../../../../../Users/Mike/Desktop/prototype 3/Mayhem3d/Content/ThirdPersonBP/Textures/Health/Health_70.uasset' has been saved with empty engine version. The asset will be loaded but may be incompatible.
[2015.04.07-12.11.26:915][  0]LogLinker:Warning: Asset '../../../../../../Users/Mike/Desktop/prototype 3/Mayhem3d/Content/ThirdPersonBP/Textures/Health/Health_75.uasset' has been saved with empty engine version. The asset will be loaded but may be incompatible.
[2015.04.07-12.11.26:916][  0]LogLinker:Warning: Asset '../../../../../../Users/Mike/Desktop/prototype 3/Mayhem3d/Content/ThirdPersonBP/Textures/Health/Health_80.uasset' has been saved with empty engine version. The asset will be loaded but may be incompatible.
[2015.04.07-12.11.26:916][  0]LogLinker:Warning: Asset '../../../../../../Users/Mike/Desktop/prototype 3/Mayhem3d/Content/ThirdPersonBP/Textures/Health/Health_85.uasset' has been saved with empty engine version. The asset will be loaded but may be incompatible.
[2015.04.07-12.11.26:917][  0]LogLinker:Warning: Asset '../../../../../../Users/Mike/Desktop/prototype 3/Mayhem3d/Content/ThirdPersonBP/Textures/Health/Health_90.uasset' has been saved with empty engine version. The asset will be loaded but may be incompatible.
[2015.04.07-12.11.26:918][  0]LogLinker:Warning: Asset '../../../../../../Users/Mike/Desktop/prototype 3/Mayhem3d/Content/ThirdPersonBP/Textures/Health/Health_95.uasset' has been saved with empty engine version. The asset will be loaded but may be incompatible.
[2015.04.07-12.11.28:901][  0]LogLinker:Warning: Asset '../../../../../../Users/Mike/Desktop/prototype 3/Mayhem3d/Content/Textures/ConcreteDirty0323_1_OCC.uasset' has been saved with empty engine version. The asset will be loaded but may be incompatible.
[2015.04.07-12.11.28:918][  0]LogLinker:Warning: Asset '../../../../../../Users/Mike/Desktop/prototype 3/Mayhem3d/Content/Textures/FloorsHexagonal0028_1_N.uasset' has been saved with empty engine version. The asset will be loaded but may be incompatible.
[2015.04.07-12.11.28:945][  0]LogLinker:Warning: Asset '../../../../../../Users/Mike/Desktop/prototype 3/Mayhem3d/Content/StarterContent/Materials/M_Skybox_A_Inst.uasset' has been saved with empty engine version. The asset will be loaded but may be incompatible.
[2015.04.07-12.11.29:079][  0]LogLinker:Warning: Asset '../../../../../../Users/Mike/Desktop/prototype 3/Mayhem3d/Content/ThirdPersonBP/Blueprints/PlayerInterface.uasset' has been saved with empty engine version. The asset will be loaded but may be incompatible.
[2015.04.07-12.11.29:092][  0]LogLinker:Warning: Asset '../../../../../../Users/Mike/Desktop/prototype 3/Mayhem3d/Content/ThirdPersonBP/Textures/charge.uasset' has been saved with empty engine version. The asset will be loaded but may be incompatible.
[2015.04.07-12.11.29:093][  0]LogLinker:Warning: Asset '../../../../../../Users/Mike/Desktop/prototype 3/Mayhem3d/Content/ThirdPersonBP/Textures/fire_button.uasset' has been saved with empty engine version. The asset will be loaded but may be incompatible.
[2015.04.07-12.11.29:094][  0]LogLinker:Warning: Asset '../../../../../../Users/Mike/Desktop/prototype 3/Mayhem3d/Content/ThirdPersonBP/Textures/invisbility.uasset' has been saved with empty engine version. The asset will be loaded but may be incompatible.
[2015.04.07-12.11.29:095][  0]LogLinker:Warning: Asset '../../../../../../Users/Mike/Desktop/prototype 3/Mayhem3d/Content/ThirdPersonBP/Textures/lightning.uasset' has been saved with empty engine version. The asset will be loaded but may be incompatible.
[2015.04.07-12.11.29:095][  0]LogLinker:Warning: Asset '../../../../../../Users/Mike/Desktop/prototype 3/Mayhem3d/Content/ThirdPersonBP/Textures/Orb.uasset' has been saved with empty engine version. The asset will be loaded but may be incompatible.
[2015.04.07-12.11.29:096][  0]LogLinker:Warning: Asset '../../../../../../Users/Mike/Desktop/prototype 3/Mayhem3d/Content/ThirdPersonBP/Textures/plus_crosshair.uasset' has been saved with empty engine version. The asset will be loaded but may be incompatible.
[2015.04.07-12.11.29:097][  0]LogLinker:Warning: Asset '../../../../../../Users/Mike/Desktop/prototype 3/Mayhem3d/Content/ThirdPersonBP/Textures/psychic_button.uasset' has been saved with empty engine version. The asset will be loaded but may be incompatible.
[2015.04.07-12.11.29:097][  0]LogLinker:Warning: Asset '../../../../../../Users/Mike/Desktop/prototype 3/Mayhem3d/Content/ThirdPersonBP/Textures/UI_health_mana.uasset' has been saved with empty engine version. The asset will be loaded but may be incompatible.
[2015.04.07-12.11.29:098][  0]LogLinker:Warning: Asset '../../../../../../Users/Mike/Desktop/prototype 3/Mayhem3d/Content/ThirdPersonBP/Textures/UI_health_mana_depleted.uasset' has been saved with empty engine version. The asset will be loaded but may be incompatible.
[2015.04.07-12.11.29:888][  0]LogBlueprint:Warning: [compiler] Warning Node  Unknown  is not referencing a valid level actor
[2015.04.07-12.11.29:892][  0]LogBlueprint:Warning: [compiler] Warning [0031.26] Compile of MiniTDmatch_2 successful, but with 1 Warning(s) [in 62 ms]
[2015.04.07-12.11.29:893][  0]LogBlueprint:Warning: [compiler] Warning [0031.26] Compile of MiniTDmatch_2 successful, but with 2 Warning(s) [in 0 ms]
[2015.04.07-12.11.29:893][  0]LogBlueprint:Warning: [compiler] Warning [0031.26] Compile of MiniTDmatch_2 successful, but with 3 Warning(s) [in 0 ms]
[2015.04.07-12.11.29:893][  0]LogBlueprint:Warning: [compiler] Warning [0031.26] Compile of MiniTDmatch_2 successful, but with 4 Warning(s) [in 0 ms]
[2015.04.07-12.11.29:973][  0]LogBlueprint:Warning: [compiler] Warning Node  Unknown  is not referencing a valid level actor
[2015.04.07-12.11.29:979][  0]LogBlueprint:Warning: [compiler] Warning [0031.35] Compile of MiniTDmatch_2 successful, but with 1 Warning(s) [in 64 ms]
[2015.04.07-12.11.29:979][  0]LogBlueprint:Warning: [compiler] Warning [0031.35] Compile of MiniTDmatch_2 successful, but with 2 Warning(s) [in 0 ms]
[2015.04.07-12.11.30:887][  0]LogPhysics:Warning: PHYSX: ..\..\PhysXExtensions\src\ExtRigidBodyExt.cpp (234) 4 : computeMassAndInertia: Dynamic actor with illegal collision shapes
[2015.04.07-12.11.30:887][  0]LogPhysics:Warning: PHYSX: ..\..\PhysXExtensions\src\ExtRigidBodyExt.cpp (283) 4 : PxRigidBodyExt::updateMassAndInertia: Mass and inertia computation failed, setting mass to 1 and inertia to (1,1,1)
[2015.04.07-12.11.30:926][  0]LogPhysics:Warning: PHYSX: ..\..\PhysXExtensions\src\ExtRigidBodyExt.cpp (234) 4 : computeMassAndInertia: Dynamic actor with illegal collision shapes
[2015.04.07-12.11.30:926][  0]LogPhysics:Warning: PHYSX: ..\..\PhysXExtensions\src\ExtRigidBodyExt.cpp (283) 4 : PxRigidBodyExt::updateMassAndInertia: Mass and inertia computation failed, setting mass to 1 and inertia to (1,1,1)
[2015.04.07-12.11.30:976][  0]LogEditorServer: Finished looking for orphan Actors (0.000 secs)
[2015.04.07-12.11.30:976][  0]LogAIModule: Creating AISystem for world MiniTDmatch_2
[2015.04.07-12.11.30:977][  0]Cmd: MAP CHECKDEP
[2015.04.07-12.11.30:977][  0]MapCheck: New page: MiniTDmatch_2 - Apr 8, 2015, 12:11:30 PM
[2015.04.07-12.11.31:162][  0]MapCheck: Info Map check complete: 0 Error(s), 0 Warning(s), took 184.6ms to complete.
[2015.04.07-12.11.31:162][  0]LogFileHelpers: Loading map 'MiniTDmatch_2' took 6.297
[2015.04.07-12.11.31:270][  0]LogStats:Warning: MetaData mismatch. Did you assign a stat to two groups? New //STATGROUP_Threads//SplashScreenThread///Thread_10fc_0///////STATCAT_Advanced//// old //STATGROUP_Threads//SplashScreenThread///Thread_3660_0///////STATCAT_Advanced////
[2015.04.07-12.11.31:270][  0]LogCollectionManager: Loaded 0 collections in 0.001912 seconds
[2015.04.07-12.11.31:279][  0]LogContentBrowser: Native class hierarchy populated in 0.0084 seconds. Added 1696 classes and 261 folders.
[2015.04.07-12.11.31:318][  0]LogContentBrowser: Native class hierarchy updated for 'SceneOutliner' in 0.0019 seconds. Added 1 classes and 2 folders.
[2015.04.07-12.11.31:353][  0]LogCrashTracker: Crashtracker disabled due to settings.
[2015.04.07-12.11.31:354][  0]LogSlate:Warning: Failed to load font data from 'Veranda'
[2015.04.07-12.11.31:358][  0]LogUObjectGlobals:Warning: Failed to find object 'Class None.'
[2015.04.07-12.11.31:385][  0]LogLoad: Full Startup: 32.76 seconds (BP compile: 2.10 seconds)
[2015.04.07-12.11.31:451][  0]LogContentBrowser:Verbose: The content browser source was changed by the sources view to '/Game/ThirdPersonBP'
[2015.04.07-12.11.31:640][  0]LogRenderer:Warning: Reallocating scene render targets to support 1008x464 (Frame:2).
[2015.04.07-12.11.32:203][  8]LogAssetRegistry: Asset discovery search completed in 24.5073 seconds
[2015.04.07-12.13.47:431][ 96]LogContentBrowser:Verbose: The content browser source was changed by the sources view to '/Game/Maps'
[2015.04.07-12.13.51:025][311]LogContentBrowser:Verbose: The content browser source was changed by the sources view to '/Game/Menus'
[2015.04.07-12.14.24:120][208]LogContentBrowser:Verbose: The content browser source was changed by the sources view to '/Game/Menus/MenuAssets'
[2015.04.07-12.14.25:930][316]LogContentBrowser:Verbose: The content browser source was changed by the sources view to '/Game/Menus/MenuAssets/MainMenu'
[2015.04.07-12.15.13:629][151]LogContentBrowser:Verbose: The content browser source was changed by the sources view to '/Game/Character'
[2015.04.07-12.15.13:982][170]LogContentBrowser:Verbose: The content browser source was changed by the sources view to '/Game/Maps'
[2015.04.07-12.15.15:821][274]LogLinker:Warning: Asset '../../../../../../Users/Mike/Desktop/prototype 3/Mayhem3d/Content/Maps/MainMenu.umap' has been saved with empty engine version. The asset will be loaded but may be incompatible.
[2015.04.07-12.15.17:922][274]Cmd: OBJ SAVEPACKAGE PACKAGE="/Game/Menus/LobbyWidget" FILE="../../../../../../Users/Mike/Desktop/prototype 3/Mayhem3d/Content/Menus/LobbyWidget.uasset" SILENT=true
[2015.04.07-12.15.17:945][274]LogSavePackage: Save=17.228830ms
[2015.04.07-12.15.17:945][274]LogSavePackage: Moving '../../../../../../Users/Mike/Desktop/prototype 3/Mayhem3d/Saved/LobbyWidgetACC560DA49ABB25063BF1385706BF846.tmp' to '../../../../../../Users/Mike/Desktop/prototype 3/Mayhem3d/Content/Menus/LobbyWidget.uasset'
[2015.04.07-12.15.17:949][274]Cmd: MAP LOAD FILE="../../../../../../Users/Mike/Desktop/prototype 3/Mayhem3d/Content/Maps/MainMenu.umap" TEMPLATE=0 SHOWPROGRESS=1 FEATURELEVEL=3
[2015.04.07-12.15.17:950][274]LightingResults: New page: Lighting Build
[2015.04.07-12.15.17:972][274]LoadErrors: New page: Loading map: MainMenu.umap
[2015.04.07-12.15.18:078][274]MapCheck: New page: Map Check
[2015.04.07-12.15.18:078][274]LightingResults: New page: Lighting Build
[2015.04.07-12.15.18:096][274]LogParticles: Destroying 0 GPU particle simulations for FXSystem 0x00000025B8D9E660
[2015.04.07-12.15.18:107][274]LogEditorServer: Finished looking for orphan Actors (0.000 secs)
[2015.04.07-12.15.18:107][274]LogAIModule: Creating AISystem for world MainMenu
[2015.04.07-12.15.18:131][274]Cmd: MAP CHECKDEP
[2015.04.07-12.15.18:131][274]MapCheck: New page: MainMenu - Apr 8, 2015, 12:15:18 PM
[2015.04.07-12.15.18:244][274]MapCheck: Info Map check complete: 0 Error(s), 0 Warning(s), took 113.51ms to complete.
[2015.04.07-12.15.18:244][274]LogFileHelpers: Loading map 'MainMenu' took 0.297
[2015.04.07-12.15.30:329][940]Cmd: MAP LOAD FILE="../../../../../../Users/Mike/Desktop/prototype 3/Mayhem3d/Content/Maps/Lobby.umap" TEMPLATE=0 SHOWPROGRESS=1 FEATURELEVEL=3
[2015.04.07-12.15.30:329][940]LightingResults: New page: Lighting Build
[2015.04.07-12.15.30:350][940]LoadErrors: New page: Loading map: Lobby.umap
[2015.04.07-12.15.30:372][940]MapCheck: New page: Map Check
[2015.04.07-12.15.30:372][940]LightingResults: New page: Lighting Build
[2015.04.07-12.15.30:389][940]LogParticles: Destroying 0 GPU particle simulations for FXSystem 0x00000025BBA80680
[2015.04.07-12.15.30:389][940]LogParticles: Destroying 0 GPU particle simulations for FXSystem 0x00000025B8146DE0
[2015.04.07-12.15.30:397][940]LogEditorServer: Finished looking for orphan Actors (0.000 secs)
[2015.04.07-12.15.30:398][940]LogAIModule: Creating AISystem for world Lobby
[2015.04.07-12.15.30:422][940]Cmd: MAP CHECKDEP
[2015.04.07-12.15.30:422][940]MapCheck: New page: Lobby - Apr 8, 2015, 12:15:30 PM
[2015.04.07-12.15.30:535][940]MapCheck: Info Map check complete: 0 Error(s), 0 Warning(s), took 113.255ms to complete.
[2015.04.07-12.15.30:536][940]LogFileHelpers: Loading map 'Lobby' took 0.209
[2015.04.07-12.15.33:222][101]LogContentBrowser:Verbose: The content browser source was changed by the sources view to '/Game/Menus'
[2015.04.07-12.15.37:276][344]LogContentBrowser:Verbose: The content browser source was changed by the sources view to '/Game/Maps'
[2015.04.07-12.15.38:537][413]Cmd: MAP LOAD FILE="../../../../../../Users/Mike/Desktop/prototype 3/Mayhem3d/Content/Maps/Lobby.umap" TEMPLATE=0 SHOWPROGRESS=1 FEATURELEVEL=3
[2015.04.07-12.15.38:537][413]LightingResults: New page: Lighting Build
[2015.04.07-12.15.38:558][413]LoadErrors: New page: Loading map: Lobby.umap
[2015.04.07-12.15.38:559][413]MapCheck: New page: Map Check
[2015.04.07-12.15.38:559][413]LightingResults: New page: Lighting Build
[2015.04.07-12.15.38:582][413]LogParticles: Destroying 0 GPU particle simulations for FXSystem 0x00000025B24349A0
[2015.04.07-12.15.38:587][413]LogEditorServer: Finished looking for orphan Actors (0.000 secs)
[2015.04.07-12.15.38:587][413]LogAIModule: Creating AISystem for world Lobby
[2015.04.07-12.15.38:612][413]Cmd: MAP CHECKDEP
[2015.04.07-12.15.38:613][413]MapCheck: New page: Lobby - Apr 8, 2015, 12:15:38 PM
[2015.04.07-12.15.38:727][413]MapCheck: Info Map check complete: 0 Error(s), 0 Warning(s), took 114.084ms to complete.
[2015.04.07-12.15.38:728][413]LogFileHelpers: Loading map 'Lobby' took 0.192
[2015.04.07-12.15.44:159][712]LogUObjectGlobals:Warning: Failed to find object 'Object None.'
[2015.04.07-12.15.44:159][712]LogUObjectGlobals:Warning: Failed to find object 'Object None.'
[2015.04.07-12.15.44:159][712]LogUObjectGlobals:Warning: Failed to find object 'Object None.'
[2015.04.07-12.15.44:159][712]LogUObjectGlobals:Warning: Failed to find object 'Object None.'
[2015.04.07-12.15.44:161][712]LogProperty:Warning: ObjectProperty /Script/Engine.EdGraphPin:LinkedTo.LinkedTo: unresolved reference to 'EdGraphPin'K2Node_Event_305.EdGraphPin_35111''
[2015.04.07-12.15.44:161][712]LogUObjectHash:Warning: Ambiguous search, could be K2Node_CallFunction /Game/Maps/Lobby.Lobby:PersistentLevel.Lobby.EventGraph.K2Node_CallFunction_3623 or K2Node_CallFunction /Game/Menus/MainMenu.MainMenu:EventGraph.K2Node_CallFunction_3623
[2015.04.07-12.15.44:161][712]LogProperty:Warning: ObjectProperty /Script/Engine.EdGraphPin:LinkedTo.LinkedTo: unresolved reference to 'EdGraphPin'K2Node_CallFunction_3623.EdGraphPin_35071''
[2015.04.07-12.15.44:162][712]LogUObjectHash:Warning: Ambiguous search, could be K2Node_CallFunction /Game/Maps/Lobby.Lobby:PersistentLevel.Lobby.EventGraph.K2Node_CallFunction_3623 or K2Node_CallFunction /Game/Menus/MainMenu.MainMenu:EventGraph.K2Node_CallFunction_3623
[2015.04.07-12.15.44:162][712]LogProperty:Warning: ObjectProperty /Script/Engine.EdGraphPin:LinkedTo.LinkedTo: unresolved reference to 'EdGraphPin'K2Node_CallFunction_3623.EdGraphPin_35073''
[2015.04.07-12.15.44:164][712]LogUObjectHash:Warning: Ambiguous search, could be K2Node_VariableSet /Game/Maps/Lobby.Lobby:PersistentLevel.Lobby.EventGraph.K2Node_VariableSet_861 or K2Node_VariableSet /Game/ThirdPersonBP/Blueprints/AbilityController.AbilityController:EventGraph.K2Node_VariableSet_861
[2015.04.07-12.15.44:164][712]LogProperty:Warning: ObjectProperty /Script/Engine.EdGraphPin:LinkedTo.LinkedTo: unresolved reference to 'EdGraphPin'K2Node_VariableSet_861.EdGraphPin_35095''
[2015.04.07-12.15.44:167][712]LogUObjectHash:Warning: Ambiguous search, could be K2Node_VariableSet /Game/Maps/Lobby.Lobby:PersistentLevel.Lobby.EventGraph.K2Node_VariableSet_861 or K2Node_VariableSet /Game/ThirdPersonBP/Blueprints/AbilityController.AbilityController:EventGraph.K2Node_VariableSet_861
[2015.04.07-12.15.44:167][712]LogProperty:Warning: ObjectProperty /Script/Engine.EdGraphPin:LinkedTo.LinkedTo: unresolved reference to 'EdGraphPin'K2Node_VariableSet_861.EdGraphPin_35099''
[2015.04.07-12.15.53:002][219]BlueprintLog: New page: Pre-PIE auto-recompile
[2015.04.07-12.15.53:004][219]LogPlayLevel: [PIE] Compiling Lobby before PIE...
[2015.04.07-12.15.53:071][219]LogPlayLevel: PIE:  Blueprint regeneration took 69 ms (1 blueprints)
[2015.04.07-12.15.53:071][219]PIE: New page: PIE session: Lobby (Apr 8, 2015, 12:15:53 PM)
[2015.04.07-12.15.53:075][219]LogPlayLevel: PIE: StaticDuplicateObject took: (0.003054s)
[2015.04.07-12.15.53:075][219]LogPlayLevel: PIE: World Init took: (0.000396s)
[2015.04.07-12.15.53:076][219]LogPlayLevel: PIE: Created PIE world by copying editor world from /Game/Maps/Lobby.Lobby to /Game/Maps/UEDPIE_0_Lobby.Lobby (0.003577s)
[2015.04.07-12.15.53:145][219]LogWorld: Game class is 'ThirdPersonGameMode_C'
[2015.04.07-12.15.53:147][219]LogAIModule: Creating AISystem for world Lobby
[2015.04.07-12.15.53:148][219]LogWorld: Bringing World /Game/Maps/UEDPIE_0_Lobby.Lobby up for play (max tick rate 60) at 2015.04.08-00.15.53
[2015.04.07-12.15.53:148][219]LogWorld: Bringing up level for play took: 0.000828
[2015.04.07-12.15.53:149][219]LogGameMode: Warning - PATHS NOT DEFINED or NO PLAYERSTART with positive rating
[2015.04.07-12.15.53:151][219]LogArray:Warning: Attempted to get an item from array SpawnPoints out of bounds [0/0]!
[2015.04.07-12.15.53:151][219]LogScript:Warning: Accessed None 'CallFunc_Array_Get_Item'
	ThirdPersonGameMode_C /Game/Maps/UEDPIE_0_Lobby.Lobby:PersistentLevel.ThirdPersonGameMode_C_0
	Function /Game/ThirdPersonBP/Blueprints/ThirdPersonGameMode.ThirdPersonGameMode_C:SpawnRandomLocation:007F
[2015.04.07-12.15.53:151][219]PIE:Error: Error Accessed None 'CallFunc_Array_Get_Item' from node ReturnNode in blueprint ThirdPersonGameMode
[2015.04.07-12.15.53:155][219]PIE: Info Play in editor start time for /Game/Maps/UEDPIE_0_Lobby -0.632
[2015.04.07-12.15.53:156][219]LogArray:Warning: Attempted to get an item from array SpawnPoints out of bounds [0/0]!
[2015.04.07-12.15.53:156][219]LogScript:Warning: Accessed None 'CallFunc_Array_Get_Item'
	ThirdPersonGameMode_C /Game/Maps/UEDPIE_0_Lobby.Lobby:PersistentLevel.ThirdPersonGameMode_C_0
	Function /Game/ThirdPersonBP/Blueprints/ThirdPersonGameMode.ThirdPersonGameMode_C:SpawnRandomLocation:007F
[2015.04.07-12.15.53:156][219]PIE:Error: Error Accessed None 'CallFunc_Array_Get_Item' from node ReturnNode in blueprint ThirdPersonGameMode
[2015.04.07-12.15.53:158][219]LogArray:Warning: Attempted to get an item from array SpawnPoints out of bounds [0/0]!
[2015.04.07-12.15.53:158][219]LogScript:Warning: Accessed None 'CallFunc_Array_Get_Item'
	ThirdPersonGameMode_C /Game/Maps/UEDPIE_0_Lobby.Lobby:PersistentLevel.ThirdPersonGameMode_C_0
	Function /Game/ThirdPersonBP/Blueprints/ThirdPersonGameMode.ThirdPersonGameMode_C:SpawnRandomLocation:007F
[2015.04.07-12.15.53:158][219]PIE:Error: Error Accessed None 'CallFunc_Array_Get_Item' from node ReturnNode in blueprint ThirdPersonGameMode
[2015.04.07-12.15.53:159][219]LogArray:Warning: Attempted to get an item from array SpawnPoints out of bounds [0/0]!
[2015.04.07-12.15.53:159][219]LogScript:Warning: Accessed None 'CallFunc_Array_Get_Item'
	ThirdPersonGameMode_C /Game/Maps/UEDPIE_0_Lobby.Lobby:PersistentLevel.ThirdPersonGameMode_C_0
	Function /Game/ThirdPersonBP/Blueprints/ThirdPersonGameMode.ThirdPersonGameMode_C:SpawnRandomLocation:007F
[2015.04.07-12.15.53:160][219]PIE:Error: Error Accessed None 'CallFunc_Array_Get_Item' from node ReturnNode in blueprint ThirdPersonGameMode
[2015.04.07-12.15.53:161][219]LogArray:Warning: Attempted to get an item from array SpawnPoints out of bounds [0/0]!
[2015.04.07-12.15.53:162][219]LogScript:Warning: Accessed None 'CallFunc_Array_Get_Item'
	ThirdPersonGameMode_C /Game/Maps/UEDPIE_0_Lobby.Lobby:PersistentLevel.ThirdPersonGameMode_C_0
	Function /Game/ThirdPersonBP/Blueprints/ThirdPersonGameMode.ThirdPersonGameMode_C:SpawnRandomLocation:007F
[2015.04.07-12.15.53:162][219]PIE:Error: Error Accessed None 'CallFunc_Array_Get_Item' from node ReturnNode in blueprint ThirdPersonGameMode
[2015.04.07-12.15.53:163][219]LogArray:Warning: Attempted to get an item from array SpawnPoints out of bounds [0/0]!
[2015.04.07-12.15.53:163][219]LogScript:Warning: Accessed None 'CallFunc_Array_Get_Item'
	ThirdPersonGameMode_C /Game/Maps/UEDPIE_0_Lobby.Lobby:PersistentLevel.ThirdPersonGameMode_C_0
	Function /Game/ThirdPersonBP/Blueprints/ThirdPersonGameMode.ThirdPersonGameMode_C:SpawnRandomLocation:007F
[2015.04.07-12.15.53:163][219]PIE:Error: Error Accessed None 'CallFunc_Array_Get_Item' from node ReturnNode in blueprint ThirdPersonGameMode
[2015.04.07-12.15.53:165][219]LogArray:Warning: Attempted to get an item from array SpawnPoints out of bounds [0/0]!
[2015.04.07-12.15.53:165][219]LogScript:Warning: Accessed None 'CallFunc_Array_Get_Item'
	ThirdPersonGameMode_C /Game/Maps/UEDPIE_0_Lobby.Lobby:PersistentLevel.ThirdPersonGameMode_C_0
	Function /Game/ThirdPersonBP/Blueprints/ThirdPersonGameMode.ThirdPersonGameMode_C:SpawnRandomLocation:007F
[2015.04.07-12.15.53:165][219]PIE:Error: Error Accessed None 'CallFunc_Array_Get_Item' from node ReturnNode in blueprint ThirdPersonGameMode
[2015.04.07-12.15.53:166][219]LogArray:Warning: Attempted to get an item from array SpawnPoints out of bounds [0/0]!
[2015.04.07-12.15.53:166][219]LogScript:Warning: Accessed None 'CallFunc_Array_Get_Item'
	ThirdPersonGameMode_C /Game/Maps/UEDPIE_0_Lobby.Lobby:PersistentLevel.ThirdPersonGameMode_C_0
	Function /Game/ThirdPersonBP/Blueprints/ThirdPersonGameMode.ThirdPersonGameMode_C:SpawnRandomLocation:007F
[2015.04.07-12.15.53:166][219]PIE:Error: Error Accessed None 'CallFunc_Array_Get_Item' from node ReturnNode in blueprint ThirdPersonGameMode
[2015.04.07-12.15.53:168][219]LogArray:Warning: Attempted to get an item from array SpawnPoints out of bounds [0/0]!
[2015.04.07-12.15.53:168][219]LogScript:Warning: Accessed None 'CallFunc_Array_Get_Item'
	ThirdPersonGameMode_C /Game/Maps/UEDPIE_0_Lobby.Lobby:PersistentLevel.ThirdPersonGameMode_C_0
	Function /Game/ThirdPersonBP/Blueprints/ThirdPersonGameMode.ThirdPersonGameMode_C:SpawnRandomLocation:007F
[2015.04.07-12.15.53:168][219]PIE:Error: Error Accessed None 'CallFunc_Array_Get_Item' from node ReturnNode in blueprint ThirdPersonGameMode
[2015.04.07-12.15.53:170][219]LogArray:Warning: Attempted to get an item from array SpawnPoints out of bounds [0/0]!
[2015.04.07-12.15.53:170][219]LogScript:Warning: Accessed None 'CallFunc_Array_Get_Item'
	ThirdPersonGameMode_C /Game/Maps/UEDPIE_0_Lobby.Lobby:PersistentLevel.ThirdPersonGameMode_C_0
	Function /Game/ThirdPersonBP/Blueprints/ThirdPersonGameMode.ThirdPersonGameMode_C:SpawnRandomLocation:007F
[2015.04.07-12.15.53:170][219]PIE:Error: Error Accessed None 'CallFunc_Array_Get_Item' from node ReturnNode in blueprint ThirdPersonGameMode
[2015.04.07-12.15.53:172][219]LogArray:Warning: Attempted to get an item from array SpawnPoints out of bounds [0/0]!
[2015.04.07-12.15.53:172][219]LogScript:Warning: Accessed None 'CallFunc_Array_Get_Item'
	ThirdPersonGameMode_C /Game/Maps/UEDPIE_0_Lobby.Lobby:PersistentLevel.ThirdPersonGameMode_C_0
	Function /Game/ThirdPersonBP/Blueprints/ThirdPersonGameMode.ThirdPersonGameMode_C:SpawnRandomLocation:007F
[2015.04.07-12.15.53:172][219]PIE:Error: Error Accessed None 'CallFunc_Array_Get_Item' from node ReturnNode in blueprint ThirdPersonGameMode
[2015.04.07-12.15.53:174][219]LogArray:Warning: Attempted to get an item from array SpawnPoints out of bounds [0/0]!
[2015.04.07-12.15.53:174][219]LogScript:Warning: Accessed None 'CallFunc_Array_Get_Item'
	ThirdPersonGameMode_C /Game/Maps/UEDPIE_0_Lobby.Lobby:PersistentLevel.ThirdPersonGameMode_C_0
	Function /Game/ThirdPersonBP/Blueprints/ThirdPersonGameMode.ThirdPersonGameMode_C:SpawnRandomLocation:007F
[2015.04.07-12.15.53:174][219]PIE:Error: Error Accessed None 'CallFunc_Array_Get_Item' from node ReturnNode in blueprint ThirdPersonGameMode
[2015.04.07-12.15.53:175][219]LogArray:Warning: Attempted to get an item from array SpawnPoints out of bounds [0/0]!
[2015.04.07-12.15.53:175][219]LogScript:Warning: Accessed None 'CallFunc_Array_Get_Item'
	ThirdPersonGameMode_C /Game/Maps/UEDPIE_0_Lobby.Lobby:PersistentLevel.ThirdPersonGameMode_C_0
	Function /Game/ThirdPersonBP/Blueprints/ThirdPersonGameMode.ThirdPersonGameMode_C:SpawnRandomLocation:007F
[2015.04.07-12.15.53:175][219]PIE:Error: Error Accessed None 'CallFunc_Array_Get_Item' from node ReturnNode in blueprint ThirdPersonGameMode
[2015.04.07-12.15.53:177][219]LogArray:Warning: Attempted to get an item from array SpawnPoints out of bounds [0/0]!
[2015.04.07-12.15.53:177][219]LogScript:Warning: Accessed None 'CallFunc_Array_Get_Item'
	ThirdPersonGameMode_C /Game/Maps/UEDPIE_0_Lobby.Lobby:PersistentLevel.ThirdPersonGameMode_C_0
	Function /Game/ThirdPersonBP/Blueprints/ThirdPersonGameMode.ThirdPersonGameMode_C:SpawnRandomLocation:007F
[2015.04.07-12.15.53:177][219]PIE:Error: Error Accessed None 'CallFunc_Array_Get_Item' from node ReturnNode in blueprint ThirdPersonGameMode
[2015.04.07-12.15.53:178][219]LogArray:Warning: Attempted to get an item from array SpawnPoints out of bounds [0/0]!
[2015.04.07-12.15.53:178][219]LogScript:Warning: Accessed None 'CallFunc_Array_Get_Item'
	ThirdPersonGameMode_C /Game/Maps/UEDPIE_0_Lobby.Lobby:PersistentLevel.ThirdPersonGameMode_C_0
	Function /Game/ThirdPersonBP/Blueprints/ThirdPersonGameMode.ThirdPersonGameMode_C:SpawnRandomLocation:007F
[2015.04.07-12.15.53:179][219]PIE:Error: Error Accessed None 'CallFunc_Array_Get_Item' from node ReturnNode in blueprint ThirdPersonGameMode
[2015.04.07-12.15.53:180][219]LogArray:Warning: Attempted to get an item from array SpawnPoints out of bounds [0/0]!
[2015.04.07-12.15.53:180][219]LogScript:Warning: Accessed None 'CallFunc_Array_Get_Item'
	ThirdPersonGameMode_C /Game/Maps/UEDPIE_0_Lobby.Lobby:PersistentLevel.ThirdPersonGameMode_C_0
	Function /Game/ThirdPersonBP/Blueprints/ThirdPersonGameMode.ThirdPersonGameMode_C:SpawnRandomLocation:007F
[2015.04.07-12.15.53:180][219]PIE:Error: Error Accessed None 'CallFunc_Array_Get_Item' from node ReturnNode in blueprint ThirdPersonGameMode
[2015.04.07-12.15.53:182][219]LogArray:Warning: Attempted to get an item from array SpawnPoints out of bounds [0/0]!
[2015.04.07-12.15.53:182][219]LogScript:Warning: Accessed None 'CallFunc_Array_Get_Item'
	ThirdPersonGameMode_C /Game/Maps/UEDPIE_0_Lobby.Lobby:PersistentLevel.ThirdPersonGameMode_C_0
	Function /Game/ThirdPersonBP/Blueprints/ThirdPersonGameMode.ThirdPersonGameMode_C:SpawnRandomLocation:007F
[2015.04.07-12.15.53:182][219]PIE:Error: Error Accessed None 'CallFunc_Array_Get_Item' from node ReturnNode in blueprint ThirdPersonGameMode
[2015.04.07-12.15.53:183][219]LogArray:Warning: Attempted to get an item from array SpawnPoints out of bounds [0/0]!
[2015.04.07-12.15.53:183][219]LogScript:Warning: Accessed None 'CallFunc_Array_Get_Item'
	ThirdPersonGameMode_C /Game/Maps/UEDPIE_0_Lobby.Lobby:PersistentLevel.ThirdPersonGameMode_C_0
	Function /Game/ThirdPersonBP/Blueprints/ThirdPersonGameMode.ThirdPersonGameMode_C:SpawnRandomLocation:007F
[2015.04.07-12.15.53:183][219]PIE:Error: Error Accessed None 'CallFunc_Array_Get_Item' from node ReturnNode in blueprint ThirdPersonGameMode
[2015.04.07-12.15.53:185][219]LogArray:Warning: Attempted to get an item from array SpawnPoints out of bounds [0/0]!
[2015.04.07-12.15.53:185][219]LogScript:Warning: Accessed None 'CallFunc_Array_Get_Item'
	ThirdPersonGameMode_C /Game/Maps/UEDPIE_0_Lobby.Lobby:PersistentLevel.ThirdPersonGameMode_C_0
	Function /Game/ThirdPersonBP/Blueprints/ThirdPersonGameMode.ThirdPersonGameMode_C:SpawnRandomLocation:007F
[2015.04.07-12.15.53:186][219]PIE:Error: Error Accessed None 'CallFunc_Array_Get_Item' from node ReturnNode in blueprint ThirdPersonGameMode
[2015.04.07-12.15.53:187][219]LogArray:Warning: Attempted to get an item from array SpawnPoints out of bounds [0/0]!
[2015.04.07-12.15.53:187][219]LogScript:Warning: Accessed None 'CallFunc_Array_Get_Item'
	ThirdPersonGameMode_C /Game/Maps/UEDPIE_0_Lobby.Lobby:PersistentLevel.ThirdPersonGameMode_C_0
	Function /Game/ThirdPersonBP/Blueprints/ThirdPersonGameMode.ThirdPersonGameMode_C:SpawnRandomLocation:007F
[2015.04.07-12.15.53:187][219]PIE:Error: Error Accessed None 'CallFunc_Array_Get_Item' from node ReturnNode in blueprint ThirdPersonGameMode
[2015.04.07-12.15.53:189][219]LogArray:Warning: Attempted to get an item from array SpawnPoints out of bounds [0/0]!
[2015.04.07-12.15.53:189][219]LogScript:Warning: Accessed None 'CallFunc_Array_Get_Item'
	ThirdPersonGameMode_C /Game/Maps/UEDPIE_0_Lobby.Lobby:PersistentLevel.ThirdPersonGameMode_C_0
	Function /Game/ThirdPersonBP/Blueprints/ThirdPersonGameMode.ThirdPersonGameMode_C:SpawnRandomLocation:007F
[2015.04.07-12.15.53:189][219]PIE:Error: Error Accessed None 'CallFunc_Array_Get_Item' from node ReturnNode in blueprint ThirdPersonGameMode
[2015.04.07-12.15.53:191][219]LogArray:Warning: Attempted to get an item from array SpawnPoints out of bounds [0/0]!
[2015.04.07-12.15.53:191][219]LogScript:Warning: Accessed None 'CallFunc_Array_Get_Item'
	ThirdPersonGameMode_C /Game/Maps/UEDPIE_0_Lobby.Lobby:PersistentLevel.ThirdPersonGameMode_C_0
	Function /Game/ThirdPersonBP/Blueprints/ThirdPersonGameMode.ThirdPersonGameMode_C:SpawnRandomLocation:007F
[2015.04.07-12.15.53:191][219]PIE:Error: Error Accessed None 'CallFunc_Array_Get_Item' from node ReturnNode in blueprint ThirdPersonGameMode
[2015.04.07-12.15.53:192][219]LogArray:Warning: Attempted to get an item from array SpawnPoints out of bounds [0/0]!
[2015.04.07-12.15.53:192][219]LogScript:Warning: Accessed None 'CallFunc_Array_Get_Item'
	ThirdPersonGameMode_C /Game/Maps/UEDPIE_0_Lobby.Lobby:PersistentLevel.ThirdPersonGameMode_C_0
	Function /Game/ThirdPersonBP/Blueprints/ThirdPersonGameMode.ThirdPersonGameMode_C:SpawnRandomLocation:007F
[2015.04.07-12.15.53:192][219]PIE:Error: Error Accessed None 'CallFunc_Array_Get_Item' from node ReturnNode in blueprint ThirdPersonGameMode
[2015.04.07-12.15.53:194][219]LogArray:Warning: Attempted to get an item from array SpawnPoints out of bounds [0/0]!
[2015.04.07-12.15.53:194][219]LogScript:Warning: Accessed None 'CallFunc_Array_Get_Item'
	ThirdPersonGameMode_C /Game/Maps/UEDPIE_0_Lobby.Lobby:PersistentLevel.ThirdPersonGameMode_C_0
	Function /Game/ThirdPersonBP/Blueprints/ThirdPersonGameMode.ThirdPersonGameMode_C:SpawnRandomLocation:007F
[2015.04.07-12.15.53:194][219]PIE:Error: Error Accessed None 'CallFunc_Array_Get_Item' from node ReturnNode in blueprint ThirdPersonGameMode
[2015.04.07-12.15.53:195][219]LogArray:Warning: Attempted to get an item from array SpawnPoints out of bounds [0/0]!
[2015.04.07-12.15.53:195][219]LogScript:Warning: Accessed None 'CallFunc_Array_Get_Item'
	ThirdPersonGameMode_C /Game/Maps/UEDPIE_0_Lobby.Lobby:PersistentLevel.ThirdPersonGameMode_C_0
	Function /Game/ThirdPersonBP/Blueprints/ThirdPersonGameMode.ThirdPersonGameMode_C:SpawnRandomLocation:007F
[2015.04.07-12.15.53:196][219]PIE:Error: Error Accessed None 'CallFunc_Array_Get_Item' from node ReturnNode in blueprint ThirdPersonGameMode
[2015.04.07-12.15.53:197][219]LogArray:Warning: Attempted to get an item from array SpawnPoints out of bounds [0/0]!
[2015.04.07-12.15.53:197][219]LogScript:Warning: Accessed None 'CallFunc_Array_Get_Item'
	ThirdPersonGameMode_C /Game/Maps/UEDPIE_0_Lobby.Lobby:PersistentLevel.ThirdPersonGameMode_C_0
	Function /Game/ThirdPersonBP/Blueprints/ThirdPersonGameMode.ThirdPersonGameMode_C:SpawnRandomLocation:007F
[2015.04.07-12.15.53:197][219]PIE:Error: Error Accessed None 'CallFunc_Array_Get_Item' from node ReturnNode in blueprint ThirdPersonGameMode
[2015.04.07-12.15.53:198][219]LogArray:Warning: Attempted to get an item from array SpawnPoints out of bounds [0/0]!
[2015.04.07-12.15.53:198][219]LogScript:Warning: Accessed None 'CallFunc_Array_Get_Item'
	ThirdPersonGameMode_C /Game/Maps/UEDPIE_0_Lobby.Lobby:PersistentLevel.ThirdPersonGameMode_C_0
	Function /Game/ThirdPersonBP/Blueprints/ThirdPersonGameMode.ThirdPersonGameMode_C:SpawnRandomLocation:007F
[2015.04.07-12.15.53:199][219]PIE:Error: Error Accessed None 'CallFunc_Array_Get_Item' from node ReturnNode in blueprint ThirdPersonGameMode
[2015.04.07-12.15.53:201][219]LogArray:Warning: Attempted to get an item from array SpawnPoints out of bounds [0/0]!
[2015.04.07-12.15.53:201][219]LogScript:Warning: Accessed None 'CallFunc_Array_Get_Item'
	ThirdPersonGameMode_C /Game/Maps/UEDPIE_0_Lobby.Lobby:PersistentLevel.ThirdPersonGameMode_C_0
	Function /Game/ThirdPersonBP/Blueprints/ThirdPersonGameMode.ThirdPersonGameMode_C:SpawnRandomLocation:007F
[2015.04.07-12.15.53:201][219]PIE:Error: Error Accessed None 'CallFunc_Array_Get_Item' from node ReturnNode in blueprint ThirdPersonGameMode
[2015.04.07-12.15.53:202][219]LogArray:Warning: Attempted to get an item from array SpawnPoints out of bounds [0/0]!
[2015.04.07-12.15.53:202][219]LogScript:Warning: Accessed None 'CallFunc_Array_Get_Item'
	ThirdPersonGameMode_C /Game/Maps/UEDPIE_0_Lobby.Lobby:PersistentLevel.ThirdPersonGameMode_C_0
	Function /Game/ThirdPersonBP/Blueprints/ThirdPersonGameMode.ThirdPersonGameMode_C:SpawnRandomLocation:007F
[2015.04.07-12.15.53:203][219]PIE:Error: Error Accessed None 'CallFunc_Array_Get_Item' from node ReturnNode in blueprint ThirdPersonGameMode
[2015.04.07-12.15.53:204][219]LogArray:Warning: Attempted to get an item from array SpawnPoints out of bounds [0/0]!
[2015.04.07-12.15.53:204][219]LogScript:Warning: Accessed None 'CallFunc_Array_Get_Item'
	ThirdPersonGameMode_C /Game/Maps/UEDPIE_0_Lobby.Lobby:PersistentLevel.ThirdPersonGameMode_C_0
	Function /Game/ThirdPersonBP/Blueprints/ThirdPersonGameMode.ThirdPersonGameMode_C:SpawnRandomLocation:007F
[2015.04.07-12.15.53:204][219]PIE:Error: Error Accessed None 'CallFunc_Array_Get_Item' from node ReturnNode in blueprint ThirdPersonGameMode
[2015.04.07-12.15.53:206][219]LogArray:Warning: Attempted to get an item from array SpawnPoints out of bounds [0/0]!
[2015.04.07-12.15.53:206][219]LogScript:Warning: Accessed None 'CallFunc_Array_Get_Item'
	ThirdPersonGameMode_C /Game/Maps/UEDPIE_0_Lobby.Lobby:PersistentLevel.ThirdPersonGameMode_C_0
	Function /Game/ThirdPersonBP/Blueprints/ThirdPersonGameMode.ThirdPersonGameMode_C:SpawnRandomLocation:007F
[2015.04.07-12.15.53:206][219]PIE:Error: Error Accessed None 'CallFunc_Array_Get_Item' from node ReturnNode in blueprint ThirdPersonGameMode
[2015.04.07-12.15.53:208][219]LogArray:Warning: Attempted to get an item from array SpawnPoints out of bounds [0/0]!
[2015.04.07-12.15.53:208][219]LogScript:Warning: Accessed None 'CallFunc_Array_Get_Item'
	ThirdPersonGameMode_C /Game/Maps/UEDPIE_0_Lobby.Lobby:PersistentLevel.ThirdPersonGameMode_C_0
	Function /Game/ThirdPersonBP/Blueprints/ThirdPersonGameMode.ThirdPersonGameMode_C:SpawnRandomLocation:007F
[2015.04.07-12.15.53:208][219]PIE:Error: Error Accessed None 'CallFunc_Array_Get_Item' from node ReturnNode in blueprint ThirdPersonGameMode
[2015.04.07-12.15.53:209][219]LogArray:Warning: Attempted to get an item from array SpawnPoints out of bounds [0/0]!
[2015.04.07-12.15.53:209][219]LogScript:Warning: Accessed None 'CallFunc_Array_Get_Item'
	ThirdPersonGameMode_C /Game/Maps/UEDPIE_0_Lobby.Lobby:PersistentLevel.ThirdPersonGameMode_C_0
	Function /Game/ThirdPersonBP/Blueprints/ThirdPersonGameMode.ThirdPersonGameMode_C:SpawnRandomLocation:007F
[2015.04.07-12.15.53:210][219]PIE:Error: Error Accessed None 'CallFunc_Array_Get_Item' from node ReturnNode in blueprint ThirdPersonGameMode
[2015.04.07-12.15.53:211][219]LogArray:Warning: Attempted to get an item from array SpawnPoints out of bounds [0/0]!
[2015.04.07-12.15.53:211][219]LogScript:Warning: Accessed None 'CallFunc_Array_Get_Item'
	ThirdPersonGameMode_C /Game/Maps/UEDPIE_0_Lobby.Lobby:PersistentLevel.ThirdPersonGameMode_C_0
	Function /Game/ThirdPersonBP/Blueprints/ThirdPersonGameMode.ThirdPersonGameMode_C:SpawnRandomLocation:007F
[2015.04.07-12.15.53:211][219]PIE:Error: Error Accessed None 'CallFunc_Array_Get_Item' from node ReturnNode in blueprint ThirdPersonGameMode
[2015.04.07-12.15.53:212][219]LogArray:Warning: Attempted to get an item from array SpawnPoints out of bounds [0/0]!
[2015.04.07-12.15.53:213][219]LogScript:Warning: Accessed None 'CallFunc_Array_Get_Item'
	ThirdPersonGameMode_C /Game/Maps/UEDPIE_0_Lobby.Lobby:PersistentLevel.ThirdPersonGameMode_C_0
	Function /Game/ThirdPersonBP/Blueprints/ThirdPersonGameMode.ThirdPersonGameMode_C:SpawnRandomLocation:007F
[2015.04.07-12.15.53:213][219]PIE:Error: Error Accessed None 'CallFunc_Array_Get_Item' from node ReturnNode in blueprint ThirdPersonGameMode
[2015.04.07-12.15.53:214][219]LogArray:Warning: Attempted to get an item from array SpawnPoints out of bounds [0/0]!
[2015.04.07-12.15.53:214][219]LogScript:Warning: Accessed None 'CallFunc_Array_Get_Item'
	ThirdPersonGameMode_C /Game/Maps/UEDPIE_0_Lobby.Lobby:PersistentLevel.ThirdPersonGameMode_C_0
	Function /Game/ThirdPersonBP/Blueprints/ThirdPersonGameMode.ThirdPersonGameMode_C:SpawnRandomLocation:007F
[2015.04.07-12.15.53:214][219]PIE:Error: Error Accessed None 'CallFunc_Array_Get_Item' from node ReturnNode in blueprint ThirdPersonGameMode
[2015.04.07-12.15.53:216][219]LogArray:Warning: Attempted to get an item from array SpawnPoints out of bounds [0/0]!
[2015.04.07-12.15.53:216][219]LogScript:Warning: Accessed None 'CallFunc_Array_Get_Item'
	ThirdPersonGameMode_C /Game/Maps/UEDPIE_0_Lobby.Lobby:PersistentLevel.ThirdPersonGameMode_C_0
	Function /Game/ThirdPersonBP/Blueprints/ThirdPersonGameMode.ThirdPersonGameMode_C:SpawnRandomLocation:007F
[2015.04.07-12.15.53:216][219]PIE:Error: Error Accessed None 'CallFunc_Array_Get_Item' from node ReturnNode in blueprint ThirdPersonGameMode
[2015.04.07-12.15.53:217][219]LogArray:Warning: Attempted to get an item from array SpawnPoints out of bounds [0/0]!
[2015.04.07-12.15.53:217][219]LogScript:Warning: Accessed None 'CallFunc_Array_Get_Item'
	ThirdPersonGameMode_C /Game/Maps/UEDPIE_0_Lobby.Lobby:PersistentLevel.ThirdPersonGameMode_C_0
	Function /Game/ThirdPersonBP/Blueprints/ThirdPersonGameMode.ThirdPersonGameMode_C:SpawnRandomLocation:007F
[2015.04.07-12.15.53:217][219]PIE:Error: Error Accessed None 'CallFunc_Array_Get_Item' from node ReturnNode in blueprint ThirdPersonGameMode
[2015.04.07-12.15.53:219][219]LogArray:Warning: Attempted to get an item from array SpawnPoints out of bounds [0/0]!
[2015.04.07-12.15.53:219][219]LogScript:Warning: Accessed None 'CallFunc_Array_Get_Item'
	ThirdPersonGameMode_C /Game/Maps/UEDPIE_0_Lobby.Lobby:PersistentLevel.ThirdPersonGameMode_C_0
	Function /Game/ThirdPersonBP/Blueprints/ThirdPersonGameMode.ThirdPersonGameMode_C:SpawnRandomLocation:007F
[2015.04.07-12.15.53:219][219]PIE:Error: Error Accessed None 'CallFunc_Array_Get_Item' from node ReturnNode in blueprint ThirdPersonGameMode
[2015.04.07-12.15.53:221][219]LogArray:Warning: Attempted to get an item from array SpawnPoints out of bounds [0/0]!
[2015.04.07-12.15.53:221][219]LogScript:Warning: Accessed None 'CallFunc_Array_Get_Item'
	ThirdPersonGameMode_C /Game/Maps/UEDPIE_0_Lobby.Lobby:PersistentLevel.ThirdPersonGameMode_C_0
	Function /Game/ThirdPersonBP/Blueprints/ThirdPersonGameMode.ThirdPersonGameMode_C:SpawnRandomLocation:007F
[2015.04.07-12.15.53:221][219]PIE:Error: Error Accessed None 'CallFunc_Array_Get_Item' from node ReturnNode in blueprint ThirdPersonGameMode
[2015.04.07-12.15.53:223][219]LogArray:Warning: Attempted to get an item from array SpawnPoints out of bounds [0/0]!
[2015.04.07-12.15.53:223][219]LogScript:Warning: Accessed None 'CallFunc_Array_Get_Item'
	ThirdPersonGameMode_C /Game/Maps/UEDPIE_0_Lobby.Lobby:PersistentLevel.ThirdPersonGameMode_C_0
	Function /Game/ThirdPersonBP/Blueprints/ThirdPersonGameMode.ThirdPersonGameMode_C:SpawnRandomLocation:007F
[2015.04.07-12.15.53:223][219]PIE:Error: Error Accessed None 'CallFunc_Array_Get_Item' from node ReturnNode in blueprint ThirdPersonGameMode
[2015.04.07-12.15.53:225][219]LogArray:Warning: Attempted to get an item from array SpawnPoints out of bounds [0/0]!
[2015.04.07-12.15.53:225][219]LogScript:Warning: Accessed None 'CallFunc_Array_Get_Item'
	ThirdPersonGameMode_C /Game/Maps/UEDPIE_0_Lobby.Lobby:PersistentLevel.ThirdPersonGameMode_C_0
	Function /Game/ThirdPersonBP/Blueprints/ThirdPersonGameMode.ThirdPersonGameMode_C:SpawnRandomLocation:007F
[2015.04.07-12.15.53:225][219]PIE:Error: Error Accessed None 'CallFunc_Array_Get_Item' from node ReturnNode in blueprint ThirdPersonGameMode
[2015.04.07-12.15.53:226][219]LogArray:Warning: Attempted to get an item from array SpawnPoints out of bounds [0/0]!
[2015.04.07-12.15.53:226][219]LogScript:Warning: Accessed None 'CallFunc_Array_Get_Item'
	ThirdPersonGameMode_C /Game/Maps/UEDPIE_0_Lobby.Lobby:PersistentLevel.ThirdPersonGameMode_C_0
	Function /Game/ThirdPersonBP/Blueprints/ThirdPersonGameMode.ThirdPersonGameMode_C:SpawnRandomLocation:007F
[2015.04.07-12.15.53:226][219]PIE:Error: Error Accessed None 'CallFunc_Array_Get_Item' from node ReturnNode in blueprint ThirdPersonGameMode
[2015.04.07-12.15.53:228][219]LogArray:Warning: Attempted to get an item from array SpawnPoints out of bounds [0/0]!
[2015.04.07-12.15.53:228][219]LogScript:Warning: Accessed None 'CallFunc_Array_Get_Item'
	ThirdPersonGameMode_C /Game/Maps/UEDPIE_0_Lobby.Lobby:PersistentLevel.ThirdPersonGameMode_C_0
	Function /Game/ThirdPersonBP/Blueprints/ThirdPersonGameMode.ThirdPersonGameMode_C:SpawnRandomLocation:007F
[2015.04.07-12.15.53:228][219]PIE:Error: Error Accessed None 'CallFunc_Array_Get_Item' from node ReturnNode in blueprint ThirdPersonGameMode
[2015.04.07-12.15.53:229][219]LogArray:Warning: Attempted to get an item from array SpawnPoints out of bounds [0/0]!
[2015.04.07-12.15.53:229][219]LogScript:Warning: Accessed None 'CallFunc_Array_Get_Item'
	ThirdPersonGameMode_C /Game/Maps/UEDPIE_0_Lobby.Lobby:PersistentLevel.ThirdPersonGameMode_C_0
	Function /Game/ThirdPersonBP/Blueprints/ThirdPersonGameMode.ThirdPersonGameMode_C:SpawnRandomLocation:007F
[2015.04.07-12.15.53:230][219]PIE:Error: Error Accessed None 'CallFunc_Array_Get_Item' from node ReturnNode in blueprint ThirdPersonGameMode
[2015.04.07-12.15.53:231][219]LogArray:Warning: Attempted to get an item from array SpawnPoints out of bounds [0/0]!
[2015.04.07-12.15.53:231][219]LogScript:Warning: Accessed None 'CallFunc_Array_Get_Item'
	ThirdPersonGameMode_C /Game/Maps/UEDPIE_0_Lobby.Lobby:PersistentLevel.ThirdPersonGameMode_C_0
	Function /Game/ThirdPersonBP/Blueprints/ThirdPersonGameMode.ThirdPersonGameMode_C:SpawnRandomLocation:007F
[2015.04.07-12.15.53:231][219]PIE:Error: Error Accessed None 'CallFunc_Array_Get_Item' from node ReturnNode in blueprint ThirdPersonGameMode
[2015.04.07-12.15.53:233][219]LogArray:Warning: Attempted to get an item from array SpawnPoints out of bounds [0/0]!
[2015.04.07-12.15.53:233][219]LogScript:Warning: Accessed None 'CallFunc_Array_Get_Item'
	ThirdPersonGameMode_C /Game/Maps/UEDPIE_0_Lobby.Lobby:PersistentLevel.ThirdPersonGameMode_C_0
	Function /Game/ThirdPersonBP/Blueprints/ThirdPersonGameMode.ThirdPersonGameMode_C:SpawnRandomLocation:007F
[2015.04.07-12.15.53:233][219]PIE:Error: Error Accessed None 'CallFunc_Array_Get_Item' from node ReturnNode in blueprint ThirdPersonGameMode
[2015.04.07-12.15.53:234][219]LogArray:Warning: Attempted to get an item from array SpawnPoints out of bounds [0/0]!
[2015.04.07-12.15.53:234][219]LogScript:Warning: Accessed None 'CallFunc_Array_Get_Item'
	ThirdPersonGameMode_C /Game/Maps/UEDPIE_0_Lobby.Lobby:PersistentLevel.ThirdPersonGameMode_C_0
	Function /Game/ThirdPersonBP/Blueprints/ThirdPersonGameMode.ThirdPersonGameMode_C:SpawnRandomLocation:007F
[2015.04.07-12.15.53:234][219]PIE:Error: Error Accessed None 'CallFunc_Array_Get_Item' from node ReturnNode in blueprint ThirdPersonGameMode
[2015.04.07-12.15.53:236][219]LogArray:Warning: Attempted to get an item from array SpawnPoints out of bounds [0/0]!
[2015.04.07-12.15.53:236][219]LogScript:Warning: Accessed None 'CallFunc_Array_Get_Item'
	ThirdPersonGameMode_C /Game/Maps/UEDPIE_0_Lobby.Lobby:PersistentLevel.ThirdPersonGameMode_C_0
	Function /Game/ThirdPersonBP/Blueprints/ThirdPersonGameMode.ThirdPersonGameMode_C:SpawnRandomLocation:007F
[2015.04.07-12.15.53:236][219]PIE:Error: Error Accessed None 'CallFunc_Array_Get_Item' from node ReturnNode in blueprint ThirdPersonGameMode
[2015.04.07-12.15.53:238][219]LogArray:Warning: Attempted to get an item from array SpawnPoints out of bounds [0/0]!
[2015.04.07-12.15.53:238][219]LogScript:Warning: Accessed None 'CallFunc_Array_Get_Item'
	ThirdPersonGameMode_C /Game/Maps/UEDPIE_0_Lobby.Lobby:PersistentLevel.ThirdPersonGameMode_C_0
	Function /Game/ThirdPersonBP/Blueprints/ThirdPersonGameMode.ThirdPersonGameMode_C:SpawnRandomLocation:007F
[2015.04.07-12.15.53:238][219]PIE:Error: Error Accessed None 'CallFunc_Array_Get_Item' from node ReturnNode in blueprint ThirdPersonGameMode
[2015.04.07-12.15.53:240][219]LogArray:Warning: Attempted to get an item from array SpawnPoints out of bounds [0/0]!
[2015.04.07-12.15.53:240][219]LogScript:Warning: Accessed None 'CallFunc_Array_Get_Item'
	ThirdPersonGameMode_C /Game/Maps/UEDPIE_0_Lobby.Lobby:PersistentLevel.ThirdPersonGameMode_C_0
	Function /Game/ThirdPersonBP/Blueprints/ThirdPersonGameMode.ThirdPersonGameMode_C:SpawnRandomLocation:007F
[2015.04.07-12.15.53:240][219]PIE:Error: Error Accessed None 'CallFunc_Array_Get_Item' from node ReturnNode in blueprint ThirdPersonGameMode
[2015.04.07-12.15.53:241][219]LogArray:Warning: Attempted to get an item from array SpawnPoints out of bounds [0/0]!
[2015.04.07-12.15.53:241][219]LogScript:Warning: Accessed None 'CallFunc_Array_Get_Item'
	ThirdPersonGameMode_C /Game/Maps/UEDPIE_0_Lobby.Lobby:PersistentLevel.ThirdPersonGameMode_C_0
	Function /Game/ThirdPersonBP/Blueprints/ThirdPersonGameMode.ThirdPersonGameMode_C:SpawnRandomLocation:007F
[2015.04.07-12.15.53:241][219]PIE:Error: Error Accessed None 'CallFunc_Array_Get_Item' from node ReturnNode in blueprint ThirdPersonGameMode
[2015.04.07-12.15.53:243][219]LogArray:Warning: Attempted to get an item from array SpawnPoints out of bounds [0/0]!
[2015.04.07-12.15.53:243][219]LogScript:Warning: Accessed None 'CallFunc_Array_Get_Item'
	ThirdPersonGameMode_C /Game/Maps/UEDPIE_0_Lobby.Lobby:PersistentLevel.ThirdPersonGameMode_C_0
	Function /Game/ThirdPersonBP/Blueprints/ThirdPersonGameMode.ThirdPersonGameMode_C:SpawnRandomLocation:007F
[2015.04.07-12.15.53:243][219]PIE:Error: Error Accessed None 'CallFunc_Array_Get_Item' from node ReturnNode in blueprint ThirdPersonGameMode
[2015.04.07-12.15.53:244][219]LogArray:Warning: Attempted to get an item from array SpawnPoints out of bounds [0/0]!
[2015.04.07-12.15.53:244][219]LogScript:Warning: Accessed None 'CallFunc_Array_Get_Item'
	ThirdPersonGameMode_C /Game/Maps/UEDPIE_0_Lobby.Lobby:PersistentLevel.ThirdPersonGameMode_C_0
	Function /Game/ThirdPersonBP/Blueprints/ThirdPersonGameMode.ThirdPersonGameMode_C:SpawnRandomLocation:007F
[2015.04.07-12.15.53:244][219]PIE:Error: Error Accessed None 'CallFunc_Array_Get_Item' from node ReturnNode in blueprint ThirdPersonGameMode
[2015.04.07-12.15.53:246][219]LogArray:Warning: Attempted to get an item from array SpawnPoints out of bounds [0/0]!
[2015.04.07-12.15.53:246][219]LogScript:Warning: Accessed None 'CallFunc_Array_Get_Item'
	ThirdPersonGameMode_C /Game/Maps/UEDPIE_0_Lobby.Lobby:PersistentLevel.ThirdPersonGameMode_C_0
	Function /Game/ThirdPersonBP/Blueprints/ThirdPersonGameMode.ThirdPersonGameMode_C:SpawnRandomLocation:007F
[2015.04.07-12.15.53:246][219]PIE:Error: Error Accessed None 'CallFunc_Array_Get_Item' from node ReturnNode in blueprint ThirdPersonGameMode
[2015.04.07-12.15.53:247][219]LogArray:Warning: Attempted to get an item from array SpawnPoints out of bounds [0/0]!
[2015.04.07-12.15.53:247][219]LogScript:Warning: Accessed None 'CallFunc_Array_Get_Item'
	ThirdPersonGameMode_C /Game/Maps/UEDPIE_0_Lobby.Lobby:PersistentLevel.ThirdPersonGameMode_C_0
	Function /Game/ThirdPersonBP/Blueprints/ThirdPersonGameMode.ThirdPersonGameMode_C:SpawnRandomLocation:007F
[2015.04.07-12.15.53:247][219]PIE:Error: Error Accessed None 'CallFunc_Array_Get_Item' from node ReturnNode in blueprint ThirdPersonGameMode
[2015.04.07-12.15.53:249][219]LogArray:Warning: Attempted to get an item from array SpawnPoints out of bounds [0/0]!
[2015.04.07-12.15.53:249][219]LogScript:Warning: Accessed None 'CallFunc_Array_Get_Item'
	ThirdPersonGameMode_C /Game/Maps/UEDPIE_0_Lobby.Lobby:PersistentLevel.ThirdPersonGameMode_C_0
	Function /Game/ThirdPersonBP/Blueprints/ThirdPersonGameMode.ThirdPersonGameMode_C:SpawnRandomLocation:007F
[2015.04.07-12.15.53:249][219]PIE:Error: Error Accessed None 'CallFunc_Array_Get_Item' from node ReturnNode in blueprint ThirdPersonGameMode
[2015.04.07-12.15.53:250][219]LogArray:Warning: Attempted to get an item from array SpawnPoints out of bounds [0/0]!
[2015.04.07-12.15.53:250][219]LogScript:Warning: Accessed None 'CallFunc_Array_Get_Item'
	ThirdPersonGameMode_C /Game/Maps/UEDPIE_0_Lobby.Lobby:PersistentLevel.ThirdPersonGameMode_C_0
	Function /Game/ThirdPersonBP/Blueprints/ThirdPersonGameMode.ThirdPersonGameMode_C:SpawnRandomLocation:007F
[2015.04.07-12.15.53:250][219]PIE:Error: Error Accessed None 'CallFunc_Array_Get_Item' from node ReturnNode in blueprint ThirdPersonGameMode
[2015.04.07-12.15.53:252][219]LogArray:Warning: Attempted to get an item from array SpawnPoints out of bounds [0/0]!
[2015.04.07-12.15.53:252][219]LogScript:Warning: Accessed None 'CallFunc_Array_Get_Item'
	ThirdPersonGameMode_C /Game/Maps/UEDPIE_0_Lobby.Lobby:PersistentLevel.ThirdPersonGameMode_C_0
	Function /Game/ThirdPersonBP/Blueprints/ThirdPersonGameMode.ThirdPersonGameMode_C:SpawnRandomLocation:007F
[2015.04.07-12.15.53:252][219]PIE:Error: Error Accessed None 'CallFunc_Array_Get_Item' from node ReturnNode in blueprint ThirdPersonGameMode
[2015.04.07-12.15.53:254][219]LogArray:Warning: Attempted to get an item from array SpawnPoints out of bounds [0/0]!
[2015.04.07-12.15.53:254][219]LogScript:Warning: Accessed None 'CallFunc_Array_Get_Item'
	ThirdPersonGameMode_C /Game/Maps/UEDPIE_0_Lobby.Lobby:PersistentLevel.ThirdPersonGameMode_C_0
	Function /Game/ThirdPersonBP/Blueprints/ThirdPersonGameMode.ThirdPersonGameMode_C:SpawnRandomLocation:007F
[2015.04.07-12.15.53:254][219]PIE:Error: Error Accessed None 'CallFunc_Array_Get_Item' from node ReturnNode in blueprint ThirdPersonGameMode
[2015.04.07-12.15.53:256][219]LogArray:Warning: Attempted to get an item from array SpawnPoints out of bounds [0/0]!
[2015.04.07-12.15.53:256][219]LogScript:Warning: Accessed None 'CallFunc_Array_Get_Item'
	ThirdPersonGameMode_C /Game/Maps/UEDPIE_0_Lobby.Lobby:PersistentLevel.ThirdPersonGameMode_C_0
	Function /Game/ThirdPersonBP/Blueprints/ThirdPersonGameMode.ThirdPersonGameMode_C:SpawnRandomLocation:007F
[2015.04.07-12.15.53:256][219]PIE:Error: Error Accessed None 'CallFunc_Array_Get_Item' from node ReturnNode in blueprint ThirdPersonGameMode
[2015.04.07-12.15.53:258][219]LogArray:Warning: Attempted to get an item from array SpawnPoints out of bounds [0/0]!
[2015.04.07-12.15.53:258][219]LogScript:Warning: Accessed None 'CallFunc_Array_Get_Item'
	ThirdPersonGameMode_C /Game/Maps/UEDPIE_0_Lobby.Lobby:PersistentLevel.ThirdPersonGameMode_C_0
	Function /Game/ThirdPersonBP/Blueprints/ThirdPersonGameMode.ThirdPersonGameMode_C:SpawnRandomLocation:007F
[2015.04.07-12.15.53:258][219]PIE:Error: Error Accessed None 'CallFunc_Array_Get_Item' from node ReturnNode in blueprint ThirdPersonGameMode
[2015.04.07-12.15.53:259][219]LogArray:Warning: Attempted to get an item from array SpawnPoints out of bounds [0/0]!
[2015.04.07-12.15.53:259][219]LogScript:Warning: Accessed None 'CallFunc_Array_Get_Item'
	ThirdPersonGameMode_C /Game/Maps/UEDPIE_0_Lobby.Lobby:PersistentLevel.ThirdPersonGameMode_C_0
	Function /Game/ThirdPersonBP/Blueprints/ThirdPersonGameMode.ThirdPersonGameMode_C:SpawnRandomLocation:007F
[2015.04.07-12.15.53:259][219]PIE:Error: Error Accessed None 'CallFunc_Array_Get_Item' from node ReturnNode in blueprint ThirdPersonGameMode
[2015.04.07-12.15.53:261][219]LogArray:Warning: Attempted to get an item from array SpawnPoints out of bounds [0/0]!
[2015.04.07-12.15.53:261][219]LogScript:Warning: Accessed None 'CallFunc_Array_Get_Item'
	ThirdPersonGameMode_C /Game/Maps/UEDPIE_0_Lobby.Lobby:PersistentLevel.ThirdPersonGameMode_C_0
	Function /Game/ThirdPersonBP/Blueprints/ThirdPersonGameMode.ThirdPersonGameMode_C:SpawnRandomLocation:007F
[2015.04.07-12.15.53:261][219]PIE:Error: Error Accessed None 'CallFunc_Array_Get_Item' from node ReturnNode in blueprint ThirdPersonGameMode
[2015.04.07-12.15.53:262][219]LogArray:Warning: Attempted to get an item from array SpawnPoints out of bounds [0/0]!
[2015.04.07-12.15.53:262][219]LogScript:Warning: Accessed None 'CallFunc_Array_Get_Item'
	ThirdPersonGameMode_C /Game/Maps/UEDPIE_0_Lobby.Lobby:PersistentLevel.ThirdPersonGameMode_C_0
	Function /Game/ThirdPersonBP/Blueprints/ThirdPersonGameMode.ThirdPersonGameMode_C:SpawnRandomLocation:007F
[2015.04.07-12.15.53:262][219]PIE:Error: Error Accessed None 'CallFunc_Array_Get_Item' from node ReturnNode in blueprint ThirdPersonGameMode
[2015.04.07-12.15.53:264][219]LogArray:Warning: Attempted to get an item from array SpawnPoints out of bounds [0/0]!
[2015.04.07-12.15.53:264][219]LogScript:Warning: Accessed None 'CallFunc_Array_Get_Item'
	ThirdPersonGameMode_C /Game/Maps/UEDPIE_0_Lobby.Lobby:PersistentLevel.ThirdPersonGameMode_C_0
	Function /Game/ThirdPersonBP/Blueprints/ThirdPersonGameMode.ThirdPersonGameMode_C:SpawnRandomLocation:007F
[2015.04.07-12.15.53:264][219]PIE:Error: Error Accessed None 'CallFunc_Array_Get_Item' from node ReturnNode in blueprint ThirdPersonGameMode
[2015.04.07-12.15.53:265][219]LogArray:Warning: Attempted to get an item from array SpawnPoints out of bounds [0/0]!
[2015.04.07-12.15.53:265][219]LogScript:Warning: Accessed None 'CallFunc_Array_Get_Item'
	ThirdPersonGameMode_C /Game/Maps/UEDPIE_0_Lobby.Lobby:PersistentLevel.ThirdPersonGameMode_C_0
	Function /Game/ThirdPersonBP/Blueprints/ThirdPersonGameMode.ThirdPersonGameMode_C:SpawnRandomLocation:007F
[2015.04.07-12.15.53:265][219]PIE:Error: Error Accessed None 'CallFunc_Array_Get_Item' from node ReturnNode in blueprint ThirdPersonGameMode
[2015.04.07-12.15.53:267][219]LogArray:Warning: Attempted to get an item from array SpawnPoints out of bounds [0/0]!
[2015.04.07-12.15.53:267][219]LogScript:Warning: Accessed None 'CallFunc_Array_Get_Item'
	ThirdPersonGameMode_C /Game/Maps/UEDPIE_0_Lobby.Lobby:PersistentLevel.ThirdPersonGameMode_C_0
	Function /Game/ThirdPersonBP/Blueprints/ThirdPersonGameMode.ThirdPersonGameMode_C:SpawnRandomLocation:007F
[2015.04.07-12.15.53:267][219]PIE:Error: Error Accessed None 'CallFunc_Array_Get_Item' from node ReturnNode in blueprint ThirdPersonGameMode
[2015.04.07-12.15.53:268][219]LogArray:Warning: Attempted to get an item from array SpawnPoints out of bounds [0/0]!
[2015.04.07-12.15.53:268][219]LogScript:Warning: Accessed None 'CallFunc_Array_Get_Item'
	ThirdPersonGameMode_C /Game/Maps/UEDPIE_0_Lobby.Lobby:PersistentLevel.ThirdPersonGameMode_C_0
	Function /Game/ThirdPersonBP/Blueprints/ThirdPersonGameMode.ThirdPersonGameMode_C:SpawnRandomLocation:007F
[2015.04.07-12.15.53:269][219]PIE:Error: Error Accessed None 'CallFunc_Array_Get_Item' from node ReturnNode in blueprint ThirdPersonGameMode
[2015.04.07-12.15.53:270][219]LogArray:Warning: Attempted to get an item from array SpawnPoints out of bounds [0/0]!
[2015.04.07-12.15.53:270][219]LogScript:Warning: Accessed None 'CallFunc_Array_Get_Item'
	ThirdPersonGameMode_C /Game/Maps/UEDPIE_0_Lobby.Lobby:PersistentLevel.ThirdPersonGameMode_C_0
	Function /Game/ThirdPersonBP/Blueprints/ThirdPersonGameMode.ThirdPersonGameMode_C:SpawnRandomLocation:007F
[2015.04.07-12.15.53:270][219]PIE:Error: Error Accessed None 'CallFunc_Array_Get_Item' from node ReturnNode in blueprint ThirdPersonGameMode
[2015.04.07-12.15.53:272][219]LogArray:Warning: Attempted to get an item from array SpawnPoints out of bounds [0/0]!
[2015.04.07-12.15.53:272][219]LogScript:Warning: Accessed None 'CallFunc_Array_Get_Item'
	ThirdPersonGameMode_C /Game/Maps/UEDPIE_0_Lobby.Lobby:PersistentLevel.ThirdPersonGameMode_C_0
	Function /Game/ThirdPersonBP/Blueprints/ThirdPersonGameMode.ThirdPersonGameMode_C:SpawnRandomLocation:007F
[2015.04.07-12.15.53:272][219]PIE:Error: Error Accessed None 'CallFunc_Array_Get_Item' from node ReturnNode in blueprint ThirdPersonGameMode
[2015.04.07-12.15.53:274][219]LogArray:Warning: Attempted to get an item from array SpawnPoints out of bounds [0/0]!
[2015.04.07-12.15.53:274][219]LogScript:Warning: Accessed None 'CallFunc_Array_Get_Item'
	ThirdPersonGameMode_C /Game/Maps/UEDPIE_0_Lobby.Lobby:PersistentLevel.ThirdPersonGameMode_C_0
	Function /Game/ThirdPersonBP/Blueprints/ThirdPersonGameMode.ThirdPersonGameMode_C:SpawnRandomLocation:007F
[2015.04.07-12.15.53:274][219]PIE:Error: Error Accessed None 'CallFunc_Array_Get_Item' from node ReturnNode in blueprint ThirdPersonGameMode
[2015.04.07-12.15.53:275][219]LogArray:Warning: Attempted to get an item from array SpawnPoints out of bounds [0/0]!
[2015.04.07-12.15.53:275][219]LogScript:Warning: Accessed None 'CallFunc_Array_Get_Item'
	ThirdPersonGameMode_C /Game/Maps/UEDPIE_0_Lobby.Lobby:PersistentLevel.ThirdPersonGameMode_C_0
	Function /Game/ThirdPersonBP/Blueprints/ThirdPersonGameMode.ThirdPersonGameMode_C:SpawnRandomLocation:007F
[2015.04.07-12.15.53:275][219]PIE:Error: Error Accessed None 'CallFunc_Array_Get_Item' from node ReturnNode in blueprint ThirdPersonGameMode
[2015.04.07-12.15.53:277][219]LogArray:Warning: Attempted to get an item from array SpawnPoints out of bounds [0/0]!
[2015.04.07-12.15.53:277][219]LogScript:Warning: Accessed None 'CallFunc_Array_Get_Item'
	ThirdPersonGameMode_C /Game/Maps/UEDPIE_0_Lobby.Lobby:PersistentLevel.ThirdPersonGameMode_C_0
	Function /Game/ThirdPersonBP/Blueprints/ThirdPersonGameMode.ThirdPersonGameMode_C:SpawnRandomLocation:007F
[2015.04.07-12.15.53:277][219]PIE:Error: Error Accessed None 'CallFunc_Array_Get_Item' from node ReturnNode in blueprint ThirdPersonGameMode
[2015.04.07-12.15.53:278][219]LogArray:Warning: Attempted to get an item from array SpawnPoints out of bounds [0/0]!
[2015.04.07-12.15.53:278][219]LogScript:Warning: Accessed None 'CallFunc_Array_Get_Item'
	ThirdPersonGameMode_C /Game/Maps/UEDPIE_0_Lobby.Lobby:PersistentLevel.ThirdPersonGameMode_C_0
	Function /Game/ThirdPersonBP/Blueprints/ThirdPersonGameMode.ThirdPersonGameMode_C:SpawnRandomLocation:007F
[2015.04.07-12.15.53:278][219]PIE:Error: Error Accessed None 'CallFunc_Array_Get_Item' from node ReturnNode in blueprint ThirdPersonGameMode
[2015.04.07-12.15.53:280][219]LogArray:Warning: Attempted to get an item from array SpawnPoints out of bounds [0/0]!
[2015.04.07-12.15.53:280][219]LogScript:Warning: Accessed None 'CallFunc_Array_Get_Item'
	ThirdPersonGameMode_C /Game/Maps/UEDPIE_0_Lobby.Lobby:PersistentLevel.ThirdPersonGameMode_C_0
	Function /Game/ThirdPersonBP/Blueprints/ThirdPersonGameMode.ThirdPersonGameMode_C:SpawnRandomLocation:007F
[2015.04.07-12.15.53:280][219]PIE:Error: Error Accessed None 'CallFunc_Array_Get_Item' from node ReturnNode in blueprint ThirdPersonGameMode
[2015.04.07-12.15.53:281][219]LogArray:Warning: Attempted to get an item from array SpawnPoints out of bounds [0/0]!
[2015.04.07-12.15.53:281][219]LogScript:Warning: Accessed None 'CallFunc_Array_Get_Item'
	ThirdPersonGameMode_C /Game/Maps/UEDPIE_0_Lobby.Lobby:PersistentLevel.ThirdPersonGameMode_C_0
	Function /Game/ThirdPersonBP/Blueprints/ThirdPersonGameMode.ThirdPersonGameMode_C:SpawnRandomLocation:007F
[2015.04.07-12.15.53:281][219]PIE:Error: Error Accessed None 'CallFunc_Array_Get_Item' from node ReturnNode in blueprint ThirdPersonGameMode
[2015.04.07-12.15.53:283][219]LogArray:Warning: Attempted to get an item from array SpawnPoints out of bounds [0/0]!
[2015.04.07-12.15.53:283][219]LogScript:Warning: Accessed None 'CallFunc_Array_Get_Item'
	ThirdPersonGameMode_C /Game/Maps/UEDPIE_0_Lobby.Lobby:PersistentLevel.ThirdPersonGameMode_C_0
	Function /Game/ThirdPersonBP/Blueprints/ThirdPersonGameMode.ThirdPersonGameMode_C:SpawnRandomLocation:007F
[2015.04.07-12.15.53:283][219]PIE:Error: Error Accessed None 'CallFunc_Array_Get_Item' from node ReturnNode in blueprint ThirdPersonGameMode
[2015.04.07-12.15.53:284][219]LogArray:Warning: Attempted to get an item from array SpawnPoints out of bounds [0/0]!
[2015.04.07-12.15.53:284][219]LogScript:Warning: Accessed None 'CallFunc_Array_Get_Item'
	ThirdPersonGameMode_C /Game/Maps/UEDPIE_0_Lobby.Lobby:PersistentLevel.ThirdPersonGameMode_C_0
	Function /Game/ThirdPersonBP/Blueprints/ThirdPersonGameMode.ThirdPersonGameMode_C:SpawnRandomLocation:007F
[2015.04.07-12.15.53:285][219]PIE:Error: Error Accessed None 'CallFunc_Array_Get_Item' from node ReturnNode in blueprint ThirdPersonGameMode
[2015.04.07-12.15.53:286][219]LogArray:Warning: Attempted to get an item from array SpawnPoints out of bounds [0/0]!
[2015.04.07-12.15.53:286][219]LogScript:Warning: Accessed None 'CallFunc_Array_Get_Item'
	ThirdPersonGameMode_C /Game/Maps/UEDPIE_0_Lobby.Lobby:PersistentLevel.ThirdPersonGameMode_C_0
	Function /Game/ThirdPersonBP/Blueprints/ThirdPersonGameMode.ThirdPersonGameMode_C:SpawnRandomLocation:007F
[2015.04.07-12.15.53:286][219]PIE:Error: Error Accessed None 'CallFunc_Array_Get_Item' from node ReturnNode in blueprint ThirdPersonGameMode
[2015.04.07-12.15.53:288][219]LogArray:Warning: Attempted to get an item from array SpawnPoints out of bounds [0/0]!
[2015.04.07-12.15.53:288][219]LogScript:Warning: Accessed None 'CallFunc_Array_Get_Item'
	ThirdPersonGameMode_C /Game/Maps/UEDPIE_0_Lobby.Lobby:PersistentLevel.ThirdPersonGameMode_C_0
	Function /Game/ThirdPersonBP/Blueprints/ThirdPersonGameMode.ThirdPersonGameMode_C:SpawnRandomLocation:007F
[2015.04.07-12.15.53:288][219]PIE:Error: Error Accessed None 'CallFunc_Array_Get_Item' from node ReturnNode in blueprint ThirdPersonGameMode
[2015.04.07-12.15.53:290][219]LogArray:Warning: Attempted to get an item from array SpawnPoints out of bounds [0/0]!
[2015.04.07-12.15.53:290][219]LogScript:Warning: Accessed None 'CallFunc_Array_Get_Item'
	ThirdPersonGameMode_C /Game/Maps/UEDPIE_0_Lobby.Lobby:PersistentLevel.ThirdPersonGameMode_C_0
	Function /Game/ThirdPersonBP/Blueprints/ThirdPersonGameMode.ThirdPersonGameMode_C:SpawnRandomLocation:007F
[2015.04.07-12.15.53:290][219]PIE:Error: Error Accessed None 'CallFunc_Array_Get_Item' from node ReturnNode in blueprint ThirdPersonGameMode
[2015.04.07-12.15.53:292][219]LogArray:Warning: Attempted to get an item from array SpawnPoints out of bounds [0/0]!
[2015.04.07-12.15.53:292][219]LogScript:Warning: Accessed None 'CallFunc_Array_Get_Item'
	ThirdPersonGameMode_C /Game/Maps/UEDPIE_0_Lobby.Lobby:PersistentLevel.ThirdPersonGameMode_C_0
	Function /Game/ThirdPersonBP/Blueprints/ThirdPersonGameMode.ThirdPersonGameMode_C:SpawnRandomLocation:007F
[2015.04.07-12.15.53:292][219]PIE:Error: Error Accessed None 'CallFunc_Array_Get_Item' from node ReturnNode in blueprint ThirdPersonGameMode
[2015.04.07-12.15.53:293][219]LogArray:Warning: Attempted to get an item from array SpawnPoints out of bounds [0/0]!
[2015.04.07-12.15.53:293][219]LogScript:Warning: Accessed None 'CallFunc_Array_Get_Item'
	ThirdPersonGameMode_C /Game/Maps/UEDPIE_0_Lobby.Lobby:PersistentLevel.ThirdPersonGameMode_C_0
	Function /Game/ThirdPersonBP/Blueprints/ThirdPersonGameMode.ThirdPersonGameMode_C:SpawnRandomLocation:007F
[2015.04.07-12.15.53:293][219]PIE:Error: Error Accessed None 'CallFunc_Array_Get_Item' from node ReturnNode in blueprint ThirdPersonGameMode
[2015.04.07-12.15.53:295][219]LogArray:Warning: Attempted to get an item from array SpawnPoints out of bounds [0/0]!
[2015.04.07-12.15.53:295][219]LogScript:Warning: Accessed None 'CallFunc_Array_Get_Item'
	ThirdPersonGameMode_C /Game/Maps/UEDPIE_0_Lobby.Lobby:PersistentLevel.ThirdPersonGameMode_C_0
	Function /Game/ThirdPersonBP/Blueprints/ThirdPersonGameMode.ThirdPersonGameMode_C:SpawnRandomLocation:007F
[2015.04.07-12.15.53:295][219]PIE:Error: Error Accessed None 'CallFunc_Array_Get_Item' from node ReturnNode in blueprint ThirdPersonGameMode
[2015.04.07-12.15.53:296][219]LogArray:Warning: Attempted to get an item from array SpawnPoints out of bounds [0/0]!
[2015.04.07-12.15.53:296][219]LogScript:Warning: Accessed None 'CallFunc_Array_Get_Item'
	ThirdPersonGameMode_C /Game/Maps/UEDPIE_0_Lobby.Lobby:PersistentLevel.ThirdPersonGameMode_C_0
	Function /Game/ThirdPersonBP/Blueprints/ThirdPersonGameMode.ThirdPersonGameMode_C:SpawnRandomLocation:007F
[2015.04.07-12.15.53:296][219]PIE:Error: Error Accessed None 'CallFunc_Array_Get_Item' from node ReturnNode in blueprint ThirdPersonGameMode
[2015.04.07-12.15.53:298][219]LogArray:Warning: Attempted to get an item from array SpawnPoints out of bounds [0/0]!
[2015.04.07-12.15.53:298][219]LogScript:Warning: Accessed None 'CallFunc_Array_Get_Item'
	ThirdPersonGameMode_C /Game/Maps/UEDPIE_0_Lobby.Lobby:PersistentLevel.ThirdPersonGameMode_C_0
	Function /Game/ThirdPersonBP/Blueprints/ThirdPersonGameMode.ThirdPersonGameMode_C:SpawnRandomLocation:007F
[2015.04.07-12.15.53:298][219]PIE:Error: Error Accessed None 'CallFunc_Array_Get_Item' from node ReturnNode in blueprint ThirdPersonGameMode
[2015.04.07-12.15.53:299][219]LogArray:Warning: Attempted to get an item from array SpawnPoints out of bounds [0/0]!
[2015.04.07-12.15.53:299][219]LogScript:Warning: Accessed None 'CallFunc_Array_Get_Item'
	ThirdPersonGameMode_C /Game/Maps/UEDPIE_0_Lobby.Lobby:PersistentLevel.ThirdPersonGameMode_C_0
	Function /Game/ThirdPersonBP/Blueprints/ThirdPersonGameMode.ThirdPersonGameMode_C:SpawnRandomLocation:007F
[2015.04.07-12.15.53:299][219]PIE:Error: Error Accessed None 'CallFunc_Array_Get_Item' from node ReturnNode in blueprint ThirdPersonGameMode
[2015.04.07-12.15.53:301][219]LogArray:Warning: Attempted to get an item from array SpawnPoints out of bounds [0/0]!
[2015.04.07-12.15.53:301][219]LogScript:Warning: Accessed None 'CallFunc_Array_Get_Item'
	ThirdPersonGameMode_C /Game/Maps/UEDPIE_0_Lobby.Lobby:PersistentLevel.ThirdPersonGameMode_C_0
	Function /Game/ThirdPersonBP/Blueprints/ThirdPersonGameMode.ThirdPersonGameMode_C:SpawnRandomLocation:007F
[2015.04.07-12.15.53:301][219]PIE:Error: Error Accessed None 'CallFunc_Array_Get_Item' from node ReturnNode in blueprint ThirdPersonGameMode
[2015.04.07-12.15.53:303][219]LogArray:Warning: Attempted to get an item from array SpawnPoints out of bounds [0/0]!
[2015.04.07-12.15.53:303][219]LogScript:Warning: Accessed None 'CallFunc_Array_Get_Item'
	ThirdPersonGameMode_C /Game/Maps/UEDPIE_0_Lobby.Lobby:PersistentLevel.ThirdPersonGameMode_C_0
	Function /Game/ThirdPersonBP/Blueprints/ThirdPersonGameMode.ThirdPersonGameMode_C:SpawnRandomLocation:007F
[2015.04.07-12.15.53:303][219]PIE:Error: Error Accessed None 'CallFunc_Array_Get_Item' from node ReturnNode in blueprint ThirdPersonGameMode
[2015.04.07-12.15.53:305][219]LogArray:Warning: Attempted to get an item from array SpawnPoints out of bounds [0/0]!
[2015.04.07-12.15.53:305][219]LogScript:Warning: Accessed None 'CallFunc_Array_Get_Item'
	ThirdPersonGameMode_C /Game/Maps/UEDPIE_0_Lobby.Lobby:PersistentLevel.ThirdPersonGameMode_C_0
	Function /Game/ThirdPersonBP/Blueprints/ThirdPersonGameMode.ThirdPersonGameMode_C:SpawnRandomLocation:007F
[2015.04.07-12.15.53:305][219]PIE:Error: Error Accessed None 'CallFunc_Array_Get_Item' from node ReturnNode in blueprint ThirdPersonGameMode
[2015.04.07-12.15.53:307][219]LogArray:Warning: Attempted to get an item from array SpawnPoints out of bounds [0/0]!
[2015.04.07-12.15.53:307][219]LogScript:Warning: Accessed None 'CallFunc_Array_Get_Item'
	ThirdPersonGameMode_C /Game/Maps/UEDPIE_0_Lobby.Lobby:PersistentLevel.ThirdPersonGameMode_C_0
	Function /Game/ThirdPersonBP/Blueprints/ThirdPersonGameMode.ThirdPersonGameMode_C:SpawnRandomLocation:007F
[2015.04.07-12.15.53:307][219]PIE:Error: Error Accessed None 'CallFunc_Array_Get_Item' from node ReturnNode in blueprint ThirdPersonGameMode
[2015.04.07-12.15.53:309][219]LogArray:Warning: Attempted to get an item from array SpawnPoints out of bounds [0/0]!
[2015.04.07-12.15.53:309][219]LogScript:Warning: Accessed None 'CallFunc_Array_Get_Item'
	ThirdPersonGameMode_C /Game/Maps/UEDPIE_0_Lobby.Lobby:PersistentLevel.ThirdPersonGameMode_C_0
	Function /Game/ThirdPersonBP/Blueprints/ThirdPersonGameMode.ThirdPersonGameMode_C:SpawnRandomLocation:007F
[2015.04.07-12.15.53:309][219]PIE:Error: Error Accessed None 'CallFunc_Array_Get_Item' from node ReturnNode in blueprint ThirdPersonGameMode
[2015.04.07-12.15.53:310][219]LogArray:Warning: Attempted to get an item from array SpawnPoints out of bounds [0/0]!
[2015.04.07-12.15.53:310][219]LogScript:Warning: Accessed None 'CallFunc_Array_Get_Item'
	ThirdPersonGameMode_C /Game/Maps/UEDPIE_0_Lobby.Lobby:PersistentLevel.ThirdPersonGameMode_C_0
	Function /Game/ThirdPersonBP/Blueprints/ThirdPersonGameMode.ThirdPersonGameMode_C:SpawnRandomLocation:007F
[2015.04.07-12.15.53:311][219]PIE:Error: Error Accessed None 'CallFunc_Array_Get_Item' from node ReturnNode in blueprint ThirdPersonGameMode
[2015.04.07-12.15.53:312][219]LogArray:Warning: Attempted to get an item from array SpawnPoints out of bounds [0/0]!
[2015.04.07-12.15.53:312][219]LogScript:Warning: Accessed None 'CallFunc_Array_Get_Item'
	ThirdPersonGameMode_C /Game/Maps/UEDPIE_0_Lobby.Lobby:PersistentLevel.ThirdPersonGameMode_C_0
	Function /Game/ThirdPersonBP/Blueprints/ThirdPersonGameMode.ThirdPersonGameMode_C:SpawnRandomLocation:007F
[2015.04.07-12.15.53:312][219]PIE:Error: Error Accessed None 'CallFunc_Array_Get_Item' from node ReturnNode in blueprint ThirdPersonGameMode
[2015.04.07-12.15.53:313][219]LogArray:Warning: Attempted to get an item from array SpawnPoints out of bounds [0/0]!
[2015.04.07-12.15.53:314][219]LogScript:Warning: Accessed None 'CallFunc_Array_Get_Item'
	ThirdPersonGameMode_C /Game/Maps/UEDPIE_0_Lobby.Lobby:PersistentLevel.ThirdPersonGameMode_C_0
	Function /Game/ThirdPersonBP/Blueprints/ThirdPersonGameMode.ThirdPersonGameMode_C:SpawnRandomLocation:007F
[2015.04.07-12.15.53:314][219]PIE:Error: Error Accessed None 'CallFunc_Array_Get_Item' from node ReturnNode in blueprint ThirdPersonGameMode
[2015.04.07-12.15.53:315][219]LogArray:Warning: Attempted to get an item from array SpawnPoints out of bounds [0/0]!
[2015.04.07-12.15.53:315][219]LogScript:Warning: Accessed None 'CallFunc_Array_Get_Item'
	ThirdPersonGameMode_C /Game/Maps/UEDPIE_0_Lobby.Lobby:PersistentLevel.ThirdPersonGameMode_C_0
	Function /Game/ThirdPersonBP/Blueprints/ThirdPersonGameMode.ThirdPersonGameMode_C:SpawnRandomLocation:007F
[2015.04.07-12.15.53:315][219]PIE:Error: Error Accessed None 'CallFunc_Array_Get_Item' from node ReturnNode in blueprint ThirdPersonGameMode
[2015.04.07-12.15.53:317][219]LogArray:Warning: Attempted to get an item from array SpawnPoints out of bounds [0/0]!
[2015.04.07-12.15.53:317][219]LogScript:Warning: Accessed None 'CallFunc_Array_Get_Item'
	ThirdPersonGameMode_C /Game/Maps/UEDPIE_0_Lobby.Lobby:PersistentLevel.ThirdPersonGameMode_C_0
	Function /Game/ThirdPersonBP/Blueprints/ThirdPersonGameMode.ThirdPersonGameMode_C:SpawnRandomLocation:007F
[2015.04.07-12.15.53:317][219]PIE:Error: Error Accessed None 'CallFunc_Array_Get_Item' from node ReturnNode in blueprint ThirdPersonGameMode
[2015.04.07-12.15.53:318][219]LogArray:Warning: Attempted to get an item from array SpawnPoints out of bounds [0/0]!
[2015.04.07-12.15.53:318][219]LogScript:Warning: Accessed None 'CallFunc_Array_Get_Item'
	ThirdPersonGameMode_C /Game/Maps/UEDPIE_0_Lobby.Lobby:PersistentLevel.ThirdPersonGameMode_C_0
	Function /Game/ThirdPersonBP/Blueprints/ThirdPersonGameMode.ThirdPersonGameMode_C:SpawnRandomLocation:007F
[2015.04.07-12.15.53:319][219]PIE:Error: Error Accessed None 'CallFunc_Array_Get_Item' from node ReturnNode in blueprint ThirdPersonGameMode
[2015.04.07-12.15.53:320][219]LogArray:Warning: Attempted to get an item from array SpawnPoints out of bounds [0/0]!
[2015.04.07-12.15.53:320][219]LogScript:Warning: Accessed None 'CallFunc_Array_Get_Item'
	ThirdPersonGameMode_C /Game/Maps/UEDPIE_0_Lobby.Lobby:PersistentLevel.ThirdPersonGameMode_C_0
	Function /Game/ThirdPersonBP/Blueprints/ThirdPersonGameMode.ThirdPersonGameMode_C:SpawnRandomLocation:007F
[2015.04.07-12.15.53:320][219]PIE:Error: Error Accessed None 'CallFunc_Array_Get_Item' from node ReturnNode in blueprint ThirdPersonGameMode
[2015.04.07-12.15.53:322][219]LogArray:Warning: Attempted to get an item from array SpawnPoints out of bounds [0/0]!
[2015.04.07-12.15.53:322][219]LogScript:Warning: Accessed None 'CallFunc_Array_Get_Item'
	ThirdPersonGameMode_C /Game/Maps/UEDPIE_0_Lobby.Lobby:PersistentLevel.ThirdPersonGameMode_C_0
	Function /Game/ThirdPersonBP/Blueprints/ThirdPersonGameMode.ThirdPersonGameMode_C:SpawnRandomLocation:007F
[2015.04.07-12.15.53:322][219]PIE:Error: Error Accessed None 'CallFunc_Array_Get_Item' from node ReturnNode in blueprint ThirdPersonGameMode
[2015.04.07-12.15.53:324][219]LogArray:Warning: Attempted to get an item from array SpawnPoints out of bounds [0/0]!
[2015.04.07-12.15.53:324][219]LogScript:Warning: Accessed None 'CallFunc_Array_Get_Item'
	ThirdPersonGameMode_C /Game/Maps/UEDPIE_0_Lobby.Lobby:PersistentLevel.ThirdPersonGameMode_C_0
	Function /Game/ThirdPersonBP/Blueprints/ThirdPersonGameMode.ThirdPersonGameMode_C:SpawnRandomLocation:007F
[2015.04.07-12.15.53:324][219]PIE:Error: Error Accessed None 'CallFunc_Array_Get_Item' from node ReturnNode in blueprint ThirdPersonGameMode
[2015.04.07-12.15.53:325][219]LogArray:Warning: Attempted to get an item from array SpawnPoints out of bounds [0/0]!
[2015.04.07-12.15.53:325][219]LogScript:Warning: Accessed None 'CallFunc_Array_Get_Item'
	ThirdPersonGameMode_C /Game/Maps/UEDPIE_0_Lobby.Lobby:PersistentLevel.ThirdPersonGameMode_C_0
	Function /Game/ThirdPersonBP/Blueprints/ThirdPersonGameMode.ThirdPersonGameMode_C:SpawnRandomLocation:007F
[2015.04.07-12.15.53:326][219]PIE:Error: Error Accessed None 'CallFunc_Array_Get_Item' from node ReturnNode in blueprint ThirdPersonGameMode
[2015.04.07-12.15.53:327][219]LogArray:Warning: Attempted to get an item from array SpawnPoints out of bounds [0/0]!
[2015.04.07-12.15.53:327][219]LogScript:Warning: Accessed None 'CallFunc_Array_Get_Item'
	ThirdPersonGameMode_C /Game/Maps/UEDPIE_0_Lobby.Lobby:PersistentLevel.ThirdPersonGameMode_C_0
	Function /Game/ThirdPersonBP/Blueprints/ThirdPersonGameMode.ThirdPersonGameMode_C:SpawnRandomLocation:007F
[2015.04.07-12.15.53:327][219]PIE:Error: Error Accessed None 'CallFunc_Array_Get_Item' from node ReturnNode in blueprint ThirdPersonGameMode
[2015.04.07-12.15.53:328][219]LogArray:Warning: Attempted to get an item from array SpawnPoints out of bounds [0/0]!
[2015.04.07-12.15.53:328][219]LogScript:Warning: Accessed None 'CallFunc_Array_Get_Item'
	ThirdPersonGameMode_C /Game/Maps/UEDPIE_0_Lobby.Lobby:PersistentLevel.ThirdPersonGameMode_C_0
	Function /Game/ThirdPersonBP/Blueprints/ThirdPersonGameMode.ThirdPersonGameMode_C:SpawnRandomLocation:007F
[2015.04.07-12.15.53:329][219]PIE:Error: Error Accessed None 'CallFunc_Array_Get_Item' from node ReturnNode in blueprint ThirdPersonGameMode
[2015.04.07-12.15.53:330][219]LogArray:Warning: Attempted to get an item from array SpawnPoints out of bounds [0/0]!
[2015.04.07-12.15.53:330][219]LogScript:Warning: Accessed None 'CallFunc_Array_Get_Item'
	ThirdPersonGameMode_C /Game/Maps/UEDPIE_0_Lobby.Lobby:PersistentLevel.ThirdPersonGameMode_C_0
	Function /Game/ThirdPersonBP/Blueprints/ThirdPersonGameMode.ThirdPersonGameMode_C:SpawnRandomLocation:007F
[2015.04.07-12.15.53:330][219]PIE:Error: Error Accessed None 'CallFunc_Array_Get_Item' from node ReturnNode in blueprint ThirdPersonGameMode
[2015.04.07-12.15.53:332][219]LogArray:Warning: Attempted to get an item from array SpawnPoints out of bounds [0/0]!
[2015.04.07-12.15.53:332][219]LogScript:Warning: Accessed None 'CallFunc_Array_Get_Item'
	ThirdPersonGameMode_C /Game/Maps/UEDPIE_0_Lobby.Lobby:PersistentLevel.ThirdPersonGameMode_C_0
	Function /Game/ThirdPersonBP/Blueprints/ThirdPersonGameMode.ThirdPersonGameMode_C:SpawnRandomLocation:007F
[2015.04.07-12.15.53:332][219]PIE:Error: Error Accessed None 'CallFunc_Array_Get_Item' from node ReturnNode in blueprint ThirdPersonGameMode
[2015.04.07-12.15.53:333][219]LogArray:Warning: Attempted to get an item from array SpawnPoints out of bounds [0/0]!
[2015.04.07-12.15.53:333][219]LogScript:Warning: Accessed None 'CallFunc_Array_Get_Item'
	ThirdPersonGameMode_C /Game/Maps/UEDPIE_0_Lobby.Lobby:PersistentLevel.ThirdPersonGameMode_C_0
	Function /Game/ThirdPersonBP/Blueprints/ThirdPersonGameMode.ThirdPersonGameMode_C:SpawnRandomLocation:007F
[2015.04.07-12.15.53:333][219]PIE:Error: Error Accessed None 'CallFunc_Array_Get_Item' from node ReturnNode in blueprint ThirdPersonGameMode
[2015.04.07-12.15.53:335][219]LogArray:Warning: Attempted to get an item from array SpawnPoints out of bounds [0/0]!
[2015.04.07-12.15.53:335][219]LogScript:Warning: Accessed None 'CallFunc_Array_Get_Item'
	ThirdPersonGameMode_C /Game/Maps/UEDPIE_0_Lobby.Lobby:PersistentLevel.ThirdPersonGameMode_C_0
	Function /Game/ThirdPersonBP/Blueprints/ThirdPersonGameMode.ThirdPersonGameMode_C:SpawnRandomLocation:007F
[2015.04.07-12.15.53:335][219]PIE:Error: Error Accessed None 'CallFunc_Array_Get_Item' from node ReturnNode in blueprint ThirdPersonGameMode
[2015.04.07-12.15.53:337][219]LogWindows:Error: Windows GetLastError: The operation completed successfully. (0)
[2015.04.07-12.15.53:337][219]LogCrashTracker: 


[2015.04.07-12.15.57:072][219]LogCrashTracker: 


[2015.04.07-12.15.57:072][219]LogWindows: === Critical error: ===
Assertion failed: Iterations < 100 [File:D:\BuildFarm\buildmachine_++depot+UE4-Releases+4.7\Engine\Source\Runtime\Engine\Private\TickTaskManager.cpp] [Line: 729] 



KERNELBASE.dll!UnknownFunction (0x00007fff58cf606c) + 0 bytes [UnknownFile:0]
UE4Editor-Core.dll!FOutputDeviceWindowsError::Serialize() (0x00007fff2b358014) + 0 bytes [d:\buildfarm\buildmachine_++depot+ue4-releases+4.7\engine\source\runtime\core\private\windows\windowsplatformoutputdevices.cpp:95]
UE4Editor-Core.dll!FOutputDevice::Logf__VA() (0x00007fff2b1d7818) + 159 bytes [d:\buildfarm\buildmachine_++depot+ue4-releases+4.7\engine\source\runtime\core\private\misc\outputdevice.cpp:144]
UE4Editor-Core.dll!FDebug::AssertFailed() (0x00007fff2b1b8b17) + 62 bytes [d:\buildfarm\buildmachine_++depot+ue4-releases+4.7\engine\source\runtime\core\private\misc\outputdevice.cpp:224]
UE4Editor-Engine.dll!FTickTaskManager::RunTickGroup() (0x00007fff24e7703a) + 0 bytes [d:\buildfarm\buildmachine_++depot+ue4-releases+4.7\engine\source\runtime\engine\private\ticktaskmanager.cpp:730]
UE4Editor-Engine.dll!UWorld::RunTickGroup() (0x00007fff24b03ea6) + 0 bytes [d:\buildfarm\buildmachine_++depot+ue4-releases+4.7\engine\source\runtime\engine\private\leveltick.cpp:696]
UE4Editor-Engine.dll!UWorld::Tick() (0x00007fff24b0bcac) + 0 bytes [d:\buildfarm\buildmachine_++depot+ue4-releases+4.7\engine\source\runtime\engine\private\leveltick.cpp:1222]
UE4Editor-UnrealEd.dll!UEditorEngine::Tick() (0x00007fff231ae502) + 0 bytes [d:\buildfarm\buildmachine_++depot+ue4-releases+4.7\engine\source\editor\unrealed\private\editor.cpp:1329]
UE4Editor-UnrealEd.dll!UUnrealEdEngine::Tick() (0x00007fff23668186) + 0 bytes [d:\buildfarm\buildmachine_++depot+ue4-releases+4.7\engine\source\editor\unrealed\private\unrealedengine.cpp:347]
UE4Editor.exe!FEngineLoop::Tick() (0x00007ff7a1320263) + 0 bytes [d:\buildfarm\buildmachine_++depot+ue4-releases+4.7\engine\source\runtime\launch\private\launchengineloop.cpp:2257]
UE4Editor.exe!GuardedMain() (0x00007ff7a131267c) + 0 bytes [d:\buildfarm\buildmachine_++depot+ue4-releases+4.7\engine\source\runtime\launch\private\launch.cpp:142]
UE4Editor.exe!GuardedMainWrapper() (0x00007ff7a13126ea) + 5 bytes [d:\buildfarm\buildmachine_++depot+ue4-releases+4.7\engine\source\runtime\launch\private\windows\launchwindows.cpp:126]
UE4Editor.exe!WinMain() (0x00007ff7a1322219) + 17 bytes [d:\buildfarm\buildmachine_++depot+ue4-releases+4.7\engine\source\runtime\launch\private\windows\launchwindows.cpp:202]
UE4Editor.exe!__tmainCRTStartup() (0x00007ff7a1323159) + 21 bytes [f:\dd\vctools\crt\crtw32\dllstuff\crtexe.c:618]
KERNEL32.DLL!UnknownFunction (0x00007fff5b6c16ad) + 0 bytes [UnknownFile:0]
ntdll.dll!UnknownFunction (0x00007fff5ba4e954) + 0 bytes [UnknownFile:0]
ntdll.dll!UnknownFunction (0x00007fff5ba4e954) + 0 bytes [UnknownFile:0]


[2015.04.07-12.15.57:166][219]LogExit: Executing StaticShutdownAfterError
[2015.04.07-12.15.57:173][219]LogWindows: FPlatformMisc::RequestExit(1)
[2015.04.07-12.15.57:173][219]Log file closed, 04/08/15 00:15:57
